<?xml version="1.0" encoding="UTF-8"?>
<coverage generated="1768364380531" clover="3.2.0">
  <project timestamp="1768364380531" name="All files">
    <metrics statements="2219" coveredstatements="1814" conditionals="2392" coveredconditionals="1441" methods="423" coveredmethods="348" elements="5034" coveredelements="3603" complexity="0" loc="2219" ncloc="2219" packages="5" files="41" classes="41"/>
    <package name="components">
      <metrics statements="451" coveredstatements="228" conditionals="704" coveredconditionals="227" methods="120" coveredmethods="60"/>
      <file name="OverviewPanel.vue" path="/Users/petri/Documents/development/activity_viewer/components/OverviewPanel.vue">
        <metrics statements="436" coveredstatements="216" conditionals="690" coveredconditionals="214" methods="113" coveredmethods="56"/>
        <line num="2" count="2" type="stmt"/>
        <line num="3" count="2" type="stmt"/>
        <line num="11" count="2" type="stmt"/>
        <line num="38" count="2" type="stmt"/>
        <line num="39" count="2" type="stmt"/>
        <line num="42" count="2" type="stmt"/>
        <line num="52" count="0" type="cond" truecount="2" falsecount="0"/>
        <line num="67" count="2" type="cond" truecount="2" falsecount="0"/>
        <line num="97" count="4" type="stmt"/>
        <line num="105" count="2" type="stmt"/>
        <line num="106" count="2" type="stmt"/>
        <line num="107" count="2" type="stmt"/>
        <line num="114" count="19" type="stmt"/>
        <line num="119" count="2" type="stmt"/>
        <line num="131" count="2" type="stmt"/>
        <line num="132" count="2" type="stmt"/>
        <line num="134" count="2" type="stmt"/>
        <line num="138" count="19" type="stmt"/>
        <line num="154" count="2" type="stmt"/>
        <line num="156" count="2" type="stmt"/>
        <line num="160" count="19" type="stmt"/>
        <line num="182" count="0" type="stmt"/>
        <line num="195" count="2" type="stmt"/>
        <line num="199" count="0" type="stmt"/>
        <line num="228" count="2" type="stmt"/>
        <line num="235" count="0" type="stmt"/>
        <line num="241" count="2" type="stmt"/>
        <line num="247" count="2" type="stmt"/>
        <line num="276" count="2" type="stmt"/>
        <line num="282" count="2" type="stmt"/>
        <line num="311" count="2" type="stmt"/>
        <line num="317" count="2" type="stmt"/>
        <line num="349" count="2" type="stmt"/>
        <line num="356" count="0" type="stmt"/>
        <line num="362" count="2" type="stmt"/>
        <line num="368" count="2" type="stmt"/>
        <line num="399" count="2" type="stmt"/>
        <line num="405" count="2" type="stmt"/>
        <line num="439" count="30" type="stmt"/>
        <line num="441" count="2" type="stmt"/>
        <line num="447" count="34" type="stmt"/>
        <line num="479" count="2" type="stmt"/>
        <line num="488" count="0" type="stmt"/>
        <line num="494" count="2" type="stmt"/>
        <line num="500" count="9" type="stmt"/>
        <line num="529" count="2" type="stmt"/>
        <line num="535" count="9" type="stmt"/>
        <line num="564" count="2" type="stmt"/>
        <line num="570" count="9" type="stmt"/>
        <line num="602" count="2" type="stmt"/>
        <line num="609" count="0" type="stmt"/>
        <line num="615" count="2" type="stmt"/>
        <line num="621" count="0" type="stmt"/>
        <line num="637" count="0" type="stmt"/>
        <line num="653" count="0" type="stmt"/>
        <line num="669" count="0" type="stmt"/>
        <line num="685" count="0" type="stmt"/>
        <line num="705" count="2" type="stmt"/>
        <line num="714" count="0" type="stmt"/>
        <line num="720" count="2" type="stmt"/>
        <line num="726" count="0" type="stmt"/>
        <line num="762" count="2" type="stmt"/>
        <line num="768" count="0" type="stmt"/>
        <line num="804" count="2" type="stmt"/>
        <line num="810" count="0" type="stmt"/>
        <line num="850" count="2" type="stmt"/>
        <line num="857" count="0" type="stmt"/>
        <line num="863" count="4" type="stmt"/>
        <line num="865" count="2" type="stmt"/>
        <line num="869" count="4" type="stmt"/>
        <line num="922" count="15" type="stmt"/>
        <line num="923" count="15" type="stmt"/>
        <line num="924" count="15" type="stmt"/>
        <line num="925" count="15" type="stmt"/>
        <line num="926" count="15" type="stmt"/>
        <line num="928" count="15" type="stmt"/>
        <line num="929" count="15" type="stmt"/>
        <line num="930" count="15" type="stmt"/>
        <line num="932" count="15" type="stmt"/>
        <line num="933" count="15" type="cond" truecount="2" falsecount="0"/>
        <line num="934" count="15" type="stmt"/>
        <line num="935" count="15" type="cond" truecount="2" falsecount="0"/>
        <line num="942" count="15" type="stmt"/>
        <line num="943" count="15" type="stmt"/>
        <line num="945" count="15" type="stmt"/>
        <line num="948" count="15" type="cond" truecount="2" falsecount="0"/>
        <line num="949" count="1" type="stmt"/>
        <line num="950" count="1" type="stmt"/>
        <line num="952" count="14" type="cond" truecount="2" falsecount="2"/>
        <line num="953" count="14" type="stmt"/>
        <line num="954" count="14" type="cond" truecount="1" falsecount="1"/>
        <line num="955" count="14" type="stmt"/>
        <line num="963" count="0" type="stmt"/>
        <line num="964" count="0" type="stmt"/>
        <line num="967" count="15" type="stmt"/>
        <line num="968" count="0" type="stmt"/>
        <line num="969" count="0" type="stmt"/>
        <line num="972" count="15" type="stmt"/>
        <line num="973" count="1" type="stmt"/>
        <line num="981" count="15" type="stmt"/>
        <line num="991" count="15" type="stmt"/>
        <line num="993" count="15" type="stmt"/>
        <line num="995" count="15" type="stmt"/>
        <line num="997" count="15" type="stmt"/>
        <line num="998" count="18" type="stmt"/>
        <line num="999" count="144" type="stmt"/>
        <line num="1000" count="144" type="stmt"/>
        <line num="1001" count="144" type="cond" truecount="1" falsecount="1"/>
        <line num="1002" count="144" type="stmt"/>
        <line num="1003" count="144" type="cond" truecount="3" falsecount="0"/>
        <line num="1007" count="18" type="cond" truecount="2" falsecount="0"/>
        <line num="1008" count="61" type="stmt"/>
        <line num="1011" count="2" type="stmt"/>
        <line num="1014" count="15" type="stmt"/>
        <line num="1015" count="78" type="stmt"/>
        <line num="1016" count="78" type="stmt"/>
        <line num="1017" count="78" type="cond" truecount="1" falsecount="1"/>
        <line num="1020" count="15" type="stmt"/>
        <line num="1021" count="81" type="cond" truecount="1" falsecount="1"/>
        <line num="1024" count="15" type="stmt"/>
        <line num="1025" count="6" type="stmt"/>
        <line num="1026" count="6" type="stmt"/>
        <line num="1027" count="6" type="cond" truecount="1" falsecount="1"/>
        <line num="1030" count="15" type="stmt"/>
        <line num="1040" count="15" type="stmt"/>
        <line num="1041" count="15" type="stmt"/>
        <line num="1042" count="15" type="stmt"/>
        <line num="1043" count="15" type="stmt"/>
        <line num="1046" count="15" type="cond" truecount="1" falsecount="1"/>
        <line num="1047" count="0" type="stmt"/>
        <line num="1048" count="0" type="stmt"/>
        <line num="1050" count="0" type="stmt"/>
        <line num="1054" count="15" type="stmt"/>
        <line num="1055" count="15" type="stmt"/>
        <line num="1059" count="15" type="cond" truecount="2" falsecount="0"/>
        <line num="1060" count="11" type="stmt"/>
        <line num="1061" count="13" type="stmt"/>
        <line num="1063" count="11" type="stmt"/>
        <line num="1067" count="4" type="stmt"/>
        <line num="1068" count="4" type="cond" truecount="1" falsecount="1"/>
        <line num="1069" count="0" type="stmt"/>
        <line num="1070" count="0" type="stmt"/>
        <line num="1072" count="0" type="stmt"/>
        <line num="1075" count="4" type="stmt"/>
        <line num="1080" count="4" type="stmt"/>
        <line num="1081" count="4" type="stmt"/>
        <line num="1082" count="4" type="stmt"/>
        <line num="1085" count="4" type="stmt"/>
        <line num="1086" count="4" type="stmt"/>
        <line num="1091" count="4" type="stmt"/>
        <line num="1094" count="15" type="stmt"/>
        <line num="1095" count="16" type="stmt"/>
        <line num="1096" count="16" type="cond" truecount="2" falsecount="0"/>
        <line num="1099" count="15" type="stmt"/>
        <line num="1100" count="4" type="cond" truecount="1" falsecount="1"/>
        <line num="1102" count="4" type="stmt"/>
        <line num="1103" count="4" type="stmt"/>
        <line num="1104" count="4" type="stmt"/>
        <line num="1106" count="4" type="cond" truecount="1" falsecount="1"/>
        <line num="1108" count="4" type="stmt"/>
        <line num="1113" count="4" type="stmt"/>
        <line num="1114" count="4" type="stmt"/>
        <line num="1116" count="4" type="stmt"/>
        <line num="1119" count="15" type="stmt"/>
        <line num="1120" count="2" type="cond" truecount="1" falsecount="1"/>
        <line num="1121" count="2" type="stmt"/>
        <line num="1122" count="2" type="cond" truecount="1" falsecount="1"/>
        <line num="1123" count="2" type="cond" truecount="1" falsecount="1"/>
        <line num="1126" count="15" type="stmt"/>
        <line num="1127" count="16" type="stmt"/>
        <line num="1129" count="15" type="cond" truecount="3" falsecount="0"/>
        <line num="1135" count="15" type="stmt"/>
        <line num="1136" count="2" type="stmt"/>
        <line num="1138" count="2" type="cond" truecount="1" falsecount="1"/>
        <line num="1142" count="15" type="stmt"/>
        <line num="1144" count="15" type="stmt"/>
        <line num="1145" count="2" type="stmt"/>
        <line num="1147" count="2" type="cond" truecount="1" falsecount="1"/>
        <line num="1152" count="15" type="cond" truecount="1" falsecount="1"/>
        <line num="1154" count="15" type="stmt"/>
        <line num="1155" count="0" type="stmt"/>
        <line num="1156" count="0" type="cond" truecount="0" falsecount="2"/>
        <line num="1160" count="15" type="stmt"/>
        <line num="1161" count="0" type="stmt"/>
        <line num="1162" count="0" type="cond" truecount="0" falsecount="2"/>
        <line num="1166" count="15" type="stmt"/>
        <line num="1167" count="0" type="stmt"/>
        <line num="1168" count="0" type="stmt"/>
        <line num="1169" count="0" type="cond" truecount="0" falsecount="2"/>
        <line num="1174" count="15" type="stmt"/>
        <line num="1175" count="0" type="stmt"/>
        <line num="1176" count="0" type="cond" truecount="0" falsecount="2"/>
        <line num="1181" count="0" type="cond" truecount="0" falsecount="4"/>
        <line num="1182" count="0" type="stmt"/>
        <line num="1183" count="0" type="cond" truecount="0" falsecount="2"/>
        <line num="1185" count="0" type="cond" truecount="0" falsecount="2"/>
        <line num="1186" count="0" type="cond" truecount="0" falsecount="2"/>
        <line num="1187" count="0" type="stmt"/>
        <line num="1188" count="0" type="stmt"/>
        <line num="1192" count="0" type="cond" truecount="0" falsecount="4"/>
        <line num="1193" count="0" type="stmt"/>
        <line num="1194" count="0" type="cond" truecount="0" falsecount="2"/>
        <line num="1196" count="0" type="cond" truecount="0" falsecount="2"/>
        <line num="1197" count="0" type="cond" truecount="0" falsecount="2"/>
        <line num="1198" count="0" type="stmt"/>
        <line num="1199" count="0" type="stmt"/>
        <line num="1203" count="0" type="cond" truecount="0" falsecount="4"/>
        <line num="1204" count="0" type="stmt"/>
        <line num="1205" count="0" type="cond" truecount="0" falsecount="2"/>
        <line num="1207" count="0" type="cond" truecount="0" falsecount="2"/>
        <line num="1208" count="0" type="cond" truecount="0" falsecount="2"/>
        <line num="1209" count="0" type="stmt"/>
        <line num="1210" count="0" type="stmt"/>
        <line num="1214" count="0" type="cond" truecount="0" falsecount="4"/>
        <line num="1215" count="0" type="stmt"/>
        <line num="1216" count="0" type="cond" truecount="0" falsecount="2"/>
        <line num="1218" count="0" type="cond" truecount="0" falsecount="2"/>
        <line num="1219" count="0" type="cond" truecount="0" falsecount="2"/>
        <line num="1220" count="0" type="stmt"/>
        <line num="1221" count="0" type="stmt"/>
        <line num="1224" count="15" type="stmt"/>
        <line num="1225" count="2" type="cond" truecount="1" falsecount="1"/>
        <line num="1226" count="2" type="stmt"/>
        <line num="1227" count="2" type="stmt"/>
        <line num="1228" count="2" type="cond" truecount="1" falsecount="1"/>
        <line num="1229" count="2" type="stmt"/>
        <line num="1233" count="15" type="stmt"/>
        <line num="1234" count="0" type="stmt"/>
        <line num="1235" count="0" type="stmt"/>
        <line num="1236" count="0" type="stmt"/>
        <line num="1237" count="0" type="cond" truecount="0" falsecount="2"/>
        <line num="1238" count="0" type="stmt"/>
        <line num="1241" count="0" type="stmt"/>
        <line num="1245" count="0" type="cond" truecount="0" falsecount="2"/>
        <line num="1246" count="0" type="stmt"/>
        <line num="1248" count="0" type="cond" truecount="0" falsecount="2"/>
        <line num="1249" count="0" type="stmt"/>
        <line num="1251" count="0" type="cond" truecount="0" falsecount="2"/>
        <line num="1252" count="0" type="stmt"/>
        <line num="1254" count="0" type="cond" truecount="0" falsecount="2"/>
        <line num="1255" count="0" type="stmt"/>
        <line num="1257" count="0" type="cond" truecount="0" falsecount="2"/>
        <line num="1258" count="0" type="stmt"/>
        <line num="1260" count="0" type="cond" truecount="0" falsecount="2"/>
        <line num="1261" count="0" type="stmt"/>
        <line num="1263" count="0" type="cond" truecount="0" falsecount="4"/>
        <line num="1264" count="0" type="stmt"/>
        <line num="1266" count="0" type="stmt"/>
        <line num="1270" count="0" type="stmt"/>
        <line num="1281" count="0" type="cond" truecount="0" falsecount="2"/>
        <line num="1282" count="0" type="stmt"/>
        <line num="1285" count="0" type="stmt"/>
        <line num="1287" count="0" type="stmt"/>
        <line num="1301" count="0" type="stmt"/>
        <line num="1302" count="0" type="stmt"/>
        <line num="1303" count="0" type="cond" truecount="0" falsecount="2"/>
        <line num="1304" count="0" type="stmt"/>
        <line num="1305" count="0" type="stmt"/>
        <line num="1306" count="0" type="stmt"/>
        <line num="1310" count="0" type="stmt"/>
        <line num="1313" count="0" type="stmt"/>
        <line num="1315" count="0" type="stmt"/>
        <line num="1316" count="0" type="cond" truecount="0" falsecount="2"/>
        <line num="1329" count="0" type="stmt"/>
        <line num="1331" count="0" type="stmt"/>
        <line num="1334" count="0" type="stmt"/>
        <line num="1342" count="0" type="cond" truecount="0" falsecount="2"/>
        <line num="1343" count="0" type="stmt"/>
        <line num="1344" count="0" type="cond" truecount="0" falsecount="2"/>
        <line num="1345" count="0" type="stmt"/>
        <line num="1346" count="0" type="cond" truecount="0" falsecount="2"/>
        <line num="1348" count="0" type="stmt"/>
        <line num="1349" count="0" type="stmt"/>
        <line num="1350" count="0" type="cond" truecount="0" falsecount="4"/>
        <line num="1351" count="0" type="cond" truecount="0" falsecount="4"/>
        <line num="1353" count="0" type="cond" truecount="0" falsecount="2"/>
        <line num="1355" count="0" type="stmt"/>
        <line num="1356" count="0" type="cond" truecount="0" falsecount="2"/>
        <line num="1357" count="0" type="stmt"/>
        <line num="1358" count="0" type="cond" truecount="0" falsecount="2"/>
        <line num="1360" count="0" type="cond" truecount="0" falsecount="4"/>
        <line num="1362" count="0" type="stmt"/>
        <line num="1363" count="0" type="cond" truecount="0" falsecount="2"/>
        <line num="1364" count="0" type="cond" truecount="0" falsecount="4"/>
        <line num="1365" count="0" type="cond" truecount="0" falsecount="2"/>
        <line num="1368" count="15" type="stmt"/>
        <line num="1369" count="2" type="stmt"/>
        <line num="1370" count="2" type="stmt"/>
        <line num="1371" count="2" type="cond" truecount="3" falsecount="1"/>
        <line num="1372" count="2" type="stmt"/>
        <line num="1376" count="15" type="stmt"/>
        <line num="1377" count="2" type="stmt"/>
        <line num="1378" count="2" type="stmt"/>
        <line num="1379" count="2" type="stmt"/>
        <line num="1380" count="2" type="cond" truecount="1" falsecount="1"/>
        <line num="1381" count="4" type="stmt"/>
        <line num="1385" count="18" type="stmt"/>
        <line num="1389" count="8" type="stmt"/>
        <line num="1390" count="8" type="cond" truecount="1" falsecount="1"/>
        <line num="1391" count="8" type="stmt"/>
        <line num="1392" count="8" type="cond" truecount="3" falsecount="1"/>
        <line num="1393" count="8" type="stmt"/>
        <line num="1397" count="0" type="cond" truecount="0" falsecount="2"/>
        <line num="1398" count="0" type="stmt"/>
        <line num="1399" count="0" type="cond" truecount="0" falsecount="2"/>
        <line num="1400" count="0" type="stmt"/>
        <line num="1401" count="0" type="cond" truecount="0" falsecount="2"/>
        <line num="1403" count="0" type="stmt"/>
        <line num="1404" count="0" type="stmt"/>
        <line num="1405" count="0" type="cond" truecount="0" falsecount="4"/>
        <line num="1406" count="0" type="cond" truecount="0" falsecount="4"/>
        <line num="1408" count="0" type="stmt"/>
        <line num="1409" count="0" type="stmt"/>
        <line num="1410" count="0" type="stmt"/>
        <line num="1411" count="0" type="cond" truecount="0" falsecount="2"/>
        <line num="1412" count="0" type="stmt"/>
        <line num="1413" count="0" type="cond" truecount="0" falsecount="2"/>
        <line num="1415" count="0" type="cond" truecount="0" falsecount="2"/>
        <line num="1416" count="0" type="cond" truecount="0" falsecount="4"/>
        <line num="1418" count="0" type="cond" truecount="0" falsecount="2"/>
        <line num="1419" count="0" type="cond" truecount="0" falsecount="2"/>
        <line num="1420" count="0" type="cond" truecount="0" falsecount="4"/>
        <line num="1421" count="0" type="stmt"/>
        <line num="1425" count="16" type="cond" truecount="1" falsecount="1"/>
        <line num="1426" count="16" type="stmt"/>
        <line num="1427" count="16" type="cond" truecount="1" falsecount="1"/>
        <line num="1428" count="16" type="stmt"/>
        <line num="1429" count="16" type="cond" truecount="1" falsecount="1"/>
        <line num="1431" count="16" type="stmt"/>
        <line num="1432" count="16" type="stmt"/>
        <line num="1433" count="16" type="stmt"/>
        <line num="1434" count="16" type="cond" truecount="1" falsecount="1"/>
        <line num="1435" count="16" type="stmt"/>
        <line num="1436" count="16" type="cond" truecount="1" falsecount="1"/>
        <line num="1438" count="16" type="cond" truecount="2" falsecount="0"/>
        <line num="1439" count="8" type="cond" truecount="3" falsecount="1"/>
        <line num="1442" count="0" type="cond" truecount="0" falsecount="2"/>
        <line num="1445" count="16" type="cond" truecount="0" falsecount="2"/>
        <line num="1446" count="16" type="cond" truecount="0" falsecount="4"/>
        <line num="1447" count="16" type="stmt"/>
        <line num="1451" count="0" type="cond" truecount="0" falsecount="2"/>
        <line num="1452" count="0" type="stmt"/>
        <line num="1453" count="0" type="cond" truecount="0" falsecount="2"/>
        <line num="1454" count="0" type="stmt"/>
        <line num="1455" count="0" type="cond" truecount="0" falsecount="2"/>
        <line num="1457" count="0" type="stmt"/>
        <line num="1458" count="0" type="stmt"/>
        <line num="1459" count="0" type="cond" truecount="0" falsecount="4"/>
        <line num="1460" count="0" type="stmt"/>
        <line num="1461" count="0" type="cond" truecount="0" falsecount="2"/>
        <line num="1462" count="0" type="stmt"/>
        <line num="1463" count="0" type="cond" truecount="0" falsecount="2"/>
        <line num="1465" count="0" type="cond" truecount="0" falsecount="2"/>
        <line num="1466" count="0" type="cond" truecount="0" falsecount="4"/>
        <line num="1468" count="0" type="cond" truecount="0" falsecount="2"/>
        <line num="1469" count="0" type="cond" truecount="0" falsecount="2"/>
        <line num="1470" count="0" type="cond" truecount="0" falsecount="4"/>
        <line num="1471" count="0" type="stmt"/>
        <line num="1478" count="0" type="cond" truecount="0" falsecount="2"/>
        <line num="1479" count="0" type="stmt"/>
        <line num="1480" count="0" type="cond" truecount="0" falsecount="2"/>
        <line num="1481" count="0" type="stmt"/>
        <line num="1482" count="0" type="cond" truecount="0" falsecount="2"/>
        <line num="1484" count="0" type="stmt"/>
        <line num="1485" count="0" type="stmt"/>
        <line num="1486" count="0" type="cond" truecount="0" falsecount="4"/>
        <line num="1487" count="0" type="stmt"/>
        <line num="1488" count="0" type="cond" truecount="0" falsecount="2"/>
        <line num="1489" count="0" type="stmt"/>
        <line num="1490" count="0" type="cond" truecount="0" falsecount="2"/>
        <line num="1492" count="0" type="cond" truecount="0" falsecount="2"/>
        <line num="1493" count="0" type="cond" truecount="0" falsecount="4"/>
        <line num="1495" count="0" type="cond" truecount="0" falsecount="2"/>
        <line num="1496" count="0" type="cond" truecount="0" falsecount="2"/>
        <line num="1497" count="0" type="cond" truecount="0" falsecount="4"/>
        <line num="1498" count="0" type="stmt"/>
        <line num="1502" count="16" type="cond" truecount="1" falsecount="1"/>
        <line num="1503" count="16" type="stmt"/>
        <line num="1504" count="16" type="cond" truecount="1" falsecount="1"/>
        <line num="1505" count="16" type="stmt"/>
        <line num="1506" count="16" type="cond" truecount="1" falsecount="1"/>
        <line num="1508" count="16" type="stmt"/>
        <line num="1509" count="16" type="stmt"/>
        <line num="1510" count="16" type="cond" truecount="3" falsecount="1"/>
        <line num="1512" count="16" type="stmt"/>
        <line num="1513" count="16" type="cond" truecount="1" falsecount="1"/>
        <line num="1514" count="16" type="stmt"/>
        <line num="1515" count="16" type="cond" truecount="1" falsecount="1"/>
        <line num="1517" count="16" type="cond" truecount="2" falsecount="0"/>
        <line num="1518" count="8" type="cond" truecount="4" falsecount="0"/>
        <line num="1520" count="6" type="stmt"/>
        <line num="1521" count="6" type="stmt"/>
        <line num="1522" count="6" type="cond" truecount="1" falsecount="1"/>
        <line num="1523" count="16" type="cond" truecount="3" falsecount="1"/>
        <line num="1525" count="16" type="cond" truecount="4" falsecount="2"/>
        <line num="1526" count="16" type="stmt"/>
        <line num="1530" count="0" type="cond" truecount="0" falsecount="2"/>
        <line num="1531" count="0" type="stmt"/>
        <line num="1532" count="0" type="cond" truecount="0" falsecount="2"/>
        <line num="1533" count="0" type="stmt"/>
        <line num="1534" count="0" type="cond" truecount="0" falsecount="2"/>
        <line num="1536" count="0" type="stmt"/>
        <line num="1537" count="0" type="stmt"/>
        <line num="1538" count="0" type="cond" truecount="0" falsecount="4"/>
        <line num="1540" count="0" type="stmt"/>
        <line num="1541" count="0" type="cond" truecount="0" falsecount="2"/>
        <line num="1542" count="0" type="stmt"/>
        <line num="1543" count="0" type="cond" truecount="0" falsecount="2"/>
        <line num="1545" count="0" type="cond" truecount="0" falsecount="2"/>
        <line num="1546" count="0" type="cond" truecount="0" falsecount="4"/>
        <line num="1548" count="0" type="stmt"/>
        <line num="1549" count="0" type="stmt"/>
        <line num="1550" count="0" type="cond" truecount="0" falsecount="2"/>
        <line num="1551" count="0" type="cond" truecount="0" falsecount="4"/>
        <line num="1553" count="0" type="cond" truecount="0" falsecount="6"/>
        <line num="1554" count="0" type="stmt"/>
        <line num="1558" count="0" type="cond" truecount="0" falsecount="2"/>
        <line num="1559" count="0" type="stmt"/>
        <line num="1560" count="0" type="cond" truecount="0" falsecount="2"/>
        <line num="1561" count="0" type="stmt"/>
        <line num="1562" count="0" type="cond" truecount="0" falsecount="2"/>
        <line num="1564" count="0" type="stmt"/>
        <line num="1565" count="0" type="stmt"/>
        <line num="1566" count="0" type="cond" truecount="0" falsecount="4"/>
        <line num="1568" count="0" type="stmt"/>
        <line num="1569" count="0" type="cond" truecount="0" falsecount="2"/>
        <line num="1570" count="0" type="stmt"/>
        <line num="1571" count="0" type="cond" truecount="0" falsecount="2"/>
        <line num="1573" count="0" type="cond" truecount="0" falsecount="2"/>
        <line num="1574" count="0" type="cond" truecount="0" falsecount="4"/>
        <line num="1576" count="0" type="stmt"/>
        <line num="1577" count="0" type="stmt"/>
        <line num="1578" count="0" type="cond" truecount="0" falsecount="2"/>
        <line num="1579" count="0" type="cond" truecount="0" falsecount="4"/>
        <line num="1581" count="0" type="cond" truecount="0" falsecount="6"/>
        <line num="1582" count="0" type="stmt"/>
      </file>
      <file name="TimeOffsetControl.vue" path="/Users/petri/Documents/development/activity_viewer/components/TimeOffsetControl.vue">
        <metrics statements="15" coveredstatements="12" conditionals="14" coveredconditionals="13" methods="7" coveredmethods="4"/>
        <line num="2" count="4" type="stmt"/>
        <line num="4" count="1" type="stmt"/>
        <line num="8" count="0" type="cond" truecount="2" falsecount="0"/>
        <line num="16" count="0" type="cond" truecount="2" falsecount="0"/>
        <line num="30" count="1" type="cond" truecount="2" falsecount="0"/>
        <line num="38" count="0" type="cond" truecount="2" falsecount="0"/>
        <line num="46" count="1" type="cond" truecount="2" falsecount="0"/>
        <line num="61" count="4" type="stmt"/>
        <line num="63" count="4" type="stmt"/>
        <line num="67" count="4" type="stmt"/>
        <line num="68" count="2" type="stmt"/>
        <line num="71" count="4" type="stmt"/>
        <line num="72" count="1" type="stmt"/>
        <line num="73" count="1" type="cond" truecount="1" falsecount="1"/>
        <line num="74" count="1" type="stmt"/>
      </file>
    </package>
    <package name="composables">
      <metrics statements="176" coveredstatements="159" conditionals="86" coveredconditionals="63" methods="40" coveredmethods="38"/>
      <file name="useActivityList.ts" path="/Users/petri/Documents/development/activity_viewer/composables/useActivityList.ts">
        <metrics statements="30" coveredstatements="23" conditionals="8" coveredconditionals="4" methods="13" coveredmethods="12"/>
        <line num="13" count="31" type="stmt"/>
        <line num="14" count="31" type="stmt"/>
        <line num="15" count="31" type="stmt"/>
        <line num="17" count="31" type="stmt"/>
        <line num="18" count="31" type="stmt"/>
        <line num="20" count="31" type="stmt"/>
        <line num="21" count="31" type="stmt"/>
        <line num="22" count="31" type="stmt"/>
        <line num="23" count="23" type="stmt"/>
        <line num="26" count="31" type="stmt"/>
        <line num="27" count="1" type="stmt"/>
        <line num="30" count="31" type="stmt"/>
        <line num="31" count="2" type="stmt"/>
        <line num="34" count="31" type="stmt"/>
        <line num="35" count="0" type="cond" truecount="0" falsecount="2"/>
        <line num="36" count="0" type="stmt"/>
        <line num="37" count="0" type="stmt"/>
        <line num="40" count="0" type="cond" truecount="0" falsecount="2"/>
        <line num="41" count="0" type="stmt"/>
        <line num="43" count="0" type="stmt"/>
        <line num="45" count="0" type="stmt"/>
        <line num="51" count="31" type="stmt"/>
        <line num="52" count="6" type="stmt"/>
        <line num="55" count="31" type="stmt"/>
        <line num="56" count="2" type="stmt"/>
        <line num="57" count="2" type="cond" truecount="2" falsecount="0"/>
        <line num="60" count="31" type="stmt"/>
        <line num="61" count="2" type="stmt"/>
        <line num="62" count="2" type="cond" truecount="2" falsecount="0"/>
        <line num="65" count="31" type="stmt"/>
      </file>
      <file name="useLocalStoragePersistence.ts" path="/Users/petri/Documents/development/activity_viewer/composables/useLocalStoragePersistence.ts">
        <metrics statements="88" coveredstatements="79" conditionals="44" coveredconditionals="37" methods="18" coveredmethods="17"/>
        <line num="14" count="2" type="stmt"/>
        <line num="15" count="2" type="stmt"/>
        <line num="48" count="24" type="stmt"/>
        <line num="49" count="24" type="stmt"/>
        <line num="50" count="24" type="stmt"/>
        <line num="51" count="24" type="stmt"/>
        <line num="55" count="24" type="stmt"/>
        <line num="59" count="24" type="stmt"/>
        <line num="60" count="21" type="cond" truecount="1" falsecount="1"/>
        <line num="61" count="21" type="stmt"/>
        <line num="62" count="21" type="stmt"/>
        <line num="63" count="21" type="stmt"/>
        <line num="65" count="0" type="stmt"/>
        <line num="66" count="0" type="stmt"/>
        <line num="70" count="24" type="stmt"/>
        <line num="71" count="10" type="cond" truecount="1" falsecount="1"/>
        <line num="72" count="10" type="stmt"/>
        <line num="73" count="10" type="cond" truecount="2" falsecount="0"/>
        <line num="74" count="9" type="stmt"/>
        <line num="75" count="9" type="cond" truecount="2" falsecount="0"/>
        <line num="76" count="5" type="stmt"/>
        <line num="79" count="1" type="stmt"/>
        <line num="80" count="1" type="stmt"/>
        <line num="82" count="10" type="stmt"/>
        <line num="84" count="0" type="stmt"/>
        <line num="88" count="24" type="stmt"/>
        <line num="90" count="12" type="stmt"/>
        <line num="92" count="12" type="cond" truecount="1" falsecount="1"/>
        <line num="93" count="12" type="cond" truecount="2" falsecount="0"/>
        <line num="94" count="10" type="stmt"/>
        <line num="95" count="2" type="cond" truecount="1" falsecount="1"/>
        <line num="97" count="2" type="stmt"/>
        <line num="98" count="2" type="stmt"/>
        <line num="99" count="2" type="stmt"/>
        <line num="100" count="2" type="stmt"/>
        <line num="101" count="2" type="stmt"/>
        <line num="105" count="12" type="stmt"/>
        <line num="122" count="12" type="stmt"/>
        <line num="138" count="24" type="stmt"/>
        <line num="140" count="9" type="cond" truecount="1" falsecount="1"/>
        <line num="141" count="9" type="cond" truecount="2" falsecount="0"/>
        <line num="143" count="1" type="stmt"/>
        <line num="144" count="1" type="stmt"/>
        <line num="145" count="1" type="stmt"/>
        <line num="146" count="14" type="stmt"/>
        <line num="148" count="1" type="stmt"/>
        <line num="150" count="8" type="stmt"/>
        <line num="154" count="9" type="stmt"/>
        <line num="171" count="9" type="stmt"/>
        <line num="186" count="24" type="stmt"/>
        <line num="187" count="17" type="cond" truecount="4" falsecount="0"/>
        <line num="189" count="11" type="stmt"/>
        <line num="191" count="11" type="stmt"/>
        <line num="194" count="0" type="stmt"/>
        <line num="198" count="24" type="stmt"/>
        <line num="199" count="12" type="cond" truecount="3" falsecount="1"/>
        <line num="200" count="12" type="stmt"/>
        <line num="201" count="12" type="stmt"/>
        <line num="202" count="12" type="cond" truecount="2" falsecount="0"/>
        <line num="203" count="9" type="stmt"/>
        <line num="204" count="9" type="stmt"/>
        <line num="206" count="0" type="stmt"/>
        <line num="207" count="0" type="stmt"/>
        <line num="211" count="24" type="stmt"/>
        <line num="212" count="21" type="cond" truecount="1" falsecount="1"/>
        <line num="213" count="0" type="stmt"/>
        <line num="214" count="0" type="stmt"/>
        <line num="215" count="0" type="stmt"/>
        <line num="217" count="21" type="stmt"/>
        <line num="218" count="21" type="stmt"/>
        <line num="220" count="21" type="cond" truecount="2" falsecount="0"/>
        <line num="221" count="11" type="stmt"/>
        <line num="222" count="11" type="stmt"/>
        <line num="223" count="11" type="cond" truecount="4" falsecount="0"/>
        <line num="225" count="6" type="stmt"/>
        <line num="226" count="7" type="stmt"/>
        <line num="230" count="11" type="stmt"/>
        <line num="233" count="10" type="stmt"/>
        <line num="235" count="21" type="stmt"/>
        <line num="238" count="24" type="stmt"/>
        <line num="239" count="21" type="stmt"/>
        <line num="241" count="21" type="stmt"/>
        <line num="242" count="26" type="stmt"/>
        <line num="244" count="5" type="cond" truecount="4" falsecount="0"/>
        <line num="245" count="4" type="stmt"/>
        <line num="252" count="24" type="stmt"/>
        <line num="253" count="4" type="stmt"/>
        <line num="254" count="2" type="stmt"/>
      </file>
      <file name="useResponsiveTruncate.ts" path="/Users/petri/Documents/development/activity_viewer/composables/useResponsiveTruncate.ts">
        <metrics statements="11" coveredstatements="11" conditionals="6" coveredconditionals="6" methods="3" coveredmethods="3"/>
        <line num="10" count="7" type="stmt"/>
        <line num="12" count="7" type="stmt"/>
        <line num="13" count="6" type="cond" truecount="2" falsecount="0"/>
        <line num="15" count="5" type="cond" truecount="2" falsecount="0"/>
        <line num="17" count="1" type="stmt"/>
        <line num="18" count="4" type="cond" truecount="2" falsecount="0"/>
        <line num="20" count="1" type="stmt"/>
        <line num="23" count="3" type="stmt"/>
        <line num="27" count="6" type="stmt"/>
        <line num="30" count="7" type="stmt"/>
        <line num="32" count="1" type="stmt"/>
      </file>
      <file name="useSettingsPersistence.ts" path="/Users/petri/Documents/development/activity_viewer/composables/useSettingsPersistence.ts">
        <metrics statements="47" coveredstatements="46" conditionals="28" coveredconditionals="16" methods="6" coveredmethods="6"/>
        <line num="18" count="1" type="stmt"/>
        <line num="42" count="5" type="stmt"/>
        <line num="43" count="5" type="stmt"/>
        <line num="44" count="5" type="stmt"/>
        <line num="51" count="5" type="stmt"/>
        <line num="58" count="5" type="stmt"/>
        <line num="60" count="5" type="stmt"/>
        <line num="62" count="5" type="stmt"/>
        <line num="63" count="3" type="cond" truecount="1" falsecount="1"/>
        <line num="64" count="3" type="stmt"/>
        <line num="65" count="3" type="stmt"/>
        <line num="85" count="3" type="stmt"/>
        <line num="87" count="0" type="stmt"/>
        <line num="91" count="5" type="stmt"/>
        <line num="92" count="5" type="cond" truecount="1" falsecount="1"/>
        <line num="93" count="5" type="stmt"/>
        <line num="94" count="5" type="stmt"/>
        <line num="95" count="5" type="cond" truecount="2" falsecount="0"/>
        <line num="96" count="2" type="stmt"/>
        <line num="99" count="2" type="cond" truecount="2" falsecount="0"/>
        <line num="100" count="1" type="cond" truecount="1" falsecount="1"/>
        <line num="101" count="1" type="stmt"/>
        <line num="103" count="1" type="cond" truecount="1" falsecount="1"/>
        <line num="104" count="1" type="stmt"/>
        <line num="106" count="1" type="cond" truecount="1" falsecount="1"/>
        <line num="107" count="1" type="stmt"/>
        <line num="109" count="1" type="cond" truecount="1" falsecount="1"/>
        <line num="110" count="1" type="stmt"/>
        <line num="115" count="1" type="cond" truecount="1" falsecount="1"/>
        <line num="116" count="1" type="cond" truecount="1" falsecount="1"/>
        <line num="117" count="1" type="stmt"/>
        <line num="119" count="1" type="cond" truecount="1" falsecount="1"/>
        <line num="120" count="1" type="stmt"/>
        <line num="122" count="1" type="cond" truecount="1" falsecount="1"/>
        <line num="123" count="1" type="stmt"/>
        <line num="125" count="1" type="cond" truecount="1" falsecount="1"/>
        <line num="126" count="1" type="stmt"/>
        <line num="131" count="1" type="cond" truecount="1" falsecount="1"/>
        <line num="132" count="1" type="stmt"/>
        <line num="135" count="1" type="stmt"/>
        <line num="139" count="5" type="stmt"/>
        <line num="142" count="1" type="stmt"/>
        <line num="145" count="5" type="stmt"/>
        <line num="146" count="5" type="stmt"/>
        <line num="149" count="5" type="stmt"/>
        <line num="162" count="2" type="stmt"/>
        <line num="168" count="5" type="stmt"/>
      </file>
    </package>
    <package name="stores">
      <metrics statements="175" coveredstatements="166" conditionals="73" coveredconditionals="52" methods="57" coveredmethods="53"/>
      <file name="activitySettings.ts" path="/Users/petri/Documents/development/activity_viewer/stores/activitySettings.ts">
        <metrics statements="35" coveredstatements="35" conditionals="2" coveredconditionals="2" methods="11" coveredmethods="11"/>
        <line num="20" count="13" type="stmt"/>
        <line num="22" count="130" type="stmt"/>
        <line num="26" count="130" type="stmt"/>
        <line num="31" count="130" type="stmt"/>
        <line num="35" count="130" type="stmt"/>
        <line num="40" count="130" type="stmt"/>
        <line num="41" count="130" type="stmt"/>
        <line num="44" count="130" type="stmt"/>
        <line num="45" count="130" type="stmt"/>
        <line num="54" count="7" type="stmt"/>
        <line num="58" count="5" type="stmt"/>
        <line num="62" count="7" type="stmt"/>
        <line num="66" count="1" type="stmt"/>
        <line num="70" count="14" type="stmt"/>
        <line num="71" count="14" type="stmt"/>
        <line num="72" count="14" type="stmt"/>
        <line num="76" count="14" type="stmt"/>
        <line num="77" count="14" type="stmt"/>
        <line num="78" count="14" type="stmt"/>
        <line num="82" count="11" type="stmt"/>
        <line num="83" count="11" type="cond" truecount="2" falsecount="0"/>
        <line num="84" count="2" type="stmt"/>
        <line num="86" count="9" type="stmt"/>
        <line num="88" count="11" type="stmt"/>
        <line num="92" count="5" type="stmt"/>
        <line num="96" count="2" type="stmt"/>
        <line num="97" count="2" type="stmt"/>
        <line num="98" count="2" type="stmt"/>
        <line num="99" count="2" type="stmt"/>
        <line num="108" count="1" type="stmt"/>
        <line num="109" count="1" type="stmt"/>
        <line num="110" count="1" type="stmt"/>
        <line num="111" count="1" type="stmt"/>
        <line num="112" count="1" type="stmt"/>
        <line num="115" count="130" type="stmt"/>
      </file>
      <file name="chartOptions.ts" path="/Users/petri/Documents/development/activity_viewer/stores/chartOptions.ts">
        <metrics statements="30" coveredstatements="30" conditionals="19" coveredconditionals="17" methods="9" coveredmethods="9"/>
        <line num="14" count="8" type="stmt"/>
        <line num="15" count="52" type="stmt"/>
        <line num="16" count="52" type="stmt"/>
        <line num="18" count="52" type="stmt"/>
        <line num="19" count="52" type="stmt"/>
        <line num="20" count="52" type="stmt"/>
        <line num="21" count="52" type="stmt"/>
        <line num="23" count="75" type="stmt"/>
        <line num="26" count="52" type="stmt"/>
        <line num="29" count="100" type="stmt"/>
        <line num="30" count="100" type="stmt"/>
        <line num="31" count="100" type="cond" truecount="5" falsecount="0"/>
        <line num="32" count="11" type="stmt"/>
        <line num="33" count="11" type="cond" truecount="1" falsecount="1"/>
        <line num="34" count="11" type="stmt"/>
        <line num="42" count="9" type="stmt"/>
        <line num="46" count="5" type="cond" truecount="2" falsecount="0"/>
        <line num="47" count="2" type="stmt"/>
        <line num="49" count="3" type="cond" truecount="2" falsecount="0"/>
        <line num="50" count="2" type="cond" truecount="2" falsecount="0"/>
        <line num="51" count="2" type="stmt"/>
        <line num="54" count="1" type="stmt"/>
        <line num="60" count="7" type="stmt"/>
        <line num="61" count="7" type="cond" truecount="4" falsecount="0"/>
        <line num="62" count="1" type="stmt"/>
        <line num="63" count="1" type="cond" truecount="1" falsecount="1"/>
        <line num="64" count="1" type="stmt"/>
        <line num="70" count="5" type="stmt"/>
        <line num="74" count="13" type="stmt"/>
        <line num="77" count="52" type="stmt"/>
      </file>
      <file name="chartSeries.ts" path="/Users/petri/Documents/development/activity_viewer/stores/chartSeries.ts">
        <metrics statements="46" coveredstatements="38" conditionals="42" coveredconditionals="24" methods="8" coveredmethods="4"/>
        <line num="29" count="6" type="stmt"/>
        <line num="30" count="29" type="stmt"/>
        <line num="31" count="29" type="stmt"/>
        <line num="32" count="29" type="stmt"/>
        <line num="34" count="29" type="stmt"/>
        <line num="35" count="29" type="stmt"/>
        <line num="36" count="29" type="stmt"/>
        <line num="41" count="29" type="stmt"/>
        <line num="50" count="29" type="stmt"/>
        <line num="51" count="8" type="cond" truecount="1" falsecount="1"/>
        <line num="56" count="8" type="stmt"/>
        <line num="66" count="8" type="stmt"/>
        <line num="78" count="8" type="stmt"/>
        <line num="82" count="29" type="stmt"/>
        <line num="83" count="3" type="cond" truecount="1" falsecount="1"/>
        <line num="87" count="3" type="stmt"/>
        <line num="97" count="3" type="cond" truecount="1" falsecount="1"/>
        <line num="98" count="0" type="cond" truecount="0" falsecount="3"/>
        <line num="99" count="0" type="stmt"/>
        <line num="100" count="0" type="stmt"/>
        <line num="101" count="0" type="cond" truecount="0" falsecount="2"/>
        <line num="103" count="0" type="stmt"/>
        <line num="104" count="0" type="stmt"/>
        <line num="125" count="0" type="stmt"/>
        <line num="132" count="3" type="cond" truecount="2" falsecount="1"/>
        <line num="134" count="3" type="stmt"/>
        <line num="138" count="3" type="stmt"/>
        <line num="139" count="3" type="stmt"/>
        <line num="140" count="3" type="stmt"/>
        <line num="142" count="3" type="stmt"/>
        <line num="143" count="3" type="stmt"/>
        <line num="144" count="3" type="cond" truecount="1" falsecount="1"/>
        <line num="146" count="3" type="stmt"/>
        <line num="147" count="1380" type="cond" truecount="3" falsecount="1"/>
        <line num="148" count="1380" type="stmt"/>
        <line num="149" count="1380" type="cond" truecount="3" falsecount="1"/>
        <line num="150" count="1380" type="cond" truecount="2" falsecount="0"/>
        <line num="151" count="1380" type="cond" truecount="2" falsecount="0"/>
        <line num="152" count="1380" type="stmt"/>
        <line num="157" count="3" type="cond" truecount="5" falsecount="1"/>
        <line num="158" count="3" type="stmt"/>
        <line num="161" count="3" type="cond" truecount="1" falsecount="1"/>
        <line num="163" count="3" type="stmt"/>
        <line num="164" count="0" type="stmt"/>
        <line num="181" count="3" type="stmt"/>
        <line num="187" count="29" type="stmt"/>
      </file>
      <file name="processedActivity.ts" path="/Users/petri/Documents/development/activity_viewer/stores/processedActivity.ts">
        <metrics statements="14" coveredstatements="14" conditionals="4" coveredconditionals="4" methods="5" coveredmethods="5"/>
        <line num="15" count="11" type="stmt"/>
        <line num="16" count="86" type="stmt"/>
        <line num="17" count="86" type="stmt"/>
        <line num="19" count="86" type="stmt"/>
        <line num="26" count="86" type="stmt"/>
        <line num="29" count="86" type="stmt"/>
        <line num="30" count="110" type="stmt"/>
        <line num="31" count="74" type="cond" truecount="2" falsecount="0"/>
        <line num="32" count="74" type="cond" truecount="2" falsecount="0"/>
        <line num="33" count="74" type="stmt"/>
        <line num="35" count="74" type="stmt"/>
        <line num="43" count="74" type="stmt"/>
        <line num="60" count="2" type="stmt"/>
        <line num="63" count="86" type="stmt"/>
      </file>
      <file name="rawActivity.ts" path="/Users/petri/Documents/development/activity_viewer/stores/rawActivity.ts">
        <metrics statements="7" coveredstatements="7" conditionals="0" coveredconditionals="0" methods="7" coveredmethods="7"/>
        <line num="10" count="13" type="stmt"/>
        <line num="11" count="120" type="stmt"/>
        <line num="14" count="101" type="stmt"/>
        <line num="18" count="5" type="stmt"/>
        <line num="22" count="4" type="stmt"/>
        <line num="26" count="3" type="stmt"/>
        <line num="29" count="120" type="stmt"/>
      </file>
      <file name="transformedActivity.ts" path="/Users/petri/Documents/development/activity_viewer/stores/transformedActivity.ts">
        <metrics statements="7" coveredstatements="7" conditionals="0" coveredconditionals="0" methods="4" coveredmethods="4"/>
        <line num="13" count="8" type="stmt"/>
        <line num="14" count="41" type="stmt"/>
        <line num="15" count="41" type="stmt"/>
        <line num="20" count="41" type="stmt"/>
        <line num="21" count="20" type="stmt"/>
        <line num="25" count="2" type="stmt"/>
        <line num="28" count="41" type="stmt"/>
      </file>
      <file name="ui.ts" path="/Users/petri/Documents/development/activity_viewer/stores/ui.ts">
        <metrics statements="16" coveredstatements="16" conditionals="0" coveredconditionals="0" methods="9" coveredmethods="9"/>
        <line num="21" count="1" type="stmt"/>
        <line num="22" count="19" type="stmt"/>
        <line num="23" count="19" type="stmt"/>
        <line num="25" count="19" type="stmt"/>
        <line num="26" count="19" type="stmt"/>
        <line num="27" count="19" type="stmt"/>
        <line num="29" count="19" type="stmt"/>
        <line num="32" count="4" type="stmt"/>
        <line num="36" count="1" type="stmt"/>
        <line num="40" count="4" type="stmt"/>
        <line num="44" count="1" type="stmt"/>
        <line num="48" count="3" type="stmt"/>
        <line num="52" count="3" type="stmt"/>
        <line num="56" count="3" type="stmt"/>
        <line num="60" count="5" type="stmt"/>
        <line num="63" count="19" type="stmt"/>
      </file>
      <file name="windowActivity.ts" path="/Users/petri/Documents/development/activity_viewer/stores/windowActivity.ts">
        <metrics statements="20" coveredstatements="19" conditionals="6" coveredconditionals="5" methods="4" coveredmethods="4"/>
        <line num="21" count="7" type="stmt"/>
        <line num="22" count="36" type="stmt"/>
        <line num="23" count="36" type="stmt"/>
        <line num="24" count="36" type="stmt"/>
        <line num="25" count="36" type="stmt"/>
        <line num="27" count="36" type="stmt"/>
        <line num="35" count="36" type="stmt"/>
        <line num="36" count="16" type="stmt"/>
        <line num="37" count="16" type="cond" truecount="2" falsecount="0"/>
        <line num="39" count="16" type="cond" truecount="2" falsecount="0"/>
        <line num="40" count="12" type="stmt"/>
        <line num="43" count="4" type="stmt"/>
        <line num="44" count="4" type="cond" truecount="1" falsecount="1"/>
        <line num="45" count="0" type="stmt"/>
        <line num="48" count="4" type="stmt"/>
        <line num="53" count="4" type="stmt"/>
        <line num="54" count="4" type="stmt"/>
        <line num="55" count="4" type="stmt"/>
        <line num="63" count="15" type="stmt"/>
        <line num="66" count="36" type="stmt"/>
      </file>
    </package>
    <package name="utils">
      <metrics statements="1137" coveredstatements="1036" conditionals="1059" coveredconditionals="828" methods="184" coveredmethods="175"/>
      <file name="activity-importer.ts" path="/Users/petri/Documents/development/activity_viewer/utils/activity-importer.ts">
        <metrics statements="29" coveredstatements="28" conditionals="20" coveredconditionals="18" methods="3" coveredmethods="3"/>
        <line num="22" count="39" type="stmt"/>
        <line num="23" count="39" type="stmt"/>
        <line num="28" count="39" type="cond" truecount="2" falsecount="0"/>
        <line num="29" count="26" type="stmt"/>
        <line num="30" count="26" type="stmt"/>
        <line num="31" count="12" type="cond" truecount="2" falsecount="0"/>
        <line num="32" count="4" type="stmt"/>
        <line num="33" count="4" type="stmt"/>
        <line num="34" count="8" type="cond" truecount="1" falsecount="1"/>
        <line num="35" count="8" type="stmt"/>
        <line num="36" count="8" type="stmt"/>
        <line num="38" count="0" type="stmt"/>
        <line num="44" count="32" type="stmt"/>
        <line num="46" count="32" type="stmt"/>
        <line num="65" count="39" type="stmt"/>
        <line num="66" count="39" type="cond" truecount="2" falsecount="0"/>
        <line num="67" count="13" type="cond" truecount="2" falsecount="0"/>
        <line num="68" count="9" type="cond" truecount="2" falsecount="0"/>
        <line num="69" count="1" type="stmt"/>
        <line num="79" count="4" type="stmt"/>
        <line num="80" count="4" type="stmt"/>
        <line num="82" count="4" type="stmt"/>
        <line num="83" count="9" type="stmt"/>
        <line num="84" count="9" type="stmt"/>
        <line num="85" count="6" type="stmt"/>
        <line num="87" count="3" type="stmt"/>
        <line num="94" count="4" type="cond" truecount="2" falsecount="0"/>
        <line num="95" count="2" type="stmt"/>
        <line num="98" count="4" type="stmt"/>
      </file>
      <file name="activity-parser-common.ts" path="/Users/petri/Documents/development/activity_viewer/utils/activity-parser-common.ts">
        <metrics statements="50" coveredstatements="34" conditionals="41" coveredconditionals="22" methods="3" coveredmethods="3"/>
        <line num="25" count="42660" type="cond" truecount="1" falsecount="1"/>
        <line num="26" count="42660" type="stmt"/>
        <line num="29" count="0" type="cond" truecount="0" falsecount="2"/>
        <line num="30" count="0" type="stmt"/>
        <line num="31" count="0" type="cond" truecount="0" falsecount="2"/>
        <line num="32" count="0" type="stmt"/>
        <line num="33" count="0" type="stmt"/>
        <line num="34" count="0" type="cond" truecount="0" falsecount="2"/>
        <line num="35" count="0" type="stmt"/>
        <line num="36" count="0" type="cond" truecount="0" falsecount="2"/>
        <line num="37" count="0" type="stmt"/>
        <line num="40" count="0" type="stmt"/>
        <line num="44" count="0" type="stmt"/>
        <line num="51" count="47" type="cond" truecount="1" falsecount="1"/>
        <line num="52" count="0" type="stmt"/>
        <line num="55" count="47" type="stmt"/>
        <line num="56" count="47" type="stmt"/>
        <line num="57" count="47" type="stmt"/>
        <line num="58" count="47" type="stmt"/>
        <line num="59" count="47" type="cond" truecount="1" falsecount="1"/>
        <line num="60" count="0" type="stmt"/>
        <line num="62" count="47" type="cond" truecount="1" falsecount="1"/>
        <line num="64" count="47" type="stmt"/>
        <line num="65" count="42660" type="stmt"/>
        <line num="66" count="42660" type="cond" truecount="1" falsecount="1"/>
        <line num="67" count="0" type="stmt"/>
        <line num="70" count="42660" type="stmt"/>
        <line num="72" count="42660" type="cond" truecount="2" falsecount="0"/>
        <line num="73" count="14442" type="cond" truecount="2" falsecount="0"/>
        <line num="74" count="14" type="stmt"/>
        <line num="76" count="14442" type="stmt"/>
        <line num="77" count="28218" type="cond" truecount="2" falsecount="0"/>
        <line num="78" count="28185" type="stmt"/>
        <line num="79" count="28185" type="cond" truecount="1" falsecount="1"/>
        <line num="80" count="28185" type="cond" truecount="1" falsecount="1"/>
        <line num="81" count="28185" type="stmt"/>
        <line num="87" count="28185" type="stmt"/>
        <line num="93" count="28185" type="stmt"/>
        <line num="97" count="42660" type="stmt"/>
        <line num="111" count="42660" type="stmt"/>
        <line num="114" count="47" type="stmt"/>
        <line num="121" count="47" type="cond" truecount="1" falsecount="1"/>
        <line num="122" count="0" type="stmt"/>
        <line num="125" count="47" type="stmt"/>
        <line num="126" count="47" type="stmt"/>
        <line num="127" count="47" type="cond" truecount="1" falsecount="1"/>
        <line num="128" count="0" type="stmt"/>
        <line num="131" count="47" type="stmt"/>
        <line num="133" count="47" type="cond" truecount="1" falsecount="1"/>
        <line num="135" count="47" type="stmt"/>
      </file>
      <file name="activity-processor.ts" path="/Users/petri/Documents/development/activity_viewer/utils/activity-processor.ts">
        <metrics statements="96" coveredstatements="95" conditionals="82" coveredconditionals="81" methods="18" coveredmethods="18"/>
        <line num="31" count="97" type="cond" truecount="4" falsecount="0"/>
        <line num="33" count="5" type="stmt"/>
        <line num="34" count="15" type="stmt"/>
        <line num="36" count="5" type="stmt"/>
        <line num="37" count="30" type="stmt"/>
        <line num="38" count="90" type="stmt"/>
        <line num="39" count="90" type="cond" truecount="4" falsecount="0"/>
        <line num="42" count="30" type="stmt"/>
        <line num="43" count="30" type="stmt"/>
        <line num="44" count="90" type="stmt"/>
        <line num="45" count="90" type="cond" truecount="4" falsecount="0"/>
        <line num="46" count="70" type="stmt"/>
        <line num="47" count="70" type="stmt"/>
        <line num="50" count="20" type="cond" truecount="2" falsecount="0"/>
        <line num="51" count="8" type="stmt"/>
        <line num="52" count="8" type="stmt"/>
        <line num="55" count="12" type="stmt"/>
        <line num="56" count="12" type="stmt"/>
        <line num="57" count="12" type="stmt"/>
        <line num="59" count="12" type="cond" truecount="2" falsecount="0"/>
        <line num="60" count="7" type="stmt"/>
        <line num="61" count="7" type="stmt"/>
        <line num="64" count="5" type="cond" truecount="2" falsecount="0"/>
        <line num="65" count="3" type="stmt"/>
        <line num="66" count="3" type="stmt"/>
        <line num="67" count="3" type="stmt"/>
        <line num="71" count="2" type="stmt"/>
        <line num="72" count="2" type="stmt"/>
        <line num="73" count="2" type="stmt"/>
        <line num="74" count="2" type="stmt"/>
        <line num="78" count="30" type="stmt"/>
        <line num="79" count="90" type="stmt"/>
        <line num="80" count="90" type="cond" truecount="2" falsecount="0"/>
        <line num="81" count="73" type="stmt"/>
        <line num="83" count="17" type="stmt"/>
        <line num="88" count="5" type="stmt"/>
        <line num="95" count="97" type="stmt"/>
        <line num="97" count="8443" type="cond" truecount="4" falsecount="0"/>
        <line num="98" count="8441" type="cond" truecount="4" falsecount="0"/>
        <line num="101" count="8440" type="cond" truecount="7" falsecount="0"/>
        <line num="102" count="1" type="stmt"/>
        <line num="104" count="8439" type="cond" truecount="7" falsecount="0"/>
        <line num="105" count="1" type="stmt"/>
        <line num="108" count="8438" type="stmt"/>
        <line num="119" count="97" type="cond" truecount="4" falsecount="0"/>
        <line num="121" count="2" type="stmt"/>
        <line num="122" count="6" type="stmt"/>
        <line num="124" count="6" type="cond" truecount="4" falsecount="0"/>
        <line num="127" count="2" type="cond" truecount="2" falsecount="0"/>
        <line num="129" count="1" type="stmt"/>
        <line num="130" count="4" type="stmt"/>
        <line num="134" count="4" type="stmt"/>
        <line num="135" count="1" type="stmt"/>
        <line num="137" count="1" type="stmt"/>
        <line num="138" count="4" type="stmt"/>
        <line num="141" count="1" type="stmt"/>
        <line num="142" count="4" type="stmt"/>
        <line num="143" count="4" type="stmt"/>
        <line num="146" count="1" type="stmt"/>
        <line num="157" count="97" type="cond" truecount="4" falsecount="0"/>
        <line num="159" count="10" type="stmt"/>
        <line num="161" count="3" type="stmt"/>
        <line num="162" count="18" type="stmt"/>
        <line num="163" count="60" type="stmt"/>
        <line num="164" count="60" type="cond" truecount="4" falsecount="0"/>
        <line num="168" count="18" type="cond" truecount="2" falsecount="0"/>
        <line num="169" count="12" type="stmt"/>
        <line num="170" count="6" type="cond" truecount="1" falsecount="1"/>
        <line num="171" count="6" type="stmt"/>
        <line num="173" count="0" type="stmt"/>
        <line num="177" count="18" type="stmt"/>
        <line num="178" count="60" type="stmt"/>
        <line num="179" count="60" type="cond" truecount="2" falsecount="0"/>
        <line num="180" count="47" type="stmt"/>
        <line num="182" count="13" type="stmt"/>
        <line num="187" count="3" type="stmt"/>
        <line num="198" count="97" type="cond" truecount="5" falsecount="0"/>
        <line num="200" count="7" type="stmt"/>
        <line num="201" count="2762" type="stmt"/>
        <line num="202" count="2762" type="stmt"/>
        <line num="203" count="16572" type="stmt"/>
        <line num="204" count="16572" type="cond" truecount="4" falsecount="0"/>
        <line num="205" count="5519" type="stmt"/>
        <line num="208" count="2762" type="stmt"/>
        <line num="216" count="97" type="cond" truecount="5" falsecount="0"/>
        <line num="218" count="1387" type="stmt"/>
        <line num="240" count="98" type="cond" truecount="2" falsecount="0"/>
        <line num="243" count="97" type="stmt"/>
        <line num="246" count="97" type="stmt"/>
        <line num="252" count="97" type="stmt"/>
        <line num="255" count="97" type="stmt"/>
        <line num="258" count="97" type="stmt"/>
        <line num="261" count="97" type="stmt"/>
        <line num="264" count="97" type="stmt"/>
        <line num="267" count="97" type="stmt"/>
        <line num="269" count="97" type="stmt"/>
      </file>
      <file name="activity-stats.ts" path="/Users/petri/Documents/development/activity_viewer/utils/activity-stats.ts">
        <metrics statements="107" coveredstatements="91" conditionals="105" coveredconditionals="86" methods="12" coveredmethods="10"/>
        <line num="36" count="424" type="stmt"/>
        <line num="37" count="424" type="stmt"/>
        <line num="38" count="424" type="stmt"/>
        <line num="39" count="424" type="stmt"/>
        <line num="41" count="424" type="stmt"/>
        <line num="42" count="55784" type="stmt"/>
        <line num="43" count="55784" type="cond" truecount="4" falsecount="0"/>
        <line num="44" count="20770" type="stmt"/>
        <line num="45" count="20770" type="stmt"/>
        <line num="46" count="20770" type="cond" truecount="2" falsecount="0"/>
        <line num="47" count="55784" type="cond" truecount="2" falsecount="0"/>
        <line num="50" count="424" type="stmt"/>
        <line num="59" count="53" type="cond" truecount="2" falsecount="0"/>
        <line num="60" count="49" type="cond" truecount="1" falsecount="1"/>
        <line num="61" count="53" type="cond" truecount="1" falsecount="1"/>
        <line num="62" count="53" type="stmt"/>
        <line num="66" count="53" type="cond" truecount="2" falsecount="0"/>
        <line num="67" count="49" type="cond" truecount="1" falsecount="1"/>
        <line num="68" count="53" type="cond" truecount="1" falsecount="1"/>
        <line num="69" count="53" type="stmt"/>
        <line num="73" count="53" type="stmt"/>
        <line num="74" count="53" type="stmt"/>
        <line num="75" count="53" type="stmt"/>
        <line num="77" count="53" type="stmt"/>
        <line num="78" count="6973" type="stmt"/>
        <line num="79" count="6973" type="cond" truecount="4" falsecount="0"/>
        <line num="80" count="6929" type="stmt"/>
        <line num="81" count="6929" type="cond" truecount="2" falsecount="0"/>
        <line num="82" count="6897" type="stmt"/>
        <line num="83" count="6897" type="cond" truecount="2" falsecount="0"/>
        <line num="85" count="6929" type="stmt"/>
        <line num="88" count="53" type="cond" truecount="2" falsecount="0"/>
        <line num="92" count="53" type="stmt"/>
        <line num="93" count="53" type="stmt"/>
        <line num="94" count="53" type="stmt"/>
        <line num="96" count="53" type="stmt"/>
        <line num="97" count="6973" type="stmt"/>
        <line num="98" count="6973" type="cond" truecount="4" falsecount="0"/>
        <line num="99" count="6929" type="stmt"/>
        <line num="100" count="6929" type="cond" truecount="2" falsecount="0"/>
        <line num="101" count="6897" type="stmt"/>
        <line num="102" count="6897" type="cond" truecount="2" falsecount="0"/>
        <line num="104" count="6929" type="stmt"/>
        <line num="107" count="53" type="cond" truecount="2" falsecount="0"/>
        <line num="111" count="53" type="stmt"/>
        <line num="112" count="53" type="stmt"/>
        <line num="113" count="53" type="stmt"/>
        <line num="114" count="53" type="stmt"/>
        <line num="115" count="53" type="stmt"/>
        <line num="117" count="53" type="stmt"/>
        <line num="119" count="53" type="stmt"/>
        <line num="120" count="6924" type="stmt"/>
        <line num="121" count="6924" type="stmt"/>
        <line num="122" count="6924" type="cond" truecount="3" falsecount="1"/>
        <line num="124" count="6924" type="stmt"/>
        <line num="125" count="6924" type="stmt"/>
        <line num="126" count="6924" type="stmt"/>
        <line num="129" count="6924" type="cond" truecount="6" falsecount="0"/>
        <line num="132" count="3394" type="stmt"/>
        <line num="133" count="3394" type="stmt"/>
        <line num="134" count="3394" type="stmt"/>
        <line num="135" count="3530" type="cond" truecount="6" falsecount="0"/>
        <line num="137" count="3462" type="stmt"/>
        <line num="142" count="3462" type="cond" truecount="5" falsecount="0"/>
        <line num="143" count="3452" type="stmt"/>
        <line num="144" count="3452" type="stmt"/>
        <line num="145" count="3452" type="stmt"/>
        <line num="149" count="68" type="stmt"/>
        <line num="150" count="68" type="stmt"/>
        <line num="151" count="68" type="cond" truecount="4" falsecount="0"/>
        <line num="152" count="63" type="stmt"/>
        <line num="156" count="6924" type="cond" truecount="5" falsecount="0"/>
        <line num="158" count="6909" type="stmt"/>
        <line num="159" count="6909" type="cond" truecount="4" falsecount="0"/>
        <line num="160" count="6586" type="stmt"/>
        <line num="161" count="6586" type="stmt"/>
        <line num="163" count="6909" type="cond" truecount="2" falsecount="0"/>
        <line num="164" count="6924" type="cond" truecount="2" falsecount="0"/>
        <line num="168" count="53" type="cond" truecount="4" falsecount="0"/>
        <line num="170" count="53" type="stmt"/>
        <line num="179" count="0" type="stmt"/>
        <line num="180" count="0" type="stmt"/>
        <line num="181" count="0" type="stmt"/>
        <line num="182" count="0" type="stmt"/>
        <line num="184" count="0" type="stmt"/>
        <line num="185" count="0" type="stmt"/>
        <line num="186" count="0" type="cond" truecount="0" falsecount="5"/>
        <line num="187" count="0" type="stmt"/>
        <line num="188" count="0" type="stmt"/>
        <line num="189" count="0" type="cond" truecount="0" falsecount="2"/>
        <line num="190" count="0" type="cond" truecount="0" falsecount="2"/>
        <line num="193" count="0" type="stmt"/>
        <line num="202" count="53" type="stmt"/>
        <line num="203" count="53" type="stmt"/>
        <line num="204" count="6973" type="cond" truecount="1" falsecount="1"/>
        <line num="205" count="0" type="stmt"/>
        <line num="209" count="53" type="stmt"/>
        <line num="210" count="53" type="stmt"/>
        <line num="211" count="0" type="stmt"/>
        <line num="212" count="0" type="cond" truecount="0" falsecount="2"/>
        <line num="213" count="0" type="stmt"/>
        <line num="217" count="53" type="stmt"/>
        <line num="221" count="53" type="stmt"/>
        <line num="222" count="3543" type="cond" truecount="2" falsecount="0"/>
        <line num="224" count="53" type="stmt"/>
        <line num="258" count="23" type="stmt"/>
        <line num="259" count="23" type="stmt"/>
      </file>
      <file name="best-splits.ts" path="/Users/petri/Documents/development/activity_viewer/utils/best-splits.ts">
        <metrics statements="28" coveredstatements="28" conditionals="24" coveredconditionals="21" methods="2" coveredmethods="2"/>
        <line num="12" count="5" type="stmt"/>
        <line num="30" count="89" type="cond" truecount="3" falsecount="1"/>
        <line num="32" count="89" type="stmt"/>
        <line num="35" count="89" type="stmt"/>
        <line num="36" count="16712" type="stmt"/>
        <line num="37" count="16712" type="cond" truecount="1" falsecount="1"/>
        <line num="39" count="16712" type="stmt"/>
        <line num="40" count="16712" type="stmt"/>
        <line num="43" count="16712" type="stmt"/>
        <line num="44" count="16712" type="cond" truecount="4" falsecount="0"/>
        <line num="47" count="16678" type="stmt"/>
        <line num="48" count="5103752" type="stmt"/>
        <line num="49" count="5103752" type="cond" truecount="1" falsecount="1"/>
        <line num="51" count="5103752" type="stmt"/>
        <line num="53" count="5103752" type="cond" truecount="2" falsecount="0"/>
        <line num="54" count="16678" type="stmt"/>
        <line num="55" count="16678" type="cond" truecount="2" falsecount="0"/>
        <line num="56" count="16676" type="cond" truecount="4" falsecount="0"/>
        <line num="57" count="302" type="stmt"/>
        <line num="60" count="16678" type="stmt"/>
        <line num="65" count="89" type="stmt"/>
        <line num="76" count="56" type="stmt"/>
        <line num="78" count="56" type="stmt"/>
        <line num="80" count="504" type="cond" truecount="2" falsecount="0"/>
        <line num="81" count="89" type="stmt"/>
        <line num="82" count="89" type="cond" truecount="2" falsecount="0"/>
        <line num="83" count="88" type="stmt"/>
        <line num="91" count="56" type="stmt"/>
      </file>
      <file name="calculate-derived-metrics.ts" path="/Users/petri/Documents/development/activity_viewer/utils/calculate-derived-metrics.ts">
        <metrics statements="23" coveredstatements="23" conditionals="34" coveredconditionals="30" methods="1" coveredmethods="1"/>
        <line num="9" count="97" type="cond" truecount="1" falsecount="1"/>
        <line num="11" count="97" type="stmt"/>
        <line num="13" count="97" type="stmt"/>
        <line num="14" count="8438" type="stmt"/>
        <line num="15" count="8438" type="stmt"/>
        <line num="17" count="8438" type="cond" truecount="2" falsecount="0"/>
        <line num="18" count="8341" type="stmt"/>
        <line num="21" count="8341" type="cond" truecount="2" falsecount="0"/>
        <line num="29" count="8286" type="stmt"/>
        <line num="30" count="8286" type="stmt"/>
        <line num="32" count="8286" type="cond" truecount="5" falsecount="0"/>
        <line num="33" count="8280" type="stmt"/>
        <line num="34" count="8280" type="cond" truecount="1" falsecount="1"/>
        <line num="35" count="8280" type="stmt"/>
        <line num="41" count="8341" type="cond" truecount="2" falsecount="0"/>
        <line num="49" count="8286" type="stmt"/>
        <line num="50" count="8286" type="stmt"/>
        <line num="52" count="8286" type="cond" truecount="4" falsecount="1"/>
        <line num="53" count="8286" type="stmt"/>
        <line num="54" count="8286" type="cond" truecount="1" falsecount="1"/>
        <line num="55" count="8286" type="stmt"/>
        <line num="61" count="8438" type="stmt"/>
        <line num="64" count="97" type="stmt"/>
      </file>
      <file name="chart-config.ts" path="/Users/petri/Documents/development/activity_viewer/utils/chart-config.ts">
        <metrics statements="111" coveredstatements="92" conditionals="127" coveredconditionals="98" methods="20" coveredmethods="19"/>
        <line num="18" count="19" type="stmt"/>
        <line num="30" count="19" type="stmt"/>
        <line num="33" count="19" type="stmt"/>
        <line num="47" count="19" type="stmt"/>
        <line num="53" count="47" type="cond" truecount="2" falsecount="0"/>
        <line num="54" count="2" type="cond" truecount="1" falsecount="1"/>
        <line num="55" count="0" type="stmt"/>
        <line num="56" count="0" type="cond" truecount="0" falsecount="2"/>
        <line num="57" count="0" type="stmt"/>
        <line num="58" count="0" type="cond" truecount="0" falsecount="2"/>
        <line num="59" count="0" type="stmt"/>
        <line num="60" count="0" type="stmt"/>
        <line num="61" count="0" type="cond" truecount="0" falsecount="2"/>
        <line num="64" count="45" type="cond" truecount="4" falsecount="0"/>
        <line num="65" count="4" type="cond" truecount="2" falsecount="0"/>
        <line num="67" count="41" type="stmt"/>
        <line num="68" count="43" type="cond" truecount="2" falsecount="0"/>
        <line num="76" count="3" type="cond" truecount="1" falsecount="1"/>
        <line num="77" count="0" type="stmt"/>
        <line num="78" count="0" type="stmt"/>
        <line num="79" count="0" type="stmt"/>
        <line num="80" count="0" type="stmt"/>
        <line num="81" count="0" type="cond" truecount="0" falsecount="4"/>
        <line num="82" count="0" type="stmt"/>
        <line num="83" count="0" type="stmt"/>
        <line num="84" count="0" type="cond" truecount="0" falsecount="4"/>
        <line num="86" count="0" type="stmt"/>
        <line num="88" count="3" type="stmt"/>
        <line num="89" count="6" type="cond" truecount="2" falsecount="0"/>
        <line num="97" count="77" type="cond" truecount="2" falsecount="0"/>
        <line num="99" count="36" type="stmt"/>
        <line num="100" count="36" type="stmt"/>
        <line num="101" count="43" type="stmt"/>
        <line num="102" count="2839" type="cond" truecount="4" falsecount="0"/>
        <line num="103" count="2839" type="cond" truecount="4" falsecount="0"/>
        <line num="104" count="2839" type="cond" truecount="4" falsecount="0"/>
        <line num="105" count="2839" type="cond" truecount="4" falsecount="0"/>
        <line num="106" count="2839" type="cond" truecount="2" falsecount="2"/>
        <line num="107" count="2839" type="cond" truecount="2" falsecount="2"/>
        <line num="108" count="2839" type="cond" truecount="4" falsecount="0"/>
        <line num="109" count="2839" type="cond" truecount="4" falsecount="0"/>
        <line num="111" count="43" type="cond" truecount="2" falsecount="0"/>
        <line num="112" count="30" type="stmt"/>
        <line num="113" count="60" type="cond" truecount="2" falsecount="0"/>
        <line num="114" count="30" type="stmt"/>
        <line num="115" count="30" type="cond" truecount="1" falsecount="1"/>
        <line num="116" count="30" type="stmt"/>
        <line num="117" count="30" type="stmt"/>
        <line num="118" count="30" type="cond" truecount="2" falsecount="0"/>
        <line num="120" count="30" type="cond" truecount="1" falsecount="1"/>
        <line num="124" count="324" type="stmt"/>
        <line num="133" count="1" type="stmt"/>
        <line num="145" count="1" type="stmt"/>
        <line num="146" count="2" type="stmt"/>
        <line num="147" count="16" type="cond" truecount="2" falsecount="0"/>
        <line num="148" count="3" type="stmt"/>
        <line num="151" count="2" type="cond" truecount="1" falsecount="1"/>
        <line num="152" count="0" type="stmt"/>
        <line num="156" count="1" type="stmt"/>
        <line num="167" count="4977" type="cond" truecount="2" falsecount="0"/>
        <line num="168" count="12" type="cond" truecount="1" falsecount="1"/>
        <line num="169" count="12" type="stmt"/>
        <line num="171" count="0" type="stmt"/>
        <line num="172" count="4965" type="cond" truecount="2" falsecount="0"/>
        <line num="173" count="67" type="stmt"/>
        <line num="175" count="4898" type="stmt"/>
        <line num="182" count="20" type="cond" truecount="2" falsecount="0"/>
        <line num="183" count="3" type="stmt"/>
        <line num="184" count="3" type="stmt"/>
        <line num="185" count="3" type="stmt"/>
        <line num="186" count="3" type="stmt"/>
        <line num="187" count="3" type="stmt"/>
        <line num="188" count="17" type="cond" truecount="2" falsecount="0"/>
        <line num="189" count="10" type="stmt"/>
        <line num="191" count="7" type="cond" truecount="2" falsecount="0"/>
        <line num="192" count="3" type="stmt"/>
        <line num="194" count="4" type="stmt"/>
        <line num="202" count="34" type="stmt"/>
        <line num="211" count="78" type="stmt"/>
        <line num="212" count="78" type="cond" truecount="1" falsecount="1"/>
        <line num="213" count="0" type="stmt"/>
        <line num="215" count="78" type="stmt"/>
        <line num="233" count="6" type="stmt"/>
        <line num="234" count="12" type="stmt"/>
        <line num="235" count="12" type="stmt"/>
        <line num="236" count="12" type="cond" truecount="2" falsecount="0"/>
        <line num="238" count="6" type="cond" truecount="6" falsecount="0"/>
        <line num="241" count="2" type="stmt"/>
        <line num="242" count="2" type="cond" truecount="3" falsecount="1"/>
        <line num="243" count="4" type="cond" truecount="2" falsecount="0"/>
        <line num="245" count="2" type="stmt"/>
        <line num="246" count="2" type="cond" truecount="1" falsecount="1"/>
        <line num="247" count="2" type="stmt"/>
        <line num="248" count="2" type="stmt"/>
        <line num="249" count="2" type="cond" truecount="4" falsecount="0"/>
        <line num="250" count="1" type="stmt"/>
        <line num="251" count="1" type="cond" truecount="3" falsecount="1"/>
        <line num="256" count="6" type="cond" truecount="2" falsecount="0"/>
        <line num="258" count="12" type="stmt"/>
        <line num="270" count="54" type="cond" truecount="2" falsecount="0"/>
        <line num="271" count="46" type="stmt"/>
        <line num="274" count="8" type="stmt"/>
        <line num="275" count="8" type="stmt"/>
        <line num="277" count="8" type="stmt"/>
        <line num="278" count="12" type="stmt"/>
        <line num="279" count="12" type="cond" truecount="2" falsecount="0"/>
        <line num="280" count="8" type="stmt"/>
        <line num="281" count="8" type="stmt"/>
        <line num="285" count="8" type="cond" truecount="2" falsecount="0"/>
        <line num="286" count="6" type="cond" truecount="1" falsecount="1"/>
        <line num="288" count="2" type="stmt"/>
      </file>
      <file name="chart-options.ts" path="/Users/petri/Documents/development/activity_viewer/utils/chart-options.ts">
        <metrics statements="49" coveredstatements="44" conditionals="67" coveredconditionals="51" methods="12" coveredmethods="10"/>
        <line num="11" count="0" type="cond" truecount="0" falsecount="2"/>
        <line num="12" count="0" type="cond" truecount="0" falsecount="2"/>
        <line num="13" count="0" type="stmt"/>
        <line num="14" count="0" type="stmt"/>
        <line num="24" count="6" type="stmt"/>
        <line num="54" count="2" type="stmt"/>
        <line num="55" count="2" type="stmt"/>
        <line num="56" count="2" type="cond" truecount="1" falsecount="1"/>
        <line num="58" count="1" type="stmt"/>
        <line num="59" count="1" type="stmt"/>
        <line num="69" count="6" type="stmt"/>
        <line num="70" count="6" type="stmt"/>
        <line num="71" count="6" type="stmt"/>
        <line num="110" count="7" type="stmt"/>
        <line num="112" count="7" type="cond" truecount="2" falsecount="0"/>
        <line num="113" count="1" type="stmt"/>
        <line num="114" count="6" type="cond" truecount="2" falsecount="0"/>
        <line num="115" count="5" type="stmt"/>
        <line num="116" count="1" type="cond" truecount="1" falsecount="1"/>
        <line num="119" count="7" type="stmt"/>
        <line num="138" count="9" type="cond" truecount="5" falsecount="0"/>
        <line num="139" count="1" type="stmt"/>
        <line num="151" count="8" type="cond" truecount="4" falsecount="0"/>
        <line num="152" count="4" type="stmt"/>
        <line num="153" count="4" type="cond" truecount="1" falsecount="1"/>
        <line num="154" count="0" type="stmt"/>
        <line num="156" count="4" type="stmt"/>
        <line num="165" count="7" type="stmt"/>
        <line num="174" count="4" type="cond" truecount="4" falsecount="0"/>
        <line num="175" count="2" type="stmt"/>
        <line num="184" count="4" type="stmt"/>
[...]
        <line num="21" count="19" type="cond" truecount="2" falsecount="0"/>
        <line num="25" count="18" type="stmt"/>
        <line num="26" count="18" type="stmt"/>
        <line num="28" count="18" type="stmt"/>
        <line num="29" count="18" type="stmt"/>
        <line num="30" count="1426" type="stmt"/>
        <line num="31" count="1426" type="cond" truecount="2" falsecount="0"/>
        <line num="32" count="1426" type="cond" truecount="2" falsecount="0"/>
        <line num="36" count="18" type="cond" truecount="5" falsecount="0"/>
        <line num="37" count="15" type="stmt"/>
        <line num="41" count="17" type="stmt"/>
        <line num="42" count="17" type="stmt"/>
        <line num="43" count="17" type="stmt"/>
        <line num="44" count="17" type="stmt"/>
        <line num="45" count="17" type="stmt"/>
        <line num="53" count="15" type="stmt"/>
        <line num="54" count="1420" type="stmt"/>
        <line num="55" count="1420" type="cond" truecount="2" falsecount="0"/>
      </file>
    </package>
    <package name="utils.parsers">
      <metrics statements="280" coveredstatements="225" conditionals="470" coveredconditionals="271" methods="22" coveredmethods="22"/>
      <file name="fit-point-extractor.ts" path="/Users/petri/Documents/development/activity_viewer/utils/parsers/fit-point-extractor.ts">
        <metrics statements="109" coveredstatements="87" conditionals="249" coveredconditionals="137" methods="5" coveredmethods="5"/>
        <line num="19" count="4131" type="cond" truecount="1" falsecount="1"/>
        <line num="20" count="4131" type="cond" truecount="1" falsecount="1"/>
        <line num="21" count="0" type="stmt"/>
        <line num="22" count="0" type="cond" truecount="0" falsecount="2"/>
        <line num="26" count="3" type="cond" truecount="4" falsecount="1"/>
        <line num="27" count="0" type="stmt"/>
        <line num="30" count="3" type="stmt"/>
        <line num="31" count="3" type="stmt"/>
        <line num="32" count="3" type="cond" truecount="4" falsecount="1"/>
        <line num="36" count="3" type="stmt"/>
        <line num="37" count="3" type="cond" truecount="1" falsecount="2"/>
        <line num="38" count="3" type="cond" truecount="1" falsecount="1"/>
        <line num="40" count="3" type="stmt"/>
        <line num="42" count="3" type="cond" truecount="1" falsecount="2"/>
        <line num="43" count="3" type="cond" truecount="1" falsecount="1"/>
        <line num="44" count="3" type="cond" truecount="1" falsecount="1"/>
        <line num="45" count="3" type="cond" truecount="1" falsecount="2"/>
        <line num="46" count="3" type="cond" truecount="1" falsecount="2"/>
        <line num="47" count="3" type="cond" truecount="3" falsecount="0"/>
        <line num="48" count="3" type="cond" truecount="3" falsecount="0"/>
        <line num="49" count="3" type="cond" truecount="1" falsecount="2"/>
        <line num="50" count="3" type="cond" truecount="1" falsecount="2"/>
        <line num="51" count="3" type="stmt"/>
        <line num="52" count="3" type="cond" truecount="3" falsecount="0"/>
        <line num="54" count="3" type="cond" truecount="2" falsecount="2"/>
        <line num="55" count="3" type="cond" truecount="3" falsecount="1"/>
        <line num="59" count="3" type="stmt"/>
        <line num="60" count="3" type="stmt"/>
        <line num="62" count="3" type="cond" truecount="3" falsecount="1"/>
        <line num="63" count="3" type="stmt"/>
        <line num="80" count="3" type="stmt"/>
        <line num="84" count="3" type="cond" truecount="1" falsecount="1"/>
        <line num="88" count="6" type="stmt"/>
        <line num="89" count="6" type="stmt"/>
        <line num="90" count="6" type="cond" truecount="1" falsecount="1"/>
        <line num="92" count="6" type="cond" truecount="1" falsecount="1"/>
        <line num="93" count="0" type="stmt"/>
        <line num="96" count="6" type="stmt"/>
        <line num="105" count="6" type="stmt"/>
        <line num="106" count="6" type="stmt"/>
        <line num="107" count="13" type="cond" truecount="2" falsecount="0"/>
        <line num="108" count="8" type="cond" truecount="1" falsecount="1"/>
        <line num="109" count="8" type="stmt"/>
        <line num="110" count="8" type="stmt"/>
        <line num="113" count="5" type="cond" truecount="3" falsecount="1"/>
        <line num="114" count="0" type="stmt"/>
        <line num="115" count="0" type="stmt"/>
        <line num="118" count="5" type="stmt"/>
        <line num="119" count="5" type="stmt"/>
        <line num="121" count="5" type="stmt"/>
        <line num="122" count="4125" type="cond" truecount="1" falsecount="1"/>
        <line num="123" count="0" type="stmt"/>
        <line num="126" count="4125" type="stmt"/>
        <line num="127" count="4125" type="cond" truecount="1" falsecount="1"/>
        <line num="129" count="4125" type="cond" truecount="2" falsecount="0"/>
        <line num="130" count="3" type="stmt"/>
        <line num="133" count="4125" type="stmt"/>
        <line num="135" count="4125" type="cond" truecount="1" falsecount="5"/>
        <line num="142" count="4125" type="cond" truecount="1" falsecount="5"/>
        <line num="149" count="4125" type="stmt"/>
        <line num="150" count="4125" type="cond" truecount="1" falsecount="1"/>
        <line num="151" count="0" type="stmt"/>
        <line num="154" count="4125" type="cond" truecount="1" falsecount="2"/>
        <line num="155" count="4125" type="cond" truecount="3" falsecount="0"/>
        <line num="157" count="4125" type="stmt"/>
        <line num="160" count="4125" type="cond" truecount="2" falsecount="0"/>
        <line num="161" count="4125" type="cond" truecount="2" falsecount="3"/>
        <line num="162" count="0" type="stmt"/>
        <line num="166" count="4125" type="cond" truecount="2" falsecount="0"/>
        <line num="167" count="4125" type="cond" truecount="2" falsecount="3"/>
        <line num="168" count="0" type="stmt"/>
        <line num="172" count="4125" type="cond" truecount="2" falsecount="0"/>
        <line num="173" count="4125" type="cond" truecount="2" falsecount="3"/>
        <line num="174" count="0" type="stmt"/>
        <line num="178" count="4125" type="cond" truecount="2" falsecount="0"/>
        <line num="179" count="4125" type="cond" truecount="2" falsecount="3"/>
        <line num="180" count="0" type="stmt"/>
        <line num="184" count="4125" type="stmt"/>
        <line num="193" count="4125" type="stmt"/>
        <line num="194" count="41250" type="cond" truecount="1" falsecount="1"/>
        <line num="195" count="0" type="cond" truecount="0" falsecount="6"/>
        <line num="196" count="0" type="stmt"/>
        <line num="200" count="4125" type="stmt"/>
        <line num="214" count="4125" type="stmt"/>
        <line num="217" count="5" type="cond" truecount="2" falsecount="0"/>
        <line num="218" count="2" type="stmt"/>
        <line num="219" count="2" type="stmt"/>
        <line num="224" count="3" type="stmt"/>
        <line num="226" count="3" type="cond" truecount="3" falsecount="2"/>
        <line num="227" count="0" type="stmt"/>
        <line num="228" count="0" type="cond" truecount="0" falsecount="3"/>
        <line num="229" count="0" type="cond" truecount="0" falsecount="4"/>
        <line num="230" count="0" type="stmt"/>
        <line num="232" count="0" type="cond" truecount="0" falsecount="3"/>
        <line num="233" count="0" type="cond" truecount="0" falsecount="4"/>
        <line num="234" count="0" type="stmt"/>
        <line num="236" count="3" type="cond" truecount="4" falsecount="1"/>
        <line num="237" count="3" type="stmt"/>
        <line num="238" count="3" type="stmt"/>
        <line num="239" count="3" type="stmt"/>
        <line num="240" count="3" type="cond" truecount="1" falsecount="2"/>
        <line num="241" count="3" type="cond" truecount="3" falsecount="1"/>
        <line num="242" count="3" type="stmt"/>
        <line num="243" count="3" type="stmt"/>
        <line num="246" count="3" type="cond" truecount="1" falsecount="1"/>
        <line num="247" count="3" type="stmt"/>
        <line num="251" count="3" type="cond" truecount="1" falsecount="1"/>
        <line num="253" count="13" type="stmt"/>
        <line num="257" count="0" type="stmt"/>
      </file>
      <file name="gpx-point-extractor.ts" path="/Users/petri/Documents/development/activity_viewer/utils/parsers/gpx-point-extractor.ts">
        <metrics statements="92" coveredstatements="74" conditionals="128" coveredconditionals="81" methods="11" coveredmethods="11"/>
        <line num="4" count="40" type="stmt"/>
        <line num="5" count="40" type="cond" truecount="2" falsecount="0"/>
        <line num="6" count="4" type="stmt"/>
        <line num="9" count="36" type="stmt"/>
        <line num="10" count="36" type="cond" truecount="2" falsecount="0"/>
        <line num="11" count="1" type="stmt"/>
        <line num="14" count="35" type="stmt"/>
        <line num="15" count="35" type="stmt"/>
        <line num="16" count="28222" type="stmt"/>
        <line num="17" count="28222" type="cond" truecount="1" falsecount="1"/>
        <line num="18" count="28222" type="stmt"/>
        <line num="22" count="35" type="cond" truecount="1" falsecount="1"/>
        <line num="23" count="0" type="stmt"/>
        <line num="26" count="35" type="stmt"/>
        <line num="30" count="28222" type="cond" truecount="1" falsecount="1"/>
        <line num="31" count="28222" type="cond" truecount="1" falsecount="1"/>
        <line num="33" count="28222" type="cond" truecount="3" falsecount="1"/>
        <line num="34" count="0" type="stmt"/>
        <line num="37" count="28222" type="stmt"/>
        <line num="38" count="28222" type="cond" truecount="2" falsecount="0"/>
        <line num="40" count="28222" type="stmt"/>
        <line num="41" count="28222" type="cond" truecount="1" falsecount="1"/>
        <line num="43" count="28222" type="stmt"/>
        <line num="49" count="28222" type="cond" truecount="2" falsecount="0"/>
        <line num="50" count="28205" type="stmt"/>
        <line num="51" count="28204" type="cond" truecount="1" falsecount="1"/>
        <line num="52" count="0" type="cond" truecount="0" falsecount="2"/>
        <line num="53" count="0" type="cond" truecount="0" falsecount="2"/>
        <line num="56" count="28204" type="stmt"/>
        <line num="58" count="28205" type="cond" truecount="2" falsecount="0"/>
        <line num="61" count="28204" type="cond" truecount="2" falsecount="0"/>
        <line num="62" count="28202" type="stmt"/>
        <line num="63" count="28202" type="cond" truecount="2" falsecount="0"/>
        <line num="64" count="28199" type="cond" truecount="1" falsecount="1"/>
        <line num="65" count="28199" type="cond" truecount="1" falsecount="1"/>
        <line num="68" count="28202" type="stmt"/>
        <line num="69" count="28202" type="cond" truecount="1" falsecount="1"/>
        <line num="70" count="0" type="cond" truecount="0" falsecount="2"/>
        <line num="71" count="0" type="cond" truecount="0" falsecount="2"/>
        <line num="74" count="28202" type="stmt"/>
        <line num="75" count="28202" type="cond" truecount="2" falsecount="0"/>
        <line num="77" count="28202" type="cond" truecount="2" falsecount="0"/>
        <line num="78" count="3" type="cond" truecount="1" falsecount="1"/>
        <line num="79" count="3" type="cond" truecount="1" falsecount="1"/>
        <line num="80" count="3" type="stmt"/>
        <line num="85" count="28204" type="stmt"/>
        <line num="86" count="28204" type="cond" truecount="3" falsecount="0"/>
        <line num="89" count="28204" type="cond" truecount="4" falsecount="0"/>
        <line num="90" count="2" type="cond" truecount="1" falsecount="1"/>
        <line num="91" count="2" type="cond" truecount="1" falsecount="1"/>
        <line num="92" count="2" type="stmt"/>
        <line num="99" count="28222" type="stmt"/>
        <line num="101" count="28222" type="cond" truecount="2" falsecount="0"/>
        <line num="102" count="28204" type="stmt"/>
        <line num="103" count="28205" type="cond" truecount="2" falsecount="0"/>
        <line num="105" count="28204" type="cond" truecount="1" falsecount="1"/>
        <line num="106" count="0" type="cond" truecount="0" falsecount="2"/>
        <line num="107" count="0" type="cond" truecount="0" falsecount="4"/>
        <line num="110" count="28204" type="stmt"/>
        <line num="111" count="28205" type="cond" truecount="4" falsecount="0"/>
        <line num="113" count="28204" type="cond" truecount="1" falsecount="1"/>
        <line num="114" count="0" type="cond" truecount="0" falsecount="2"/>
        <line num="115" count="0" type="cond" truecount="0" falsecount="2"/>
        <line num="119" count="28204" type="stmt"/>
        <line num="121" count="28205" type="cond" truecount="2" falsecount="0"/>
        <line num="123" count="28204" type="cond" truecount="2" falsecount="0"/>
        <line num="124" count="28202" type="stmt"/>
        <line num="125" count="28202" type="stmt"/>
        <line num="126" count="28202" type="cond" truecount="4" falsecount="0"/>
        <line num="128" count="3" type="stmt"/>
        <line num="129" count="28202" type="cond" truecount="1" falsecount="1"/>
        <line num="131" count="3" type="stmt"/>
        <line num="132" count="3" type="cond" truecount="3" falsecount="1"/>
        <line num="135" count="3" type="cond" truecount="1" falsecount="1"/>
        <line num="136" count="0" type="stmt"/>
        <line num="137" count="3" type="cond" truecount="1" falsecount="1"/>
        <line num="138" count="0" type="stmt"/>
        <line num="139" count="3" type="cond" truecount="1" falsecount="1"/>
        <line num="140" count="0" type="stmt"/>
        <line num="141" count="3" type="cond" truecount="1" falsecount="1"/>
        <line num="142" count="0" type="stmt"/>
        <line num="145" count="3" type="stmt"/>
        <line num="151" count="28204" type="stmt"/>
        <line num="152" count="28205" type="stmt"/>
        <line num="153" count="28205" type="cond" truecount="11" falsecount="2"/>
        <line num="157" count="28205" type="stmt"/>
        <line num="160" count="0" type="stmt"/>
        <line num="161" count="28205" type="cond" truecount="1" falsecount="1"/>
        <line num="163" count="0" type="stmt"/>
        <line num="164" count="0" type="cond" truecount="0" falsecount="4"/>
        <line num="166" count="0" type="stmt"/>
        <line num="170" count="28222" type="stmt"/>
      </file>
      <file name="tcx-point-extractor.ts" path="/Users/petri/Documents/development/activity_viewer/utils/parsers/tcx-point-extractor.ts">
        <metrics statements="79" coveredstatements="64" conditionals="93" coveredconditionals="53" methods="6" coveredmethods="6"/>
        <line num="4" count="11" type="stmt"/>
        <line num="5" count="11" type="cond" truecount="2" falsecount="0"/>
        <line num="6" count="2" type="stmt"/>
        <line num="9" count="9" type="stmt"/>
        <line num="10" count="9" type="cond" truecount="1" falsecount="1"/>
        <line num="11" count="0" type="stmt"/>
        <line num="14" count="9" type="stmt"/>
        <line num="15" count="9" type="stmt"/>
        <line num="16" count="10313" type="stmt"/>
        <line num="17" count="10313" type="cond" truecount="1" falsecount="1"/>
        <line num="18" count="10313" type="stmt"/>
        <line num="22" count="9" type="cond" truecount="1" falsecount="1"/>
        <line num="23" count="0" type="stmt"/>
        <line num="26" count="9" type="stmt"/>
        <line num="30" count="10313" type="stmt"/>
        <line num="31" count="10313" type="cond" truecount="1" falsecount="1"/>
        <line num="32" count="0" type="stmt"/>
        <line num="35" count="10313" type="stmt"/>
        <line num="36" count="10313" type="stmt"/>
        <line num="38" count="10313" type="cond" truecount="3" falsecount="1"/>
        <line num="39" count="0" type="stmt"/>
        <line num="42" count="10313" type="stmt"/>
        <line num="43" count="10313" type="stmt"/>
        <line num="45" count="10313" type="cond" truecount="3" falsecount="1"/>
        <line num="46" count="0" type="stmt"/>
        <line num="49" count="10313" type="stmt"/>
        <line num="50" count="10313" type="cond" truecount="2" falsecount="0"/>
        <line num="52" count="10313" type="stmt"/>
        <line num="53" count="10313" type="cond" truecount="1" falsecount="1"/>
        <line num="55" count="10313" type="stmt"/>
        <line num="56" count="10313" type="cond" truecount="2" falsecount="0"/>
        <line num="58" count="10313" type="stmt"/>
        <line num="60" count="10313" type="cond" truecount="2" falsecount="0"/>
        <line num="61" count="10310" type="stmt"/>
        <line num="62" count="10310" type="cond" truecount="1" falsecount="1"/>
        <line num="63" count="10310" type="stmt"/>
        <line num="64" count="10310" type="cond" truecount="1" falsecount="1"/>
        <line num="68" count="10313" type="stmt"/>
        <line num="69" count="10313" type="cond" truecount="1" falsecount="1"/>
        <line num="74" count="10313" type="stmt"/>
        <line num="75" count="10313" type="stmt"/>
        <line num="76" count="10313" type="cond" truecount="2" falsecount="0"/>
        <line num="77" count="10310" type="stmt"/>
        <line num="78" count="10310" type="cond" truecount="1" falsecount="1"/>
        <line num="81" count="10310" type="cond" truecount="1" falsecount="1"/>
        <line num="82" count="10310" type="stmt"/>
        <line num="83" count="20620" type="cond" truecount="2" falsecount="0"/>
        <line num="85" count="10310" type="cond" truecount="1" falsecount="1"/>
        <line num="86" count="10310" type="cond" truecount="1" falsecount="1"/>
        <line num="87" count="10310" type="cond" truecount="1" falsecount="1"/>
        <line num="90" count="10310" type="stmt"/>
        <line num="91" count="10310" type="stmt"/>
        <line num="93" count="10310" type="cond" truecount="1" falsecount="1"/>
        <line num="94" count="10310" type="cond" truecount="1" falsecount="1"/>
        <line num="95" count="10310" type="cond" truecount="3" falsecount="1"/>
        <line num="99" count="10310" type="stmt"/>
        <line num="100" count="20620" type="stmt"/>
        <line num="101" count="20620" type="cond" truecount="4" falsecount="1"/>
        <line num="102" count="20620" type="stmt"/>
        <line num="105" count="0" type="stmt"/>
        <line num="106" count="20620" type="cond" truecount="1" falsecount="1"/>
        <line num="108" count="0" type="stmt"/>
        <line num="109" count="0" type="cond" truecount="0" falsecount="4"/>
        <line num="111" count="0" type="stmt"/>
        <line num="115" count="10310" type="stmt"/>
        <line num="116" count="10310" type="cond" truecount="2" falsecount="0"/>
        <line num="118" count="10310" type="cond" truecount="2" falsecount="2"/>
        <line num="119" count="0" type="cond" truecount="0" falsecount="2"/>
        <line num="120" count="0" type="cond" truecount="0" falsecount="2"/>
        <line num="124" count="10310" type="stmt"/>
        <line num="125" count="10310" type="stmt"/>
        <line num="126" count="10310" type="cond" truecount="2" falsecount="4"/>
        <line num="127" count="10310" type="stmt"/>
        <line num="130" count="0" type="stmt"/>
        <line num="131" count="10310" type="cond" truecount="1" falsecount="1"/>
        <line num="133" count="0" type="stmt"/>
        <line num="134" count="0" type="cond" truecount="0" falsecount="4"/>
        <line num="136" count="0" type="stmt"/>
        <line num="140" count="10313" type="stmt"/>
      </file>
    </package>
  </project>
</coverage>
