{"/Users/petri/Documents/development/activity_viewer/components/OverviewPanel.vue": {"path":"/Users/petri/Documents/development/activity_viewer/components/OverviewPanel.vue","statementMap":{"0":{"start":{"line":922,"column":25},"end":{"line":922,"column":null}},"1":{"start":{"line":923,"column":6},"end":{"line":923,"column":null}},"2":{"start":{"line":924,"column":6},"end":{"line":924,"column":null}},"3":{"start":{"line":925,"column":6},"end":{"line":925,"column":null}},"4":{"start":{"line":926,"column":6},"end":{"line":926,"column":null}},"5":{"start":{"line":928,"column":27},"end":{"line":928,"column":null}},"6":{"start":{"line":929,"column":28},"end":{"line":929,"column":null}},"7":{"start":{"line":930,"column":20},"end":{"line":930,"column":null}},"8":{"start":{"line":932,"column":6},"end":{"line":932,"column":null}},"9":{"start":{"line":932,"column":36},"end":{"line":932,"column":70}},"10":{"start":{"line":933,"column":6},"end":{"line":933,"column":null}},"11":{"start":{"line":933,"column":40},"end":{"line":933,"column":83}},"12":{"start":{"line":934,"column":6},"end":{"line":940,"column":null}},"13":{"start":{"line":935,"column":2},"end":{"line":939,"column":null}},"14":{"start":{"line":942,"column":6},"end":{"line":942,"column":null}},"15":{"start":{"line":943,"column":6},"end":{"line":943,"column":null}},"16":{"start":{"line":945,"column":0},"end":{"line":960,"column":null}},"17":{"start":{"line":948,"column":4},"end":{"line":951,"column":null}},"18":{"start":{"line":949,"column":6},"end":{"line":949,"column":null}},"19":{"start":{"line":950,"column":6},"end":{"line":950,"column":null}},"20":{"start":{"line":952,"column":4},"end":{"line":957,"column":null}},"21":{"start":{"line":952,"column":55},"end":{"line":952,"column":88}},"22":{"start":{"line":953,"column":20},"end":{"line":953,"column":null}},"23":{"start":{"line":954,"column":6},"end":{"line":956,"column":null}},"24":{"start":{"line":955,"column":8},"end":{"line":955,"column":null}},"25":{"start":{"line":963,"column":17},"end":{"line":963,"column":null}},"26":{"start":{"line":964,"column":2},"end":{"line":964,"column":null}},"27":{"start":{"line":967,"column":30},"end":{"line":970,"column":null}},"28":{"start":{"line":968,"column":17},"end":{"line":968,"column":null}},"29":{"start":{"line":969,"column":2},"end":{"line":969,"column":null}},"30":{"start":{"line":972,"column":25},"end":{"line":979,"column":null}},"31":{"start":{"line":973,"column":2},"end":{"line":978,"column":null}},"32":{"start":{"line":981,"column":19},"end":{"line":990,"column":null}},"33":{"start":{"line":991,"column":21},"end":{"line":991,"column":null}},"34":{"start":{"line":993,"column":6},"end":{"line":993,"column":null}},"35":{"start":{"line":995,"column":48},"end":{"line":995,"column":null}},"36":{"start":{"line":997,"column":6},"end":{"line":1012,"column":null}},"37":{"start":{"line":998,"column":20},"end":{"line":1005,"column":null}},"38":{"start":{"line":999,"column":4},"end":{"line":1004,"column":null}},"39":{"start":{"line":1000,"column":20},"end":{"line":1000,"column":null}},"40":{"start":{"line":1001,"column":6},"end":{"line":1001,"column":null}},"41":{"start":{"line":1001,"column":18},"end":{"line":1001,"column":null}},"42":{"start":{"line":1002,"column":26},"end":{"line":1002,"column":null}},"43":{"start":{"line":1003,"column":6},"end":{"line":1003,"column":null}},"44":{"start":{"line":1007,"column":2},"end":{"line":1009,"column":null}},"45":{"start":{"line":1008,"column":4},"end":{"line":1008,"column":null}},"46":{"start":{"line":1008,"column":40},"end":{"line":1008,"column":73}},"47":{"start":{"line":1011,"column":2},"end":{"line":1011,"column":null}},"48":{"start":{"line":1014,"column":22},"end":{"line":1018,"column":null}},"49":{"start":{"line":1015,"column":16},"end":{"line":1015,"column":null}},"50":{"start":{"line":1016,"column":16},"end":{"line":1016,"column":null}},"51":{"start":{"line":1017,"column":2},"end":{"line":1017,"column":null}},"52":{"start":{"line":1020,"column":29},"end":{"line":1022,"column":null}},"53":{"start":{"line":1021,"column":2},"end":{"line":1021,"column":null}},"54":{"start":{"line":1024,"column":22},"end":{"line":1028,"column":null}},"55":{"start":{"line":1025,"column":16},"end":{"line":1025,"column":null}},"56":{"start":{"line":1026,"column":16},"end":{"line":1026,"column":null}},"57":{"start":{"line":1027,"column":2},"end":{"line":1027,"column":null}},"58":{"start":{"line":1030,"column":6},"end":{"line":1038,"column":null}},"59":{"start":{"line":1030,"column":40},"end":{"line":1038,"column":2}},"60":{"start":{"line":1040,"column":6},"end":{"line":1092,"column":null}},"61":{"start":{"line":1041,"column":71},"end":{"line":1041,"column":null}},"62":{"start":{"line":1042,"column":15},"end":{"line":1042,"column":null}},"63":{"start":{"line":1043,"column":19},"end":{"line":1043,"column":null}},"64":{"start":{"line":1046,"column":2},"end":{"line":1051,"column":null}},"65":{"start":{"line":1047,"column":4},"end":{"line":1049,"column":null}},"66":{"start":{"line":1048,"column":6},"end":{"line":1048,"column":null}},"67":{"start":{"line":1050,"column":4},"end":{"line":1050,"column":null}},"68":{"start":{"line":1054,"column":12},"end":{"line":1054,"column":null}},"69":{"start":{"line":1055,"column":8},"end":{"line":1058,"column":null}},"70":{"start":{"line":1059,"column":2},"end":{"line":1064,"column":null}},"71":{"start":{"line":1060,"column":4},"end":{"line":1062,"column":null}},"72":{"start":{"line":1061,"column":6},"end":{"line":1061,"column":null}},"73":{"start":{"line":1063,"column":4},"end":{"line":1063,"column":null}},"74":{"start":{"line":1067,"column":8},"end":{"line":1067,"column":null}},"75":{"start":{"line":1068,"column":2},"end":{"line":1073,"column":null}},"76":{"start":{"line":1069,"column":4},"end":{"line":1071,"column":null}},"77":{"start":{"line":1070,"column":6},"end":{"line":1070,"column":null}},"78":{"start":{"line":1072,"column":4},"end":{"line":1072,"column":null}},"79":{"start":{"line":1075,"column":8},"end":{"line":1078,"column":null}},"80":{"start":{"line":1080,"column":2},"end":{"line":1090,"column":null}},"81":{"start":{"line":1081,"column":10},"end":{"line":1081,"column":null}},"82":{"start":{"line":1082,"column":10},"end":{"line":1084,"column":null}},"83":{"start":{"line":1085,"column":10},"end":{"line":1085,"column":null}},"84":{"start":{"line":1086,"column":4},"end":{"line":1089,"column":null}},"85":{"start":{"line":1091,"column":2},"end":{"line":1091,"column":null}},"86":{"start":{"line":1094,"column":6},"end":{"line":1097,"column":null}},"87":{"start":{"line":1095,"column":12},"end":{"line":1095,"column":null}},"88":{"start":{"line":1096,"column":2},"end":{"line":1096,"column":null}},"89":{"start":{"line":1099,"column":6},"end":{"line":1117,"column":null}},"90":{"start":{"line":1100,"column":2},"end":{"line":1100,"column":null}},"91":{"start":{"line":1100,"column":34},"end":{"line":1100,"column":null}},"92":{"start":{"line":1102,"column":12},"end":{"line":1102,"column":null}},"93":{"start":{"line":1103,"column":15},"end":{"line":1103,"column":null}},"94":{"start":{"line":1104,"column":8},"end":{"line":1104,"column":null}},"95":{"start":{"line":1106,"column":2},"end":{"line":1106,"column":null}},"96":{"start":{"line":1106,"column":15},"end":{"line":1106,"column":null}},"97":{"start":{"line":1108,"column":8},"end":{"line":1111,"column":null}},"98":{"start":{"line":1113,"column":8},"end":{"line":1113,"column":null}},"99":{"start":{"line":1114,"column":8},"end":{"line":1114,"column":null}},"100":{"start":{"line":1116,"column":2},"end":{"line":1116,"column":null}},"101":{"start":{"line":1119,"column":6},"end":{"line":1124,"column":null}},"102":{"start":{"line":1120,"column":2},"end":{"line":1120,"column":null}},"103":{"start":{"line":1120,"column":27},"end":{"line":1120,"column":null}},"104":{"start":{"line":1121,"column":13},"end":{"line":1121,"column":null}},"105":{"start":{"line":1122,"column":2},"end":{"line":1122,"column":null}},"106":{"start":{"line":1122,"column":11},"end":{"line":1122,"column":null}},"107":{"start":{"line":1123,"column":2},"end":{"line":1123,"column":null}},"108":{"start":{"line":1126,"column":6},"end":{"line":1133,"column":null}},"109":{"start":{"line":1127,"column":2},"end":{"line":1132,"column":null}},"110":{"start":{"line":1129,"column":6},"end":{"line":1131,"column":null}},"111":{"start":{"line":1135,"column":6},"end":{"line":1140,"column":null}},"112":{"start":{"line":1136,"column":2},"end":{"line":1139,"column":null}},"113":{"start":{"line":1138,"column":6},"end":{"line":1138,"column":null}},"114":{"start":{"line":1142,"column":6},"end":{"line":1142,"column":null}},"115":{"start":{"line":1142,"column":35},"end":{"line":1142,"column":78}},"116":{"start":{"line":1142,"column":70},"end":{"line":1142,"column":77}},"117":{"start":{"line":1144,"column":6},"end":{"line":1150,"column":null}},"118":{"start":{"line":1145,"column":2},"end":{"line":1149,"column":null}},"119":{"start":{"line":1147,"column":6},"end":{"line":1148,"column":null}},"120":{"start":{"line":1152,"column":6},"end":{"line":1152,"column":null}},"121":{"start":{"line":1152,"column":34},"end":{"line":1152,"column":97}},"122":{"start":{"line":1152,"column":69},"end":{"line":1152,"column":96}},"123":{"start":{"line":1154,"column":6},"end":{"line":1158,"column":null}},"124":{"start":{"line":1155,"column":2},"end":{"line":1157,"column":null}},"125":{"start":{"line":1156,"column":4},"end":{"line":1156,"column":null}},"126":{"start":{"line":1156,"column":26},"end":{"line":1156,"column":93}},"127":{"start":{"line":1160,"column":6},"end":{"line":1164,"column":null}},"128":{"start":{"line":1161,"column":2},"end":{"line":1163,"column":null}},"129":{"start":{"line":1162,"column":4},"end":{"line":1162,"column":null}},"130":{"start":{"line":1162,"column":26},"end":{"line":1162,"column":89}},"131":{"start":{"line":1166,"column":6},"end":{"line":1172,"column":null}},"132":{"start":{"line":1167,"column":2},"end":{"line":1171,"column":null}},"133":{"start":{"line":1168,"column":4},"end":{"line":1170,"column":null}},"134":{"start":{"line":1169,"column":15},"end":{"line":1169,"column":null}},"135":{"start":{"line":1174,"column":6},"end":{"line":1178,"column":null}},"136":{"start":{"line":1175,"column":2},"end":{"line":1177,"column":null}},"137":{"start":{"line":1176,"column":4},"end":{"line":1176,"column":null}},"138":{"start":{"line":1176,"column":26},"end":{"line":1176,"column":85}},"139":{"start":{"line":1181,"column":2},"end":{"line":1181,"column":null}},"140":{"start":{"line":1181,"column":34},"end":{"line":1181,"column":null}},"141":{"start":{"line":1182,"column":20},"end":{"line":1184,"column":null}},"142":{"start":{"line":1183,"column":13},"end":{"line":1183,"column":null}},"143":{"start":{"line":1185,"column":2},"end":{"line":1185,"column":null}},"144":{"start":{"line":1185,"column":30},"end":{"line":1185,"column":null}},"145":{"start":{"line":1186,"column":20},"end":{"line":1186,"column":null}},"146":{"start":{"line":1186,"column":51},"end":{"line":1186,"column":86}},"147":{"start":{"line":1187,"column":18},"end":{"line":1187,"column":null}},"148":{"start":{"line":1188,"column":2},"end":{"line":1188,"column":null}},"149":{"start":{"line":1192,"column":2},"end":{"line":1192,"column":null}},"150":{"start":{"line":1192,"column":34},"end":{"line":1192,"column":null}},"151":{"start":{"line":1193,"column":20},"end":{"line":1195,"column":null}},"152":{"start":{"line":1194,"column":13},"end":{"line":1194,"column":null}},"153":{"start":{"line":1196,"column":2},"end":{"line":1196,"column":null}},"154":{"start":{"line":1196,"column":30},"end":{"line":1196,"column":null}},"155":{"start":{"line":1197,"column":24},"end":{"line":1197,"column":null}},"156":{"start":{"line":1197,"column":55},"end":{"line":1197,"column":88}},"157":{"start":{"line":1198,"column":22},"end":{"line":1198,"column":null}},"158":{"start":{"line":1199,"column":2},"end":{"line":1199,"column":null}},"159":{"start":{"line":1203,"column":2},"end":{"line":1203,"column":null}},"160":{"start":{"line":1203,"column":34},"end":{"line":1203,"column":null}},"161":{"start":{"line":1204,"column":20},"end":{"line":1206,"column":null}},"162":{"start":{"line":1205,"column":13},"end":{"line":1205,"column":null}},"163":{"start":{"line":1207,"column":2},"end":{"line":1207,"column":null}},"164":{"start":{"line":1207,"column":30},"end":{"line":1207,"column":null}},"165":{"start":{"line":1208,"column":18},"end":{"line":1208,"column":null}},"166":{"start":{"line":1208,"column":49},"end":{"line":1208,"column":87}},"167":{"start":{"line":1209,"column":16},"end":{"line":1209,"column":null}},"168":{"start":{"line":1210,"column":2},"end":{"line":1210,"column":null}},"169":{"start":{"line":1214,"column":2},"end":{"line":1214,"column":null}},"170":{"start":{"line":1214,"column":34},"end":{"line":1214,"column":null}},"171":{"start":{"line":1215,"column":20},"end":{"line":1217,"column":null}},"172":{"start":{"line":1216,"column":13},"end":{"line":1216,"column":null}},"173":{"start":{"line":1218,"column":2},"end":{"line":1218,"column":null}},"174":{"start":{"line":1218,"column":30},"end":{"line":1218,"column":null}},"175":{"start":{"line":1219,"column":21},"end":{"line":1219,"column":null}},"176":{"start":{"line":1219,"column":52},"end":{"line":1219,"column":83}},"177":{"start":{"line":1220,"column":19},"end":{"line":1220,"column":null}},"178":{"start":{"line":1221,"column":2},"end":{"line":1221,"column":null}},"179":{"start":{"line":1224,"column":6},"end":{"line":1231,"column":null}},"180":{"start":{"line":1225,"column":2},"end":{"line":1225,"column":null}},"181":{"start":{"line":1225,"column":43},"end":{"line":1225,"column":null}},"182":{"start":{"line":1226,"column":2},"end":{"line":1230,"column":null}},"183":{"start":{"line":1227,"column":18},"end":{"line":1227,"column":null}},"184":{"start":{"line":1228,"column":4},"end":{"line":1228,"column":null}},"185":{"start":{"line":1228,"column":35},"end":{"line":1228,"column":null}},"186":{"start":{"line":1229,"column":4},"end":{"line":1229,"column":null}},"187":{"start":{"line":1233,"column":6},"end":{"line":1242,"column":null}},"188":{"start":{"line":1234,"column":20},"end":{"line":1234,"column":null}},"189":{"start":{"line":1235,"column":2},"end":{"line":1240,"column":null}},"190":{"start":{"line":1236,"column":18},"end":{"line":1236,"column":null}},"191":{"start":{"line":1237,"column":4},"end":{"line":1239,"column":null}},"192":{"start":{"line":1238,"column":6},"end":{"line":1238,"column":null}},"193":{"start":{"line":1238,"column":60},"end":{"line":1238,"column":78}},"194":{"start":{"line":1241,"column":2},"end":{"line":1241,"column":null}},"195":{"start":{"line":1245,"column":2},"end":{"line":1247,"column":null}},"196":{"start":{"line":1246,"column":4},"end":{"line":1246,"column":null}},"197":{"start":{"line":1248,"column":2},"end":{"line":1250,"column":null}},"198":{"start":{"line":1249,"column":4},"end":{"line":1249,"column":null}},"199":{"start":{"line":1251,"column":2},"end":{"line":1253,"column":null}},"200":{"start":{"line":1252,"column":4},"end":{"line":1252,"column":null}},"201":{"start":{"line":1254,"column":2},"end":{"line":1256,"column":null}},"202":{"start":{"line":1255,"column":4},"end":{"line":1255,"column":null}},"203":{"start":{"line":1257,"column":2},"end":{"line":1259,"column":null}},"204":{"start":{"line":1258,"column":4},"end":{"line":1258,"column":null}},"205":{"start":{"line":1260,"column":2},"end":{"line":1262,"column":null}},"206":{"start":{"line":1261,"column":4},"end":{"line":1261,"column":null}},"207":{"start":{"line":1263,"column":2},"end":{"line":1265,"column":null}},"208":{"start":{"line":1264,"column":4},"end":{"line":1264,"column":null}},"209":{"start":{"line":1266,"column":2},"end":{"line":1266,"column":null}},"210":{"start":{"line":1270,"column":45},"end":{"line":1279,"column":null}},"211":{"start":{"line":1281,"column":2},"end":{"line":1283,"column":null}},"212":{"start":{"line":1282,"column":4},"end":{"line":1282,"column":null}},"213":{"start":{"line":1285,"column":20},"end":{"line":1285,"column":null}},"214":{"start":{"line":1287,"column":47},"end":{"line":1299,"column":null}},"215":{"start":{"line":1301,"column":13},"end":{"line":1301,"column":null}},"216":{"start":{"line":1302,"column":2},"end":{"line":1308,"column":null}},"217":{"start":{"line":1303,"column":4},"end":{"line":1307,"column":null}},"218":{"start":{"line":1304,"column":6},"end":{"line":1304,"column":null}},"219":{"start":{"line":1305,"column":6},"end":{"line":1305,"column":null}},"220":{"start":{"line":1306,"column":6},"end":{"line":1306,"column":null}},"221":{"start":{"line":1310,"column":2},"end":{"line":1332,"column":null}},"222":{"start":{"line":1313,"column":29},"end":{"line":1313,"column":44}},"223":{"start":{"line":1315,"column":20},"end":{"line":1315,"column":null}},"224":{"start":{"line":1316,"column":6},"end":{"line":1330,"column":null}},"225":{"start":{"line":1329,"column":8},"end":{"line":1329,"column":null}},"226":{"start":{"line":1331,"column":6},"end":{"line":1331,"column":null}},"227":{"start":{"line":1334,"column":2},"end":{"line":1334,"column":null}},"228":{"start":{"line":1342,"column":2},"end":{"line":1342,"column":null}},"229":{"start":{"line":1342,"column":31},"end":{"line":1342,"column":null}},"230":{"start":{"line":1343,"column":15},"end":{"line":1343,"column":null}},"231":{"start":{"line":1344,"column":2},"end":{"line":1344,"column":null}},"232":{"start":{"line":1344,"column":45},"end":{"line":1344,"column":null}},"233":{"start":{"line":1345,"column":18},"end":{"line":1345,"column":null}},"234":{"start":{"line":1346,"column":2},"end":{"line":1346,"column":null}},"235":{"start":{"line":1346,"column":48},"end":{"line":1346,"column":null}},"236":{"start":{"line":1348,"column":19},"end":{"line":1348,"column":null}},"237":{"start":{"line":1349,"column":22},"end":{"line":1349,"column":null}},"238":{"start":{"line":1350,"column":2},"end":{"line":1350,"column":null}},"239":{"start":{"line":1350,"column":51},"end":{"line":1350,"column":null}},"240":{"start":{"line":1351,"column":2},"end":{"line":1351,"column":null}},"241":{"start":{"line":1351,"column":57},"end":{"line":1351,"column":null}},"242":{"start":{"line":1353,"column":2},"end":{"line":1353,"column":null}},"243":{"start":{"line":1353,"column":47},"end":{"line":1353,"column":null}},"244":{"start":{"line":1355,"column":15},"end":{"line":1355,"column":null}},"245":{"start":{"line":1356,"column":14},"end":{"line":1356,"column":null}},"246":{"start":{"line":1357,"column":18},"end":{"line":1357,"column":null}},"247":{"start":{"line":1358,"column":17},"end":{"line":1358,"column":null}},"248":{"start":{"line":1360,"column":2},"end":{"line":1360,"column":null}},"249":{"start":{"line":1360,"column":39},"end":{"line":1360,"column":null}},"250":{"start":{"line":1362,"column":24},"end":{"line":1362,"column":null}},"251":{"start":{"line":1363,"column":23},"end":{"line":1363,"column":null}},"252":{"start":{"line":1364,"column":19},"end":{"line":1364,"column":null}},"253":{"start":{"line":1365,"column":2},"end":{"line":1365,"column":null}},"254":{"start":{"line":1368,"column":6},"end":{"line":1374,"column":null}},"255":{"start":{"line":1369,"column":2},"end":{"line":1373,"column":null}},"256":{"start":{"line":1370,"column":18},"end":{"line":1370,"column":null}},"257":{"start":{"line":1371,"column":4},"end":{"line":1371,"column":null}},"258":{"start":{"line":1371,"column":37},"end":{"line":1371,"column":null}},"259":{"start":{"line":1372,"column":4},"end":{"line":1372,"column":null}},"260":{"start":{"line":1376,"column":6},"end":{"line":1386,"column":null}},"261":{"start":{"line":1377,"column":20},"end":{"line":1377,"column":null}},"262":{"start":{"line":1378,"column":2},"end":{"line":1383,"column":null}},"263":{"start":{"line":1379,"column":18},"end":{"line":1379,"column":null}},"264":{"start":{"line":1380,"column":4},"end":{"line":1382,"column":null}},"265":{"start":{"line":1381,"column":6},"end":{"line":1381,"column":null}},"266":{"start":{"line":1381,"column":55},"end":{"line":1381,"column":75}},"267":{"start":{"line":1385,"column":2},"end":{"line":1385,"column":null}},"268":{"start":{"line":1385,"column":38},"end":{"line":1385,"column":49}},"269":{"start":{"line":1385,"column":69},"end":{"line":1385,"column":89}},"270":{"start":{"line":1389,"column":16},"end":{"line":1389,"column":null}},"271":{"start":{"line":1390,"column":2},"end":{"line":1390,"column":null}},"272":{"start":{"line":1390,"column":26},"end":{"line":1390,"column":null}},"273":{"start":{"line":1391,"column":16},"end":{"line":1391,"column":null}},"274":{"start":{"line":1392,"column":2},"end":{"line":1392,"column":null}},"275":{"start":{"line":1392,"column":44},"end":{"line":1392,"column":null}},"276":{"start":{"line":1393,"column":2},"end":{"line":1393,"column":null}},"277":{"start":{"line":1397,"column":2},"end":{"line":1397,"column":null}},"278":{"start":{"line":1397,"column":31},"end":{"line":1397,"column":null}},"279":{"start":{"line":1398,"column":15},"end":{"line":1398,"column":null}},"280":{"start":{"line":1399,"column":2},"end":{"line":1399,"column":null}},"281":{"start":{"line":1399,"column":25},"end":{"line":1399,"column":null}},"282":{"start":{"line":1400,"column":18},"end":{"line":1400,"column":null}},"283":{"start":{"line":1401,"column":2},"end":{"line":1401,"column":null}},"284":{"start":{"line":1401,"column":28},"end":{"line":1401,"column":null}},"285":{"start":{"line":1403,"column":20},"end":{"line":1403,"column":null}},"286":{"start":{"line":1404,"column":23},"end":{"line":1404,"column":null}},"287":{"start":{"line":1405,"column":2},"end":{"line":1405,"column":null}},"288":{"start":{"line":1405,"column":52},"end":{"line":1405,"column":null}},"289":{"start":{"line":1406,"column":2},"end":{"line":1406,"column":null}},"290":{"start":{"line":1406,"column":58},"end":{"line":1406,"column":null}},"291":{"start":{"line":1408,"column":12},"end":{"line":1408,"column":null}},"292":{"start":{"line":1409,"column":12},"end":{"line":1409,"column":null}},"293":{"start":{"line":1410,"column":15},"end":{"line":1410,"column":null}},"294":{"start":{"line":1411,"column":14},"end":{"line":1411,"column":null}},"295":{"start":{"line":1412,"column":18},"end":{"line":1412,"column":null}},"296":{"start":{"line":1413,"column":17},"end":{"line":1413,"column":null}},"297":{"start":{"line":1415,"column":2},"end":{"line":1415,"column":null}},"298":{"start":{"line":1415,"column":47},"end":{"line":1415,"column":null}},"299":{"start":{"line":1416,"column":2},"end":{"line":1416,"column":null}},"300":{"start":{"line":1416,"column":38},"end":{"line":1416,"column":null}},"301":{"start":{"line":1418,"column":20},"end":{"line":1418,"column":null}},"302":{"start":{"line":1419,"column":23},"end":{"line":1419,"column":null}},"303":{"start":{"line":1420,"column":19},"end":{"line":1420,"column":null}},"304":{"start":{"line":1421,"column":2},"end":{"line":1421,"column":null}},"305":{"start":{"line":1425,"column":2},"end":{"line":1425,"column":null}},"306":{"start":{"line":1425,"column":31},"end":{"line":1425,"column":null}},"307":{"start":{"line":1426,"column":15},"end":{"line":1426,"column":null}},"308":{"start":{"line":1427,"column":2},"end":{"line":1427,"column":null}},"309":{"start":{"line":1427,"column":13},"end":{"line":1427,"column":null}},"310":{"start":{"line":1428,"column":18},"end":{"line":1428,"column":null}},"311":{"start":{"line":1429,"column":2},"end":{"line":1429,"column":null}},"312":{"start":{"line":1429,"column":16},"end":{"line":1429,"column":null}},"313":{"start":{"line":1431,"column":12},"end":{"line":1431,"column":null}},"314":{"start":{"line":1432,"column":12},"end":{"line":1432,"column":null}},"315":{"start":{"line":1433,"column":15},"end":{"line":1433,"column":null}},"316":{"start":{"line":1434,"column":14},"end":{"line":1434,"column":null}},"317":{"start":{"line":1435,"column":18},"end":{"line":1435,"column":null}},"318":{"start":{"line":1436,"column":17},"end":{"line":1436,"column":null}},"319":{"start":{"line":1438,"column":2},"end":{"line":1438,"column":null}},"320":{"start":{"line":1438,"column":47},"end":{"line":1438,"column":null}},"321":{"start":{"line":1439,"column":2},"end":{"line":1439,"column":null}},"322":{"start":{"line":1439,"column":38},"end":{"line":1439,"column":null}},"323":{"start":{"line":1442,"column":4},"end":{"line":1444,"column":null}},"324":{"start":{"line":1445,"column":23},"end":{"line":1445,"column":null}},"325":{"start":{"line":1446,"column":19},"end":{"line":1446,"column":null}},"326":{"start":{"line":1447,"column":2},"end":{"line":1447,"column":null}},"327":{"start":{"line":1451,"column":2},"end":{"line":1451,"column":null}},"328":{"start":{"line":1451,"column":31},"end":{"line":1451,"column":null}},"329":{"start":{"line":1452,"column":15},"end":{"line":1452,"column":null}},"330":{"start":{"line":1453,"column":2},"end":{"line":1453,"column":null}},"331":{"start":{"line":1453,"column":13},"end":{"line":1453,"column":null}},"332":{"start":{"line":1454,"column":18},"end":{"line":1454,"column":null}},"333":{"start":{"line":1455,"column":2},"end":{"line":1455,"column":null}},"334":{"start":{"line":1455,"column":16},"end":{"line":1455,"column":null}},"335":{"start":{"line":1457,"column":12},"end":{"line":1457,"column":null}},"336":{"start":{"line":1458,"column":12},"end":{"line":1458,"column":null}},"337":{"start":{"line":1459,"column":2},"end":{"line":1459,"column":null}},"338":{"start":{"line":1459,"column":32},"end":{"line":1459,"column":null}},"339":{"start":{"line":1460,"column":15},"end":{"line":1460,"column":null}},"340":{"start":{"line":1461,"column":14},"end":{"line":1461,"column":null}},"341":{"start":{"line":1462,"column":18},"end":{"line":1462,"column":null}},"342":{"start":{"line":1463,"column":17},"end":{"line":1463,"column":null}},"343":{"start":{"line":1465,"column":2},"end":{"line":1465,"column":null}},"344":{"start":{"line":1465,"column":47},"end":{"line":1465,"column":null}},"345":{"start":{"line":1466,"column":2},"end":{"line":1466,"column":null}},"346":{"start":{"line":1466,"column":36},"end":{"line":1466,"column":null}},"347":{"start":{"line":1468,"column":20},"end":{"line":1468,"column":null}},"348":{"start":{"line":1469,"column":23},"end":{"line":1469,"column":null}},"349":{"start":{"line":1470,"column":19},"end":{"line":1470,"column":null}},"350":{"start":{"line":1471,"column":2},"end":{"line":1471,"column":null}},"351":{"start":{"line":1478,"column":2},"end":{"line":1478,"column":null}},"352":{"start":{"line":1478,"column":31},"end":{"line":1478,"column":null}},"353":{"start":{"line":1479,"column":15},"end":{"line":1479,"column":null}},"354":{"start":{"line":1480,"column":2},"end":{"line":1480,"column":null}},"355":{"start":{"line":1480,"column":13},"end":{"line":1480,"column":null}},"356":{"start":{"line":1481,"column":18},"end":{"line":1481,"column":null}},"357":{"start":{"line":1482,"column":2},"end":{"line":1482,"column":null}},"358":{"start":{"line":1482,"column":16},"end":{"line":1482,"column":null}},"359":{"start":{"line":1484,"column":12},"end":{"line":1484,"column":null}},"360":{"start":{"line":1485,"column":12},"end":{"line":1485,"column":null}},"361":{"start":{"line":1486,"column":2},"end":{"line":1486,"column":null}},"362":{"start":{"line":1486,"column":32},"end":{"line":1486,"column":null}},"363":{"start":{"line":1487,"column":15},"end":{"line":1487,"column":null}},"364":{"start":{"line":1488,"column":14},"end":{"line":1488,"column":null}},"365":{"start":{"line":1489,"column":18},"end":{"line":1489,"column":null}},"366":{"start":{"line":1490,"column":17},"end":{"line":1490,"column":null}},"367":{"start":{"line":1492,"column":2},"end":{"line":1492,"column":null}},"368":{"start":{"line":1492,"column":47},"end":{"line":1492,"column":null}},"369":{"start":{"line":1493,"column":2},"end":{"line":1493,"column":null}},"370":{"start":{"line":1493,"column":38},"end":{"line":1493,"column":null}},"371":{"start":{"line":1495,"column":20},"end":{"line":1495,"column":null}},"372":{"start":{"line":1496,"column":23},"end":{"line":1496,"column":null}},"373":{"start":{"line":1497,"column":19},"end":{"line":1497,"column":null}},"374":{"start":{"line":1498,"column":2},"end":{"line":1498,"column":null}},"375":{"start":{"line":1502,"column":2},"end":{"line":1502,"column":null}},"376":{"start":{"line":1502,"column":31},"end":{"line":1502,"column":null}},"377":{"start":{"line":1503,"column":15},"end":{"line":1503,"column":null}},"378":{"start":{"line":1504,"column":2},"end":{"line":1504,"column":null}},"379":{"start":{"line":1504,"column":13},"end":{"line":1504,"column":null}},"380":{"start":{"line":1505,"column":18},"end":{"line":1505,"column":null}},"381":{"start":{"line":1506,"column":2},"end":{"line":1506,"column":null}},"382":{"start":{"line":1506,"column":16},"end":{"line":1506,"column":null}},"383":{"start":{"line":1508,"column":12},"end":{"line":1508,"column":null}},"384":{"start":{"line":1509,"column":12},"end":{"line":1509,"column":null}},"385":{"start":{"line":1510,"column":2},"end":{"line":1510,"column":null}},"386":{"start":{"line":1510,"column":32},"end":{"line":1510,"column":null}},"387":{"start":{"line":1512,"column":15},"end":{"line":1512,"column":null}},"388":{"start":{"line":1513,"column":14},"end":{"line":1513,"column":null}},"389":{"start":{"line":1514,"column":18},"end":{"line":1514,"column":null}},"390":{"start":{"line":1515,"column":17},"end":{"line":1515,"column":null}},"391":{"start":{"line":1517,"column":2},"end":{"line":1517,"column":null}},"392":{"start":{"line":1517,"column":47},"end":{"line":1517,"column":null}},"393":{"start":{"line":1518,"column":2},"end":{"line":1518,"column":null}},"394":{"start":{"line":1518,"column":39},"end":{"line":1518,"column":null}},"395":{"start":{"line":1520,"column":15},"end":{"line":1520,"column":null}},"396":{"start":{"line":1521,"column":24},"end":{"line":1521,"column":null}},"397":{"start":{"line":1522,"column":20},"end":{"line":1522,"column":null}},"398":{"start":{"line":1523,"column":23},"end":{"line":1523,"column":null}},"399":{"start":{"line":1525,"column":4},"end":{"line":1525,"column":null}},"400":{"start":{"line":1526,"column":2},"end":{"line":1526,"column":null}},"401":{"start":{"line":1530,"column":2},"end":{"line":1530,"column":null}},"402":{"start":{"line":1530,"column":31},"end":{"line":1530,"column":null}},"403":{"start":{"line":1531,"column":15},"end":{"line":1531,"column":null}},"404":{"start":{"line":1532,"column":2},"end":{"line":1532,"column":null}},"405":{"start":{"line":1532,"column":13},"end":{"line":1532,"column":null}},"406":{"start":{"line":1533,"column":18},"end":{"line":1533,"column":null}},"407":{"start":{"line":1534,"column":2},"end":{"line":1534,"column":null}},"408":{"start":{"line":1534,"column":16},"end":{"line":1534,"column":null}},"409":{"start":{"line":1536,"column":12},"end":{"line":1536,"column":null}},"410":{"start":{"line":1537,"column":12},"end":{"line":1537,"column":null}},"411":{"start":{"line":1538,"column":2},"end":{"line":1538,"column":null}},"412":{"start":{"line":1538,"column":32},"end":{"line":1538,"column":null}},"413":{"start":{"line":1540,"column":15},"end":{"line":1540,"column":null}},"414":{"start":{"line":1541,"column":14},"end":{"line":1541,"column":null}},"415":{"start":{"line":1542,"column":18},"end":{"line":1542,"column":null}},"416":{"start":{"line":1543,"column":17},"end":{"line":1543,"column":null}},"417":{"start":{"line":1545,"column":2},"end":{"line":1545,"column":null}},"418":{"start":{"line":1545,"column":47},"end":{"line":1545,"column":null}},"419":{"start":{"line":1546,"column":2},"end":{"line":1546,"column":null}},"420":{"start":{"line":1546,"column":39},"end":{"line":1546,"column":null}},"421":{"start":{"line":1548,"column":15},"end":{"line":1548,"column":null}},"422":{"start":{"line":1549,"column":24},"end":{"line":1549,"column":null}},"423":{"start":{"line":1550,"column":20},"end":{"line":1550,"column":null}},"424":{"start":{"line":1551,"column":23},"end":{"line":1551,"column":null}},"425":{"start":{"line":1553,"column":4},"end":{"line":1553,"column":null}},"426":{"start":{"line":1554,"column":2},"end":{"line":1554,"column":null}},"427":{"start":{"line":1558,"column":2},"end":{"line":1558,"column":null}},"428":{"start":{"line":1558,"column":31},"end":{"line":1558,"column":null}},"429":{"start":{"line":1559,"column":15},"end":{"line":1559,"column":null}},"430":{"start":{"line":1560,"column":2},"end":{"line":1560,"column":null}},"431":{"start":{"line":1560,"column":13},"end":{"line":1560,"column":null}},"432":{"start":{"line":1561,"column":18},"end":{"line":1561,"column":null}},"433":{"start":{"line":1562,"column":2},"end":{"line":1562,"column":null}},"434":{"start":{"line":1562,"column":16},"end":{"line":1562,"column":null}},"435":{"start":{"line":1564,"column":12},"end":{"line":1564,"column":null}},"436":{"start":{"line":1565,"column":12},"end":{"line":1565,"column":null}},"437":{"start":{"line":1566,"column":2},"end":{"line":1566,"column":null}},"438":{"start":{"line":1566,"column":32},"end":{"line":1566,"column":null}},"439":{"start":{"line":1568,"column":15},"end":{"line":1568,"column":null}},"440":{"start":{"line":1569,"column":14},"end":{"line":1569,"column":null}},"441":{"start":{"line":1570,"column":18},"end":{"line":1570,"column":null}},"442":{"start":{"line":1571,"column":17},"end":{"line":1571,"column":null}},"443":{"start":{"line":1573,"column":2},"end":{"line":1573,"column":null}},"444":{"start":{"line":1573,"column":47},"end":{"line":1573,"column":null}},"445":{"start":{"line":1574,"column":2},"end":{"line":1574,"column":null}},"446":{"start":{"line":1574,"column":39},"end":{"line":1574,"column":null}},"447":{"start":{"line":1576,"column":15},"end":{"line":1576,"column":null}},"448":{"start":{"line":1577,"column":24},"end":{"line":1577,"column":null}},"449":{"start":{"line":1578,"column":20},"end":{"line":1578,"column":null}},"450":{"start":{"line":1579,"column":23},"end":{"line":1579,"column":null}},"451":{"start":{"line":1581,"column":4},"end":{"line":1581,"column":null}},"452":{"start":{"line":1582,"column":2},"end":{"line":1582,"column":null}},"453":{"start":{"line":2,"column":7},"end":{"line":2,"column":null}},"454":{"start":{"line":3,"column":7},"end":{"line":3,"column":null}},"455":{"start":{"line":11,"column":12},"end":{"line":11,"column":null}},"456":{"start":{"line":38,"column":9},"end":{"line":38,"column":null}},"457":{"start":{"line":39,"column":11},"end":{"line":39,"column":null}},"458":{"start":{"line":42,"column":10},"end":{"line":42,"column":null}},"459":{"start":{"line":105,"column":7},"end":{"line":105,"column":null}},"460":{"start":{"line":106,"column":11},"end":{"line":106,"column":null}},"461":{"start":{"line":107,"column":13},"end":{"line":107,"column":null}},"462":{"start":{"line":119,"column":17},"end":{"line":119,"column":null}},"463":{"start":{"line":131,"column":13},"end":{"line":131,"column":null}},"464":{"start":{"line":132,"column":12},"end":{"line":132,"column":null}},"465":{"start":{"line":134,"column":12},"end":{"line":134,"column":null}},"466":{"start":{"line":154,"column":12},"end":{"line":154,"column":null}},"467":{"start":{"line":156,"column":12},"end":{"line":156,"column":null}},"468":{"start":{"line":195,"column":12},"end":{"line":195,"column":null}},"469":{"start":{"line":228,"column":14},"end":{"line":228,"column":null}},"470":{"start":{"line":241,"column":14},"end":{"line":241,"column":null}},"471":{"start":{"line":276,"column":14},"end":{"line":276,"column":null}},"472":{"start":{"line":311,"column":14},"end":{"line":311,"column":null}},"473":{"start":{"line":349,"column":14},"end":{"line":349,"column":null}},"474":{"start":{"line":362,"column":14},"end":{"line":362,"column":null}},"475":{"start":{"line":399,"column":14},"end":{"line":399,"column":null}},"476":{"start":{"line":441,"column":14},"end":{"line":441,"column":null}},"477":{"start":{"line":479,"column":14},"end":{"line":479,"column":null}},"478":{"start":{"line":494,"column":14},"end":{"line":494,"column":null}},"479":{"start":{"line":529,"column":14},"end":{"line":529,"column":null}},"480":{"start":{"line":564,"column":14},"end":{"line":564,"column":null}},"481":{"start":{"line":602,"column":14},"end":{"line":602,"column":null}},"482":{"start":{"line":615,"column":14},"end":{"line":615,"column":null}},"483":{"start":{"line":705,"column":16},"end":{"line":705,"column":null}},"484":{"start":{"line":720,"column":16},"end":{"line":720,"column":null}},"485":{"start":{"line":762,"column":16},"end":{"line":762,"column":null}},"486":{"start":{"line":804,"column":16},"end":{"line":804,"column":null}},"487":{"start":{"line":850,"column":14},"end":{"line":850,"column":null}},"488":{"start":{"line":865,"column":14},"end":{"line":865,"column":null}},"489":{"start":{"line":52,"column":20},"end":{"line":52,"column":null}},"490":{"start":{"line":67,"column":20},"end":{"line":67,"column":null}},"491":{"start":{"line":97,"column":10},"end":{"line":98,"column":null}},"492":{"start":{"line":114,"column":10},"end":{"line":125,"column":67}},"493":{"start":{"line":138,"column":10},"end":{"line":149,"column":null}},"494":{"start":{"line":160,"column":10},"end":{"line":171,"column":null}},"495":{"start":{"line":182,"column":10},"end":{"line":188,"column":null}},"496":{"start":{"line":199,"column":10},"end":{"line":222,"column":null}},"497":{"start":{"line":235,"column":12},"end":{"line":238,"column":null}},"498":{"start":{"line":247,"column":12},"end":{"line":272,"column":null}},"499":{"start":{"line":282,"column":12},"end":{"line":307,"column":null}},"500":{"start":{"line":317,"column":12},"end":{"line":342,"column":null}},"501":{"start":{"line":356,"column":12},"end":{"line":359,"column":null}},"502":{"start":{"line":368,"column":12},"end":{"line":395,"column":null}},"503":{"start":{"line":405,"column":12},"end":{"line":432,"column":null}},"504":{"start":{"line":439,"column":10},"end":{"line":472,"column":null}},"505":{"start":{"line":447,"column":12},"end":{"line":472,"column":null}},"506":{"start":{"line":488,"column":12},"end":{"line":491,"column":null}},"507":{"start":{"line":500,"column":12},"end":{"line":525,"column":null}},"508":{"start":{"line":535,"column":12},"end":{"line":560,"column":null}},"509":{"start":{"line":570,"column":12},"end":{"line":595,"column":null}},"510":{"start":{"line":609,"column":12},"end":{"line":612,"column":null}},"511":{"start":{"line":621,"column":12},"end":{"line":627,"column":null}},"512":{"start":{"line":637,"column":12},"end":{"line":643,"column":null}},"513":{"start":{"line":653,"column":12},"end":{"line":659,"column":null}},"514":{"start":{"line":669,"column":12},"end":{"line":675,"column":null}},"515":{"start":{"line":685,"column":12},"end":{"line":691,"column":null}},"516":{"start":{"line":714,"column":14},"end":{"line":717,"column":null}},"517":{"start":{"line":726,"column":14},"end":{"line":758,"column":null}},"518":{"start":{"line":768,"column":14},"end":{"line":800,"column":null}},"519":{"start":{"line":810,"column":14},"end":{"line":842,"column":null}},"520":{"start":{"line":857,"column":12},"end":{"line":860,"column":null}},"521":{"start":{"line":863,"column":10},"end":{"line":882,"column":null}},"522":{"start":{"line":869,"column":12},"end":{"line":882,"column":null}}},"fnMap":{"0":{"name":"(anonymous_0)","decl":{"start":{"line":932,"column":30},"end":{"line":932,"column":36}},"loc":{"start":{"line":932,"column":36},"end":{"line":932,"column":70}},"line":932},"1":{"name":"(anonymous_1)","decl":{"start":{"line":933,"column":34},"end":{"line":933,"column":40}},"loc":{"start":{"line":933,"column":40},"end":{"line":933,"column":83}},"line":933},"2":{"name":"(anonymous_2)","decl":{"start":{"line":934,"column":33},"end":{"line":934,"column":null}},"loc":{"start":{"line":935,"column":2},"end":{"line":939,"column":null}},"line":935},"3":{"name":"(anonymous_3)","decl":{"start":{"line":947,"column":2},"end":{"line":947,"column":3}},"loc":{"start":{"line":947,"column":12},"end":{"line":958,"column":null}},"line":947},"4":{"name":"(anonymous_4)","decl":{"start":{"line":952,"column":48},"end":{"line":952,"column":49}},"loc":{"start":{"line":952,"column":55},"end":{"line":952,"column":88}},"line":952},"5":{"name":"toggleBaseline","decl":{"start":{"line":962,"column":9},"end":{"line":962,"column":24}},"loc":{"start":{"line":962,"column":38},"end":{"line":965,"column":null}},"line":962},"6":{"name":"(anonymous_6)","decl":{"start":{"line":967,"column":30},"end":{"line":967,"column":31}},"loc":{"start":{"line":967,"column":48},"end":{"line":970,"column":null}},"line":967},"7":{"name":"(anonymous_7)","decl":{"start":{"line":972,"column":25},"end":{"line":972,"column":31}},"loc":{"start":{"line":972,"column":31},"end":{"line":979,"column":null}},"line":972},"8":{"name":"(anonymous_8)","decl":{"start":{"line":997,"column":25},"end":{"line":997,"column":31}},"loc":{"start":{"line":997,"column":31},"end":{"line":1012,"column":1}},"line":997},"9":{"name":"(anonymous_9)","decl":{"start":{"line":998,"column":38},"end":{"line":998,"column":39}},"loc":{"start":{"line":998,"column":50},"end":{"line":1005,"column":3}},"line":998},"10":{"name":"(anonymous_10)","decl":{"start":{"line":999,"column":39},"end":{"line":999,"column":40}},"loc":{"start":{"line":999,"column":53},"end":{"line":1004,"column":5}},"line":999},"11":{"name":"(anonymous_11)","decl":{"start":{"line":1008,"column":28},"end":{"line":1008,"column":29}},"loc":{"start":{"line":1008,"column":40},"end":{"line":1008,"column":73}},"line":1008},"12":{"name":"(anonymous_12)","decl":{"start":{"line":1014,"column":22},"end":{"line":1014,"column":23}},"loc":{"start":{"line":1014,"column":54},"end":{"line":1018,"column":null}},"line":1014},"13":{"name":"(anonymous_13)","decl":{"start":{"line":1020,"column":29},"end":{"line":1020,"column":30}},"loc":{"start":{"line":1020,"column":61},"end":{"line":1022,"column":null}},"line":1020},"14":{"name":"(anonymous_14)","decl":{"start":{"line":1024,"column":22},"end":{"line":1024,"column":23}},"loc":{"start":{"line":1024,"column":54},"end":{"line":1028,"column":null}},"line":1024},"15":{"name":"(anonymous_15)","decl":{"start":{"line":1030,"column":33},"end":{"line":1030,"column":40}},"loc":{"start":{"line":1030,"column":40},"end":{"line":1038,"column":2}},"line":1030},"16":{"name":"(anonymous_16)","decl":{"start":{"line":1040,"column":27},"end":{"line":1040,"column":33}},"loc":{"start":{"line":1040,"column":33},"end":{"line":1092,"column":1}},"line":1040},"17":{"name":"(anonymous_17)","decl":{"start":{"line":1094,"column":37},"end":{"line":1094,"column":43}},"loc":{"start":{"line":1094,"column":43},"end":{"line":1097,"column":1}},"line":1094},"18":{"name":"(anonymous_18)","decl":{"start":{"line":1099,"column":40},"end":{"line":1099,"column":46}},"loc":{"start":{"line":1099,"column":46},"end":{"line":1117,"column":1}},"line":1099},"19":{"name":"(anonymous_19)","decl":{"start":{"line":1119,"column":31},"end":{"line":1119,"column":37}},"loc":{"start":{"line":1119,"column":37},"end":{"line":1124,"column":1}},"line":1119},"20":{"name":"(anonymous_20)","decl":{"start":{"line":1126,"column":28},"end":{"line":1126,"column":null}},"loc":{"start":{"line":1127,"column":2},"end":{"line":1132,"column":null}},"line":1127},"21":{"name":"(anonymous_21)","decl":{"start":{"line":1128,"column":4},"end":{"line":1128,"column":5}},"loc":{"start":{"line":1129,"column":6},"end":{"line":1131,"column":null}},"line":1129},"22":{"name":"(anonymous_22)","decl":{"start":{"line":1135,"column":32},"end":{"line":1135,"column":null}},"loc":{"start":{"line":1136,"column":2},"end":{"line":1139,"column":null}},"line":1136},"23":{"name":"(anonymous_23)","decl":{"start":{"line":1137,"column":4},"end":{"line":1137,"column":5}},"loc":{"start":{"line":1138,"column":6},"end":{"line":1138,"column":null}},"line":1138},"24":{"name":"(anonymous_24)","decl":{"start":{"line":1142,"column":29},"end":{"line":1142,"column":35}},"loc":{"start":{"line":1142,"column":35},"end":{"line":1142,"column":78}},"line":1142},"25":{"name":"(anonymous_25)","decl":{"start":{"line":1142,"column":63},"end":{"line":1142,"column":64}},"loc":{"start":{"line":1142,"column":70},"end":{"line":1142,"column":77}},"line":1142},"26":{"name":"(anonymous_26)","decl":{"start":{"line":1144,"column":33},"end":{"line":1144,"column":null}},"loc":{"start":{"line":1145,"column":2},"end":{"line":1149,"column":null}},"line":1145},"27":{"name":"(anonymous_27)","decl":{"start":{"line":1146,"column":4},"end":{"line":1146,"column":5}},"loc":{"start":{"line":1147,"column":6},"end":{"line":1148,"column":null}},"line":1147},"28":{"name":"(anonymous_28)","decl":{"start":{"line":1152,"column":28},"end":{"line":1152,"column":34}},"loc":{"start":{"line":1152,"column":34},"end":{"line":1152,"column":97}},"line":1152},"29":{"name":"(anonymous_29)","decl":{"start":{"line":1152,"column":62},"end":{"line":1152,"column":63}},"loc":{"start":{"line":1152,"column":69},"end":{"line":1152,"column":96}},"line":1152},"30":{"name":"(anonymous_30)","decl":{"start":{"line":1154,"column":31},"end":{"line":1154,"column":null}},"loc":{"start":{"line":1155,"column":2},"end":{"line":1157,"column":null}},"line":1155},"31":{"name":"(anonymous_31)","decl":{"start":{"line":1155,"column":30},"end":{"line":1155,"column":31}},"loc":{"start":{"line":1156,"column":4},"end":{"line":1156,"column":null}},"line":1156},"32":{"name":"(anonymous_32)","decl":{"start":{"line":1156,"column":17},"end":{"line":1156,"column":18}},"loc":{"start":{"line":1156,"column":26},"end":{"line":1156,"column":93}},"line":1156},"33":{"name":"(anonymous_33)","decl":{"start":{"line":1160,"column":35},"end":{"line":1160,"column":null}},"loc":{"start":{"line":1161,"column":2},"end":{"line":1163,"column":null}},"line":1161},"34":{"name":"(anonymous_34)","decl":{"start":{"line":1161,"column":30},"end":{"line":1161,"column":31}},"loc":{"start":{"line":1162,"column":4},"end":{"line":1162,"column":null}},"line":1162},"35":{"name":"(anonymous_35)","decl":{"start":{"line":1162,"column":17},"end":{"line":1162,"column":18}},"loc":{"start":{"line":1162,"column":26},"end":{"line":1162,"column":89}},"line":1162},"36":{"name":"(anonymous_36)","decl":{"start":{"line":1166,"column":36},"end":{"line":1166,"column":null}},"loc":{"start":{"line":1167,"column":2},"end":{"line":1171,"column":null}},"line":1167},"37":{"name":"(anonymous_37)","decl":{"start":{"line":1167,"column":30},"end":{"line":1167,"column":31}},"loc":{"start":{"line":1168,"column":4},"end":{"line":1170,"column":null}},"line":1168},"38":{"name":"(anonymous_38)","decl":{"start":{"line":1169,"column":6},"end":{"line":1169,"column":7}},"loc":{"start":{"line":1169,"column":15},"end":{"line":1169,"column":null}},"line":1169},"39":{"name":"(anonymous_39)","decl":{"start":{"line":1174,"column":32},"end":{"line":1174,"column":null}},"loc":{"start":{"line":1175,"column":2},"end":{"line":1177,"column":null}},"line":1175},"40":{"name":"(anonymous_40)","decl":{"start":{"line":1175,"column":30},"end":{"line":1175,"column":31}},"loc":{"start":{"line":1176,"column":4},"end":{"line":1176,"column":null}},"line":1176},"41":{"name":"(anonymous_41)","decl":{"start":{"line":1176,"column":17},"end":{"line":1176,"column":18}},"loc":{"start":{"line":1176,"column":26},"end":{"line":1176,"column":85}},"line":1176},"42":{"name":"formatLapAvgTime","decl":{"start":{"line":1180,"column":9},"end":{"line":1180,"column":26}},"loc":{"start":{"line":1180,"column":58},"end":{"line":1189,"column":null}},"line":1180},"43":{"name":"(anonymous_43)","decl":{"start":{"line":1183,"column":4},"end":{"line":1183,"column":5}},"loc":{"start":{"line":1183,"column":13},"end":{"line":1183,"column":null}},"line":1183},"44":{"name":"(anonymous_44)","decl":{"start":{"line":1186,"column":37},"end":{"line":1186,"column":38}},"loc":{"start":{"line":1186,"column":51},"end":{"line":1186,"column":86}},"line":1186},"45":{"name":"formatLapAvgDistance","decl":{"start":{"line":1191,"column":9},"end":{"line":1191,"column":30}},"loc":{"start":{"line":1191,"column":62},"end":{"line":1200,"column":null}},"line":1191},"46":{"name":"(anonymous_46)","decl":{"start":{"line":1194,"column":4},"end":{"line":1194,"column":5}},"loc":{"start":{"line":1194,"column":13},"end":{"line":1194,"column":null}},"line":1194},"47":{"name":"(anonymous_47)","decl":{"start":{"line":1197,"column":41},"end":{"line":1197,"column":42}},"loc":{"start":{"line":1197,"column":55},"end":{"line":1197,"column":88}},"line":1197},"48":{"name":"formatLapAvgHeartRate","decl":{"start":{"line":1202,"column":9},"end":{"line":1202,"column":31}},"loc":{"start":{"line":1202,"column":63},"end":{"line":1211,"column":null}},"line":1202},"49":{"name":"(anonymous_49)","decl":{"start":{"line":1205,"column":4},"end":{"line":1205,"column":5}},"loc":{"start":{"line":1205,"column":13},"end":{"line":1205,"column":null}},"line":1205},"50":{"name":"(anonymous_50)","decl":{"start":{"line":1208,"column":35},"end":{"line":1208,"column":36}},"loc":{"start":{"line":1208,"column":49},"end":{"line":1208,"column":87}},"line":1208},"51":{"name":"formatLapAvgSpeed","decl":{"start":{"line":1213,"column":9},"end":{"line":1213,"column":27}},"loc":{"start":{"line":1213,"column":59},"end":{"line":1222,"column":null}},"line":1213},"52":{"name":"(anonymous_52)","decl":{"start":{"line":1216,"column":4},"end":{"line":1216,"column":5}},"loc":{"start":{"line":1216,"column":13},"end":{"line":1216,"column":null}},"line":1216},"53":{"name":"(anonymous_53)","decl":{"start":{"line":1219,"column":38},"end":{"line":1219,"column":39}},"loc":{"start":{"line":1219,"column":52},"end":{"line":1219,"column":83}},"line":1219},"54":{"name":"(anonymous_54)","decl":{"start":{"line":1224,"column":41},"end":{"line":1224,"column":47}},"loc":{"start":{"line":1224,"column":47},"end":{"line":1231,"column":1}},"line":1224},"55":{"name":"(anonymous_55)","decl":{"start":{"line":1226,"column":37},"end":{"line":1226,"column":38}},"loc":{"start":{"line":1226,"column":44},"end":{"line":1230,"column":3}},"line":1226},"56":{"name":"(anonymous_56)","decl":{"start":{"line":1233,"column":44},"end":{"line":1233,"column":50}},"loc":{"start":{"line":1233,"column":50},"end":{"line":1242,"column":1}},"line":1233},"57":{"name":"(anonymous_57)","decl":{"start":{"line":1238,"column":51},"end":{"line":1238,"column":52}},"loc":{"start":{"line":1238,"column":60},"end":{"line":1238,"column":78}},"line":1238},"58":{"name":"formatAdditionalMetricValue","decl":{"start":{"line":1244,"column":9},"end":{"line":1244,"column":37}},"loc":{"start":{"line":1244,"column":79},"end":{"line":1267,"column":null}},"line":1244},"59":{"name":"getAdditionalMetricDisplayName","decl":{"start":{"line":1269,"column":9},"end":{"line":1269,"column":40}},"loc":{"start":{"line":1269,"column":67},"end":{"line":1335,"column":null}},"line":1269},"60":{"name":"(anonymous_60)","decl":{"start":{"line":1313,"column":22},"end":{"line":1313,"column":23}},"loc":{"start":{"line":1313,"column":29},"end":{"line":1313,"column":44}},"line":1313},"61":{"name":"(anonymous_61)","decl":{"start":{"line":1314,"column":76},"end":{"line":1314,"column":77}},"loc":{"start":{"line":1314,"column":87},"end":{"line":1332,"column":5}},"line":1314},"62":{"name":"formatAdditionalMetricDelta","decl":{"start":{"line":1337,"column":9},"end":{"line":1337,"column":null}},"loc":{"start":{"line":1341,"column":10},"end":{"line":1366,"column":null}},"line":1341},"63":{"name":"(anonymous_63)","decl":{"start":{"line":1368,"column":34},"end":{"line":1368,"column":40}},"loc":{"start":{"line":1368,"column":40},"end":{"line":1374,"column":1}},"line":1368},"64":{"name":"(anonymous_64)","decl":{"start":{"line":1369,"column":37},"end":{"line":1369,"column":38}},"loc":{"start":{"line":1369,"column":44},"end":{"line":1373,"column":3}},"line":1369},"65":{"name":"(anonymous_65)","decl":{"start":{"line":1376,"column":38},"end":{"line":1376,"column":44}},"loc":{"start":{"line":1376,"column":44},"end":{"line":1386,"column":1}},"line":1376},"66":{"name":"(anonymous_66)","decl":{"start":{"line":1381,"column":44},"end":{"line":1381,"column":45}},"loc":{"start":{"line":1381,"column":55},"end":{"line":1381,"column":75}},"line":1381},"67":{"name":"(anonymous_67)","decl":{"start":{"line":1385,"column":27},"end":{"line":1385,"column":28}},"loc":{"start":{"line":1385,"column":38},"end":{"line":1385,"column":49}},"line":1385},"68":{"name":"(anonymous_68)","decl":{"start":{"line":1385,"column":58},"end":{"line":1385,"column":59}},"loc":{"start":{"line":1385,"column":69},"end":{"line":1385,"column":89}},"line":1385},"69":{"name":"formatBestSplit","decl":{"start":{"line":1388,"column":9},"end":{"line":1388,"column":25}},"loc":{"start":{"line":1388,"column":73},"end":{"line":1394,"column":null}},"line":1388},"70":{"name":"formatBestSplitDelta","decl":{"start":{"line":1396,"column":9},"end":{"line":1396,"column":30}},"loc":{"start":{"line":1396,"column":78},"end":{"line":1422,"column":null}},"line":1396},"71":{"name":"formatDelta","decl":{"start":{"line":1424,"column":9},"end":{"line":1424,"column":21}},"loc":{"start":{"line":1424,"column":94},"end":{"line":1448,"column":null}},"line":1424},"72":{"name":"formatCaloriesDelta","decl":{"start":{"line":1450,"column":9},"end":{"line":1450,"column":29}},"loc":{"start":{"line":1450,"column":57},"end":{"line":1472,"column":null}},"line":1450},"73":{"name":"formatNullableDelta","decl":{"start":{"line":1474,"column":9},"end":{"line":1474,"column":null}},"loc":{"start":{"line":1477,"column":10},"end":{"line":1499,"column":null}},"line":1477},"74":{"name":"formatMetricAvgDelta","decl":{"start":{"line":1501,"column":9},"end":{"line":1501,"column":30}},"loc":{"start":{"line":1501,"column":78},"end":{"line":1527,"column":null}},"line":1501},"75":{"name":"formatMetricMinDelta","decl":{"start":{"line":1529,"column":9},"end":{"line":1529,"column":30}},"loc":{"start":{"line":1529,"column":78},"end":{"line":1555,"column":null}},"line":1529},"76":{"name":"formatMetricMaxDelta","decl":{"start":{"line":1557,"column":9},"end":{"line":1557,"column":30}},"loc":{"start":{"line":1557,"column":78},"end":{"line":1583,"column":null}},"line":1557},"77":{"name":"(anonymous_77)","decl":{"start":{"line":52,"column":18},"end":{"line":52,"column":20}},"loc":{"start":{"line":52,"column":20},"end":{"line":52,"column":null}},"line":52},"78":{"name":"(anonymous_78)","decl":{"start":{"line":67,"column":18},"end":{"line":67,"column":20}},"loc":{"start":{"line":67,"column":20},"end":{"line":67,"column":null}},"line":67},"79":{"name":"(anonymous_79)","decl":{"start":{"line":97,"column":46},"end":{"line":97,"column":49}},"loc":{"start":{"line":97,"column":26},"end":{"line":98,"column":null}},"line":97},"80":{"name":"(anonymous_80)","decl":{"start":{"line":115,"column":40},"end":{"line":115,"column":null}},"loc":{"start":{"line":115,"column":20},"end":{"line":125,"column":67}},"line":115},"81":{"name":"(anonymous_81)","decl":{"start":{"line":139,"column":40},"end":{"line":139,"column":null}},"loc":{"start":{"line":139,"column":20},"end":{"line":149,"column":null}},"line":139},"82":{"name":"(anonymous_82)","decl":{"start":{"line":161,"column":40},"end":{"line":161,"column":null}},"loc":{"start":{"line":161,"column":20},"end":{"line":171,"column":null}},"line":161},"83":{"name":"(anonymous_83)","decl":{"start":{"line":183,"column":40},"end":{"line":183,"column":null}},"loc":{"start":{"line":183,"column":20},"end":{"line":188,"column":null}},"line":183},"84":{"name":"(anonymous_84)","decl":{"start":{"line":200,"column":40},"end":{"line":200,"column":null}},"loc":{"start":{"line":200,"column":20},"end":{"line":222,"column":null}},"line":200},"85":{"name":"(anonymous_85)","decl":{"start":{"line":236,"column":48},"end":{"line":236,"column":null}},"loc":{"start":{"line":236,"column":22},"end":{"line":238,"column":null}},"line":236},"86":{"name":"(anonymous_86)","decl":{"start":{"line":248,"column":42},"end":{"line":248,"column":null}},"loc":{"start":{"line":248,"column":22},"end":{"line":272,"column":null}},"line":248},"87":{"name":"(anonymous_87)","decl":{"start":{"line":283,"column":42},"end":{"line":283,"column":null}},"loc":{"start":{"line":283,"column":22},"end":{"line":307,"column":null}},"line":283},"88":{"name":"(anonymous_88)","decl":{"start":{"line":318,"column":42},"end":{"line":318,"column":null}},"loc":{"start":{"line":318,"column":22},"end":{"line":342,"column":null}},"line":318},"89":{"name":"(anonymous_89)","decl":{"start":{"line":357,"column":48},"end":{"line":357,"column":null}},"loc":{"start":{"line":357,"column":22},"end":{"line":359,"column":null}},"line":357},"90":{"name":"(anonymous_90)","decl":{"start":{"line":369,"column":42},"end":{"line":369,"column":null}},"loc":{"start":{"line":369,"column":22},"end":{"line":395,"column":null}},"line":369},"91":{"name":"(anonymous_91)","decl":{"start":{"line":406,"column":42},"end":{"line":406,"column":null}},"loc":{"start":{"line":406,"column":22},"end":{"line":432,"column":null}},"line":406},"92":{"name":"(anonymous_92)","decl":{"start":{"line":438,"column":73},"end":{"line":438,"column":81}},"loc":{"start":{"line":438,"column":62},"end":{"line":472,"column":null}},"line":438},"93":{"name":"(anonymous_93)","decl":{"start":{"line":448,"column":42},"end":{"line":448,"column":null}},"loc":{"start":{"line":448,"column":22},"end":{"line":472,"column":null}},"line":448},"94":{"name":"(anonymous_94)","decl":{"start":{"line":478,"column":72},"end":{"line":478,"column":80}},"loc":{"start":{"line":478,"column":61},"end":{"line":595,"column":null}},"line":478},"95":{"name":"(anonymous_95)","decl":{"start":{"line":489,"column":48},"end":{"line":489,"column":null}},"loc":{"start":{"line":489,"column":22},"end":{"line":491,"column":null}},"line":489},"96":{"name":"(anonymous_96)","decl":{"start":{"line":501,"column":42},"end":{"line":501,"column":null}},"loc":{"start":{"line":501,"column":22},"end":{"line":525,"column":null}},"line":501},"97":{"name":"(anonymous_97)","decl":{"start":{"line":536,"column":42},"end":{"line":536,"column":null}},"loc":{"start":{"line":536,"column":22},"end":{"line":560,"column":null}},"line":536},"98":{"name":"(anonymous_98)","decl":{"start":{"line":571,"column":42},"end":{"line":571,"column":null}},"loc":{"start":{"line":571,"column":22},"end":{"line":595,"column":null}},"line":571},"99":{"name":"(anonymous_99)","decl":{"start":{"line":610,"column":48},"end":{"line":610,"column":null}},"loc":{"start":{"line":610,"column":22},"end":{"line":612,"column":null}},"line":610},"100":{"name":"(anonymous_100)","decl":{"start":{"line":622,"column":42},"end":{"line":622,"column":null}},"loc":{"start":{"line":622,"column":22},"end":{"line":627,"column":null}},"line":622},"101":{"name":"(anonymous_101)","decl":{"start":{"line":638,"column":42},"end":{"line":638,"column":null}},"loc":{"start":{"line":638,"column":22},"end":{"line":643,"column":null}},"line":638},"102":{"name":"(anonymous_102)","decl":{"start":{"line":654,"column":42},"end":{"line":654,"column":null}},"loc":{"start":{"line":654,"column":22},"end":{"line":659,"column":null}},"line":654},"103":{"name":"(anonymous_103)","decl":{"start":{"line":670,"column":42},"end":{"line":670,"column":null}},"loc":{"start":{"line":670,"column":22},"end":{"line":675,"column":null}},"line":670},"104":{"name":"(anonymous_104)","decl":{"start":{"line":686,"column":42},"end":{"line":686,"column":null}},"loc":{"start":{"line":686,"column":22},"end":{"line":691,"column":null}},"line":686},"105":{"name":"(anonymous_105)","decl":{"start":{"line":704,"column":66},"end":{"line":704,"column":74}},"loc":{"start":{"line":704,"column":36},"end":{"line":842,"column":null}},"line":704},"106":{"name":"(anonymous_106)","decl":{"start":{"line":715,"column":50},"end":{"line":715,"column":null}},"loc":{"start":{"line":715,"column":24},"end":{"line":717,"column":null}},"line":715},"107":{"name":"(anonymous_107)","decl":{"start":{"line":727,"column":44},"end":{"line":727,"column":null}},"loc":{"start":{"line":727,"column":24},"end":{"line":758,"column":null}},"line":727},"108":{"name":"(anonymous_108)","decl":{"start":{"line":769,"column":44},"end":{"line":769,"column":null}},"loc":{"start":{"line":769,"column":24},"end":{"line":800,"column":null}},"line":769},"109":{"name":"(anonymous_109)","decl":{"start":{"line":811,"column":44},"end":{"line":811,"column":null}},"loc":{"start":{"line":811,"column":24},"end":{"line":842,"column":null}},"line":811},"110":{"name":"(anonymous_110)","decl":{"start":{"line":858,"column":48},"end":{"line":858,"column":null}},"loc":{"start":{"line":858,"column":22},"end":{"line":860,"column":null}},"line":858},"111":{"name":"(anonymous_111)","decl":{"start":{"line":863,"column":55},"end":{"line":863,"column":58}},"loc":{"start":{"line":863,"column":31},"end":{"line":882,"column":null}},"line":863},"112":{"name":"(anonymous_112)","decl":{"start":{"line":870,"column":42},"end":{"line":870,"column":null}},"loc":{"start":{"line":870,"column":22},"end":{"line":882,"column":null}},"line":870}},"branchMap":{"0":{"loc":{"start":{"line":933,"column":40},"end":{"line":933,"column":83}},"type":"binary-expr","locations":[{"start":{"line":933,"column":40},"end":{"line":933,"column":62}},{"start":{"line":933,"column":62},"end":{"line":933,"column":83}}],"line":933},"1":{"loc":{"start":{"line":935,"column":2},"end":{"line":939,"column":null}},"type":"cond-expr","locations":[{"start":{"line":936,"column":6},"end":{"line":936,"column":null}},{"start":{"line":937,"column":6},"end":{"line":939,"column":null}}],"line":935},"2":{"loc":{"start":{"line":937,"column":6},"end":{"line":939,"column":null}},"type":"cond-expr","locations":[{"start":{"line":938,"column":8},"end":{"line":938,"column":null}},{"start":{"line":939,"column":8},"end":{"line":939,"column":null}}],"line":937},"3":{"loc":{"start":{"line":948,"column":4},"end":{"line":951,"column":null}},"type":"if","locations":[{"start":{"line":948,"column":4},"end":{"line":951,"column":null}},{"start":{},"end":{}}],"line":948},"4":{"loc":{"start":{"line":952,"column":4},"end":{"line":957,"column":null}},"type":"if","locations":[{"start":{"line":952,"column":4},"end":{"line":957,"column":null}},{"start":{},"end":{}}],"line":952},"5":{"loc":{"start":{"line":952,"column":8},"end":{"line":952,"column":91}},"type":"binary-expr","locations":[{"start":{"line":952,"column":8},"end":{"line":952,"column":37}},{"start":{"line":952,"column":37},"end":{"line":952,"column":91}}],"line":952},"6":{"loc":{"start":{"line":954,"column":6},"end":{"line":956,"column":null}},"type":"if","locations":[{"start":{"line":954,"column":6},"end":{"line":956,"column":null}},{"start":{},"end":{}}],"line":954},"7":{"loc":{"start":{"line":1001,"column":6},"end":{"line":1001,"column":null}},"type":"if","locations":[{"start":{"line":1001,"column":6},"end":{"line":1001,"column":null}},{"start":{},"end":{}}],"line":1001},"8":{"loc":{"start":{"line":1003,"column":13},"end":{"line":1003,"column":null}},"type":"binary-expr","locations":[{"start":{"line":1003,"column":13},"end":{"line":1003,"column":41}},{"start":{"line":1003,"column":41},"end":{"line":1003,"column":69}},{"start":{"line":1003,"column":69},"end":{"line":1003,"column":null}}],"line":1003},"9":{"loc":{"start":{"line":1007,"column":2},"end":{"line":1009,"column":null}},"type":"if","locations":[{"start":{"line":1007,"column":2},"end":{"line":1009,"column":null}},{"start":{},"end":{}}],"line":1007},"10":{"loc":{"start":{"line":1017,"column":9},"end":{"line":1017,"column":null}},"type":"cond-expr","locations":[{"start":{"line":1017,"column":17},"end":{"line":1017,"column":36}},{"start":{"line":1017,"column":36},"end":{"line":1017,"column":null}}],"line":1017},"11":{"loc":{"start":{"line":1021,"column":9},"end":{"line":1021,"column":null}},"type":"binary-expr","locations":[{"start":{"line":1021,"column":9},"end":{"line":1021,"column":44}},{"start":{"line":1021,"column":44},"end":{"line":1021,"column":null}}],"line":1021},"12":{"loc":{"start":{"line":1027,"column":9},"end":{"line":1027,"column":null}},"type":"cond-expr","locations":[{"start":{"line":1027,"column":17},"end":{"line":1027,"column":29}},{"start":{"line":1027,"column":29},"end":{"line":1027,"column":null}}],"line":1027},"13":{"loc":{"start":{"line":1046,"column":2},"end":{"line":1051,"column":null}},"type":"if","locations":[{"start":{"line":1046,"column":2},"end":{"line":1051,"column":null}},{"start":{},"end":{}}],"line":1046},"14":{"loc":{"start":{"line":1059,"column":2},"end":{"line":1064,"column":null}},"type":"if","locations":[{"start":{"line":1059,"column":2},"end":{"line":1064,"column":null}},{"start":{},"end":{}}],"line":1059},"15":{"loc":{"start":{"line":1068,"column":2},"end":{"line":1073,"column":null}},"type":"if","locations":[{"start":{"line":1068,"column":2},"end":{"line":1073,"column":null}},{"start":{},"end":{}}],"line":1068},"16":{"loc":{"start":{"line":1083,"column":6},"end":{"line":1083,"column":null}},"type":"cond-expr","locations":[{"start":{"line":1083,"column":26},"end":{"line":1083,"column":35}},{"start":{"line":1083,"column":35},"end":{"line":1083,"column":null}}],"line":1083},"17":{"loc":{"start":{"line":1096,"column":9},"end":{"line":1096,"column":null}},"type":"binary-expr","locations":[{"start":{"line":1096,"column":9},"end":{"line":1096,"column":32}},{"start":{"line":1096,"column":32},"end":{"line":1096,"column":null}}],"line":1096},"18":{"loc":{"start":{"line":1100,"column":2},"end":{"line":1100,"column":null}},"type":"if","locations":[{"start":{"line":1100,"column":2},"end":{"line":1100,"column":null}},{"start":{},"end":{}}],"line":1100},"19":{"loc":{"start":{"line":1106,"column":2},"end":{"line":1106,"column":null}},"type":"if","locations":[{"start":{"line":1106,"column":2},"end":{"line":1106,"column":null}},{"start":{},"end":{}}],"line":1106},"20":{"loc":{"start":{"line":1120,"column":2},"end":{"line":1120,"column":null}},"type":"if","locations":[{"start":{"line":1120,"column":2},"end":{"line":1120,"column":null}},{"start":{},"end":{}}],"line":1120},"21":{"loc":{"start":{"line":1122,"column":2},"end":{"line":1122,"column":null}},"type":"if","locations":[{"start":{"line":1122,"column":2},"end":{"line":1122,"column":null}},{"start":{},"end":{}}],"line":1122},"22":{"loc":{"start":{"line":1123,"column":9},"end":{"line":1123,"column":null}},"type":"binary-expr","locations":[{"start":{"line":1123,"column":9},"end":{"line":1123,"column":32}},{"start":{"line":1123,"column":32},"end":{"line":1123,"column":null}}],"line":1123},"23":{"loc":{"start":{"line":1129,"column":6},"end":{"line":1131,"column":null}},"type":"binary-expr","locations":[{"start":{"line":1129,"column":6},"end":{"line":1129,"column":null}},{"start":{"line":1130,"column":6},"end":{"line":1130,"column":null}},{"start":{"line":1131,"column":6},"end":{"line":1131,"column":null}}],"line":1129},"24":{"loc":{"start":{"line":1138,"column":6},"end":{"line":1138,"column":null}},"type":"binary-expr","locations":[{"start":{"line":1138,"column":6},"end":{"line":1138,"column":50}},{"start":{"line":1138,"column":50},"end":{"line":1138,"column":null}}],"line":1138},"25":{"loc":{"start":{"line":1147,"column":6},"end":{"line":1148,"column":null}},"type":"binary-expr","locations":[{"start":{"line":1147,"column":6},"end":{"line":1147,"column":null}},{"start":{"line":1148,"column":6},"end":{"line":1148,"column":null}}],"line":1147},"26":{"loc":{"start":{"line":1152,"column":69},"end":{"line":1152,"column":96}},"type":"binary-expr","locations":[{"start":{"line":1152,"column":69},"end":{"line":1152,"column":79}},{"start":{"line":1152,"column":79},"end":{"line":1152,"column":96}}],"line":1152},"27":{"loc":{"start":{"line":1156,"column":26},"end":{"line":1156,"column":93}},"type":"binary-expr","locations":[{"start":{"line":1156,"column":26},"end":{"line":1156,"column":64}},{"start":{"line":1156,"column":64},"end":{"line":1156,"column":93}}],"line":1156},"28":{"loc":{"start":{"line":1162,"column":26},"end":{"line":1162,"column":89}},"type":"binary-expr","locations":[{"start":{"line":1162,"column":26},"end":{"line":1162,"column":62}},{"start":{"line":1162,"column":62},"end":{"line":1162,"column":89}}],"line":1162},"29":{"loc":{"start":{"line":1169,"column":15},"end":{"line":1169,"column":null}},"type":"binary-expr","locations":[{"start":{"line":1169,"column":15},"end":{"line":1169,"column":56}},{"start":{"line":1169,"column":56},"end":{"line":1169,"column":null}}],"line":1169},"30":{"loc":{"start":{"line":1176,"column":26},"end":{"line":1176,"column":85}},"type":"binary-expr","locations":[{"start":{"line":1176,"column":26},"end":{"line":1176,"column":60}},{"start":{"line":1176,"column":60},"end":{"line":1176,"column":85}}],"line":1176},"31":{"loc":{"start":{"line":1181,"column":2},"end":{"line":1181,"column":null}},"type":"if","locations":[{"start":{"line":1181,"column":2},"end":{"line":1181,"column":null}},{"start":{},"end":{}}],"line":1181},"32":{"loc":{"start":{"line":1181,"column":6},"end":{"line":1181,"column":34}},"type":"binary-expr","locations":[{"start":{"line":1181,"column":6},"end":{"line":1181,"column":15}},{"start":{"line":1181,"column":15},"end":{"line":1181,"column":34}}],"line":1181},"33":{"loc":{"start":{"line":1183,"column":13},"end":{"line":1183,"column":null}},"type":"binary-expr","locations":[{"start":{"line":1183,"column":13},"end":{"line":1183,"column":51}},{"start":{"line":1183,"column":51},"end":{"line":1183,"column":null}}],"line":1183},"34":{"loc":{"start":{"line":1185,"column":2},"end":{"line":1185,"column":null}},"type":"if","locations":[{"start":{"line":1185,"column":2},"end":{"line":1185,"column":null}},{"start":{},"end":{}}],"line":1185},"35":{"loc":{"start":{"line":1186,"column":58},"end":{"line":1186,"column":86}},"type":"binary-expr","locations":[{"start":{"line":1186,"column":58},"end":{"line":1186,"column":82}},{"start":{"line":1186,"column":82},"end":{"line":1186,"column":86}}],"line":1186},"36":{"loc":{"start":{"line":1192,"column":2},"end":{"line":1192,"column":null}},"type":"if","locations":[{"start":{"line":1192,"column":2},"end":{"line":1192,"column":null}},{"start":{},"end":{}}],"line":1192},"37":{"loc":{"start":{"line":1192,"column":6},"end":{"line":1192,"column":34}},"type":"binary-expr","locations":[{"start":{"line":1192,"column":6},"end":{"line":1192,"column":15}},{"start":{"line":1192,"column":15},"end":{"line":1192,"column":34}}],"line":1192},"38":{"loc":{"start":{"line":1194,"column":13},"end":{"line":1194,"column":null}},"type":"binary-expr","locations":[{"start":{"line":1194,"column":13},"end":{"line":1194,"column":49}},{"start":{"line":1194,"column":49},"end":{"line":1194,"column":null}}],"line":1194},"39":{"loc":{"start":{"line":1196,"column":2},"end":{"line":1196,"column":null}},"type":"if","locations":[{"start":{"line":1196,"column":2},"end":{"line":1196,"column":null}},{"start":{},"end":{}}],"line":1196},"40":{"loc":{"start":{"line":1197,"column":62},"end":{"line":1197,"column":88}},"type":"binary-expr","locations":[{"start":{"line":1197,"column":62},"end":{"line":1197,"column":84}},{"start":{"line":1197,"column":84},"end":{"line":1197,"column":88}}],"line":1197},"41":{"loc":{"start":{"line":1203,"column":2},"end":{"line":1203,"column":null}},"type":"if","locations":[{"start":{"line":1203,"column":2},"end":{"line":1203,"column":null}},{"start":{},"end":{}}],"line":1203},"42":{"loc":{"start":{"line":1203,"column":6},"end":{"line":1203,"column":34}},"type":"binary-expr","locations":[{"start":{"line":1203,"column":6},"end":{"line":1203,"column":15}},{"start":{"line":1203,"column":15},"end":{"line":1203,"column":34}}],"line":1203},"43":{"loc":{"start":{"line":1205,"column":13},"end":{"line":1205,"column":null}},"type":"binary-expr","locations":[{"start":{"line":1205,"column":13},"end":{"line":1205,"column":54}},{"start":{"line":1205,"column":54},"end":{"line":1205,"column":null}}],"line":1205},"44":{"loc":{"start":{"line":1207,"column":2},"end":{"line":1207,"column":null}},"type":"if","locations":[{"start":{"line":1207,"column":2},"end":{"line":1207,"column":null}},{"start":{},"end":{}}],"line":1207},"45":{"loc":{"start":{"line":1208,"column":56},"end":{"line":1208,"column":87}},"type":"binary-expr","locations":[{"start":{"line":1208,"column":56},"end":{"line":1208,"column":83}},{"start":{"line":1208,"column":83},"end":{"line":1208,"column":87}}],"line":1208},"46":{"loc":{"start":{"line":1214,"column":2},"end":{"line":1214,"column":null}},"type":"if","locations":[{"start":{"line":1214,"column":2},"end":{"line":1214,"column":null}},{"start":{},"end":{}}],"line":1214},"47":{"loc":{"start":{"line":1214,"column":6},"end":{"line":1214,"column":34}},"type":"binary-expr","locations":[{"start":{"line":1214,"column":6},"end":{"line":1214,"column":15}},{"start":{"line":1214,"column":15},"end":{"line":1214,"column":34}}],"line":1214},"48":{"loc":{"start":{"line":1216,"column":13},"end":{"line":1216,"column":null}},"type":"binary-expr","locations":[{"start":{"line":1216,"column":13},"end":{"line":1216,"column":47}},{"start":{"line":1216,"column":47},"end":{"line":1216,"column":null}}],"line":1216},"49":{"loc":{"start":{"line":1218,"column":2},"end":{"line":1218,"column":null}},"type":"if","locations":[{"start":{"line":1218,"column":2},"end":{"line":1218,"column":null}},{"start":{},"end":{}}],"line":1218},"50":{"loc":{"start":{"line":1219,"column":59},"end":{"line":1219,"column":83}},"type":"binary-expr","locations":[{"start":{"line":1219,"column":59},"end":{"line":1219,"column":79}},{"start":{"line":1219,"column":79},"end":{"line":1219,"column":83}}],"line":1219},"51":{"loc":{"start":{"line":1225,"column":2},"end":{"line":1225,"column":null}},"type":"if","locations":[{"start":{"line":1225,"column":2},"end":{"line":1225,"column":null}},{"start":{},"end":{}}],"line":1225},"52":{"loc":{"start":{"line":1228,"column":4},"end":{"line":1228,"column":null}},"type":"if","locations":[{"start":{"line":1228,"column":4},"end":{"line":1228,"column":null}},{"start":{},"end":{}}],"line":1228},"53":{"loc":{"start":{"line":1237,"column":4},"end":{"line":1239,"column":null}},"type":"if","locations":[{"start":{"line":1237,"column":4},"end":{"line":1239,"column":null}},{"start":{},"end":{}}],"line":1237},"54":{"loc":{"start":{"line":1245,"column":2},"end":{"line":1247,"column":null}},"type":"if","locations":[{"start":{"line":1245,"column":2},"end":{"line":1247,"column":null}},{"start":{},"end":{}}],"line":1245},"55":{"loc":{"start":{"line":1248,"column":2},"end":{"line":1250,"column":null}},"type":"if","locations":[{"start":{"line":1248,"column":2},"end":{"line":1250,"column":null}},{"start":{},"end":{}}],"line":1248},"56":{"loc":{"start":{"line":1251,"column":2},"end":{"line":1253,"column":null}},"type":"if","locations":[{"start":{"line":1251,"column":2},"end":{"line":1253,"column":null}},{"start":{},"end":{}}],"line":1251},"57":{"loc":{"start":{"line":1254,"column":2},"end":{"line":1256,"column":null}},"type":"if","locations":[{"start":{"line":1254,"column":2},"end":{"line":1256,"column":null}},{"start":{},"end":{}}],"line":1254},"58":{"loc":{"start":{"line":1257,"column":2},"end":{"line":1259,"column":null}},"type":"if","locations":[{"start":{"line":1257,"column":2},"end":{"line":1259,"column":null}},{"start":{},"end":{}}],"line":1257},"59":{"loc":{"start":{"line":1260,"column":2},"end":{"line":1262,"column":null}},"type":"if","locations":[{"start":{"line":1260,"column":2},"end":{"line":1262,"column":null}},{"start":{},"end":{}}],"line":1260},"60":{"loc":{"start":{"line":1263,"column":2},"end":{"line":1265,"column":null}},"type":"if","locations":[{"start":{"line":1263,"column":2},"end":{"line":1265,"column":null}},{"start":{},"end":{}}],"line":1263},"61":{"loc":{"start":{"line":1263,"column":6},"end":{"line":1263,"column":52}},"type":"binary-expr","locations":[{"start":{"line":1263,"column":6},"end":{"line":1263,"column":30}},{"start":{"line":1263,"column":30},"end":{"line":1263,"column":52}}],"line":1263},"62":{"loc":{"start":{"line":1281,"column":2},"end":{"line":1283,"column":null}},"type":"if","locations":[{"start":{"line":1281,"column":2},"end":{"line":1283,"column":null}},{"start":{},"end":{}}],"line":1281},"63":{"loc":{"start":{"line":1303,"column":4},"end":{"line":1307,"column":null}},"type":"if","locations":[{"start":{"line":1303,"column":4},"end":{"line":1307,"column":null}},{"start":{},"end":{}}],"line":1303},"64":{"loc":{"start":{"line":1316,"column":6},"end":{"line":1330,"column":null}},"type":"if","locations":[{"start":{"line":1316,"column":6},"end":{"line":1330,"column":null}},{"start":{},"end":{}}],"line":1316},"65":{"loc":{"start":{"line":1317,"column":8},"end":{"line":1327,"column":null}},"type":"binary-expr","locations":[{"start":{"line":1317,"column":8},"end":{"line":1317,"column":null}},{"start":{"line":1318,"column":8},"end":{"line":1318,"column":null}},{"start":{"line":1319,"column":8},"end":{"line":1319,"column":null}},{"start":{"line":1320,"column":8},"end":{"line":1320,"column":null}},{"start":{"line":1321,"column":8},"end":{"line":1321,"column":null}},{"start":{"line":1322,"column":8},"end":{"line":1322,"column":null}},{"start":{"line":1323,"column":8},"end":{"line":1323,"column":null}},{"start":{"line":1324,"column":8},"end":{"line":1324,"column":null}},{"start":{"line":1325,"column":8},"end":{"line":1325,"column":null}},{"start":{"line":1326,"column":8},"end":{"line":1326,"column":null}},{"start":{"line":1327,"column":8},"end":{"line":1327,"column":null}}],"line":1317},"66":{"loc":{"start":{"line":1342,"column":2},"end":{"line":1342,"column":null}},"type":"if","locations":[{"start":{"line":1342,"column":2},"end":{"line":1342,"column":null}},{"start":{},"end":{}}],"line":1342},"67":{"loc":{"start":{"line":1344,"column":2},"end":{"line":1344,"column":null}},"type":"if","locations":[{"start":{"line":1344,"column":2},"end":{"line":1344,"column":null}},{"start":{},"end":{}}],"line":1344},"68":{"loc":{"start":{"line":1346,"column":2},"end":{"line":1346,"column":null}},"type":"if","locations":[{"start":{"line":1346,"column":2},"end":{"line":1346,"column":null}},{"start":{},"end":{}}],"line":1346},"69":{"loc":{"start":{"line":1350,"column":2},"end":{"line":1350,"column":null}},"type":"if","locations":[{"start":{"line":1350,"column":2},"end":{"line":1350,"column":null}},{"start":{},"end":{}}],"line":1350},"70":{"loc":{"start":{"line":1350,"column":6},"end":{"line":1350,"column":51}},"type":"binary-expr","locations":[{"start":{"line":1350,"column":6},"end":{"line":1350,"column":27}},{"start":{"line":1350,"column":27},"end":{"line":1350,"column":51}}],"line":1350},"71":{"loc":{"start":{"line":1351,"column":2},"end":{"line":1351,"column":null}},"type":"if","locations":[{"start":{"line":1351,"column":2},"end":{"line":1351,"column":null}},{"start":{},"end":{}}],"line":1351},"72":{"loc":{"start":{"line":1351,"column":6},"end":{"line":1351,"column":57}},"type":"binary-expr","locations":[{"start":{"line":1351,"column":6},"end":{"line":1351,"column":30}},{"start":{"line":1351,"column":30},"end":{"line":1351,"column":57}}],"line":1351},"73":{"loc":{"start":{"line":1353,"column":2},"end":{"line":1353,"column":null}},"type":"if","locations":[{"start":{"line":1353,"column":2},"end":{"line":1353,"column":null}},{"start":{},"end":{}}],"line":1353},"74":{"loc":{"start":{"line":1356,"column":14},"end":{"line":1356,"column":null}},"type":"cond-expr","locations":[{"start":{"line":1356,"column":31},"end":{"line":1356,"column":39}},{"start":{"line":1356,"column":39},"end":{"line":1356,"column":null}}],"line":1356},"75":{"loc":{"start":{"line":1358,"column":17},"end":{"line":1358,"column":null}},"type":"cond-expr","locations":[{"start":{"line":1358,"column":32},"end":{"line":1358,"column":48}},{"start":{"line":1358,"column":48},"end":{"line":1358,"column":null}}],"line":1358},"76":{"loc":{"start":{"line":1360,"column":2},"end":{"line":1360,"column":null}},"type":"if","locations":[{"start":{"line":1360,"column":2},"end":{"line":1360,"column":null}},{"start":{},"end"
[...]
94,"column":null}},"56":{"start":{"line":95,"column":8},"end":{"line":95,"column":null}},"57":{"start":{"line":95,"column":39},"end":{"line":95,"column":null}},"58":{"start":{"line":99,"column":6},"end":{"line":112,"column":null}},"59":{"start":{"line":100,"column":26},"end":{"line":100,"column":null}},"60":{"start":{"line":101,"column":8},"end":{"line":103,"column":null}},"61":{"start":{"line":102,"column":10},"end":{"line":102,"column":null}},"62":{"start":{"line":105,"column":21},"end":{"line":105,"column":null}},"63":{"start":{"line":106,"column":8},"end":{"line":106,"column":null}},"64":{"start":{"line":106,"column":19},"end":{"line":106,"column":null}},"65":{"start":{"line":108,"column":22},"end":{"line":108,"column":null}},"66":{"start":{"line":109,"column":8},"end":{"line":109,"column":null}},"67":{"start":{"line":109,"column":53},"end":{"line":109,"column":null}},"68":{"start":{"line":111,"column":8},"end":{"line":111,"column":null}},"69":{"start":{"line":115,"column":20},"end":{"line":117,"column":null}},"70":{"start":{"line":116,"column":14},"end":{"line":116,"column":null}},"71":{"start":{"line":118,"column":4},"end":{"line":121,"column":null}},"72":{"start":{"line":119,"column":6},"end":{"line":119,"column":null}},"73":{"start":{"line":120,"column":6},"end":{"line":120,"column":null}},"74":{"start":{"line":120,"column":22},"end":{"line":120,"column":null}},"75":{"start":{"line":124,"column":4},"end":{"line":137,"column":null}},"76":{"start":{"line":125,"column":24},"end":{"line":125,"column":null}},"77":{"start":{"line":126,"column":6},"end":{"line":128,"column":null}},"78":{"start":{"line":127,"column":8},"end":{"line":127,"column":null}},"79":{"start":{"line":130,"column":19},"end":{"line":130,"column":null}},"80":{"start":{"line":131,"column":6},"end":{"line":131,"column":null}},"81":{"start":{"line":131,"column":17},"end":{"line":131,"column":null}},"82":{"start":{"line":133,"column":20},"end":{"line":133,"column":null}},"83":{"start":{"line":134,"column":6},"end":{"line":134,"column":null}},"84":{"start":{"line":134,"column":51},"end":{"line":134,"column":null}},"85":{"start":{"line":136,"column":6},"end":{"line":136,"column":null}},"86":{"start":{"line":140,"column":2},"end":{"line":152,"column":null}}},"fnMap":{"0":{"name":"extractTCXPoints","decl":{"start":{"line":3,"column":16},"end":{"line":3,"column":33}},"loc":{"start":{"line":3,"column":60},"end":{"line":27,"column":null}},"line":3},"1":{"name":"parseTCXPoint","decl":{"start":{"line":29,"column":9},"end":{"line":29,"column":23}},"loc":{"start":{"line":29,"column":61},"end":{"line":153,"column":null}},"line":29},"2":{"name":"(anonymous_2)","decl":{"start":{"line":78,"column":6},"end":{"line":78,"column":7}},"loc":{"start":{"line":78,"column":14},"end":{"line":78,"column":null}},"line":78},"3":{"name":"(anonymous_3)","decl":{"start":{"line":83,"column":8},"end":{"line":83,"column":9}},"loc":{"start":{"line":83,"column":16},"end":{"line":83,"column":null}},"line":83},"4":{"name":"(anonymous_4)","decl":{"start":{"line":91,"column":8},"end":{"line":91,"column":9}},"loc":{"start":{"line":91,"column":16},"end":{"line":91,"column":null}},"line":91},"5":{"name":"(anonymous_5)","decl":{"start":{"line":116,"column":6},"end":{"line":116,"column":7}},"loc":{"start":{"line":116,"column":14},"end":{"line":116,"column":null}},"line":116}},"branchMap":{"0":{"loc":{"start":{"line":5,"column":2},"end":{"line":7,"column":null}},"type":"if","locations":[{"start":{"line":5,"column":2},"end":{"line":7,"column":null}},{"start":{},"end":{}}],"line":5},"1":{"loc":{"start":{"line":10,"column":2},"end":{"line":12,"column":null}},"type":"if","locations":[{"start":{"line":10,"column":2},"end":{"line":12,"column":null}},{"start":{},"end":{}}],"line":10},"2":{"loc":{"start":{"line":17,"column":4},"end":{"line":19,"column":null}},"type":"if","locations":[{"start":{"line":17,"column":4},"end":{"line":19,"column":null}},{"start":{},"end":{}}],"line":17},"3":{"loc":{"start":{"line":22,"column":2},"end":{"line":24,"column":null}},"type":"if","locations":[{"start":{"line":22,"column":2},"end":{"line":24,"column":null}},{"start":{},"end":{}}],"line":22},"4":{"loc":{"start":{"line":31,"column":2},"end":{"line":33,"column":null}},"type":"if","locations":[{"start":{"line":31,"column":2},"end":{"line":33,"column":null}},{"start":{},"end":{}}],"line":31},"5":{"loc":{"start":{"line":38,"column":2},"end":{"line":40,"column":null}},"type":"if","locations":[{"start":{"line":38,"column":2},"end":{"line":40,"column":null}},{"start":{},"end":{}}],"line":38},"6":{"loc":{"start":{"line":38,"column":6},"end":{"line":38,"column":28}},"type":"binary-expr","locations":[{"start":{"line":38,"column":6},"end":{"line":38,"column":18}},{"start":{"line":38,"column":18},"end":{"line":38,"column":28}}],"line":38},"7":{"loc":{"start":{"line":45,"column":2},"end":{"line":47,"column":null}},"type":"if","locations":[{"start":{"line":45,"column":2},"end":{"line":47,"column":null}},{"start":{},"end":{}}],"line":45},"8":{"loc":{"start":{"line":45,"column":6},"end":{"line":45,"column":32}},"type":"binary-expr","locations":[{"start":{"line":45,"column":6},"end":{"line":45,"column":20}},{"start":{"line":45,"column":20},"end":{"line":45,"column":32}}],"line":45},"9":{"loc":{"start":{"line":50,"column":14},"end":{"line":50,"column":null}},"type":"cond-expr","locations":[{"start":{"line":50,"column":24},"end":{"line":50,"column":46}},{"start":{"line":50,"column":46},"end":{"line":50,"column":null}}],"line":50},"10":{"loc":{"start":{"line":53,"column":15},"end":{"line":53,"column":null}},"type":"cond-expr","locations":[{"start":{"line":53,"column":26},"end":{"line":53,"column":47}},{"start":{"line":53,"column":47},"end":{"line":53,"column":null}}],"line":53},"11":{"loc":{"start":{"line":56,"column":25},"end":{"line":56,"column":null}},"type":"cond-expr","locations":[{"start":{"line":56,"column":40},"end":{"line":56,"column":67}},{"start":{"line":56,"column":67},"end":{"line":56,"column":null}}],"line":56},"12":{"loc":{"start":{"line":60,"column":2},"end":{"line":66,"column":null}},"type":"if","locations":[{"start":{"line":60,"column":2},"end":{"line":66,"column":null}},{"start":{},"end":{}}],"line":60},"13":{"loc":{"start":{"line":62,"column":4},"end":{"line":65,"column":null}},"type":"if","locations":[{"start":{"line":62,"column":4},"end":{"line":65,"column":null}},{"start":{},"end":{}}],"line":62},"14":{"loc":{"start":{"line":64,"column":6},"end":{"line":64,"column":null}},"type":"if","locations":[{"start":{"line":64,"column":6},"end":{"line":64,"column":null}},{"start":{},"end":{}}],"line":64},"15":{"loc":{"start":{"line":69,"column":14},"end":{"line":69,"column":null}},"type":"cond-expr","locations":[{"start":{"line":69,"column":24},"end":{"line":69,"column":46}},{"start":{"line":69,"column":46},"end":{"line":69,"column":null}}],"line":69},"16":{"loc":{"start":{"line":76,"column":2},"end":{"line":138,"column":null}},"type":"if","locations":[{"start":{"line":76,"column":2},"end":{"line":138,"column":null}},{"start":{},"end":{}}],"line":76},"17":{"loc":{"start":{"line":78,"column":14},"end":{"line":78,"column":null}},"type":"binary-expr","locations":[{"start":{"line":78,"column":14},"end":{"line":78,"column":40}},{"start":{"line":78,"column":40},"end":{"line":78,"column":null}}],"line":78},"18":{"loc":{"start":{"line":81,"column":4},"end":{"line":113,"column":null}},"type":"if","locations":[{"start":{"line":81,"column":4},"end":{"line":113,"column":null}},{"start":{},"end":{}}],"line":81},"19":{"loc":{"start":{"line":83,"column":16},"end":{"line":83,"column":null}},"type":"binary-expr","locations":[{"start":{"line":83,"column":16},"end":{"line":83,"column":44}},{"start":{"line":83,"column":44},"end":{"line":83,"column":null}}],"line":83},"20":{"loc":{"start":{"line":85,"column":6},"end":{"line":88,"column":null}},"type":"if","locations":[{"start":{"line":85,"column":6},"end":{"line":88,"column":null}},{"start":{},"end":{}}],"line":85},"21":{"loc":{"start":{"line":86,"column":25},"end":{"line":86,"column":48}},"type":"binary-expr","locations":[{"start":{"line":86,"column":25},"end":{"line":86,"column":46}},{"start":{"line":86,"column":46},"end":{"line":86,"column":48}}],"line":86},"22":{"loc":{"start":{"line":87,"column":8},"end":{"line":87,"column":null}},"type":"if","locations":[{"start":{"line":87,"column":8},"end":{"line":87,"column":null}},{"start":{},"end":{}}],"line":87},"23":{"loc":{"start":{"line":93,"column":6},"end":{"line":96,"column":null}},"type":"if","locations":[{"start":{"line":93,"column":6},"end":{"line":96,"column":null}},{"start":{},"end":{}}],"line":93},"24":{"loc":{"start":{"line":94,"column":27},"end":{"line":94,"column":52}},"type":"binary-expr","locations":[{"start":{"line":94,"column":27},"end":{"line":94,"column":50}},{"start":{"line":94,"column":50},"end":{"line":94,"column":52}}],"line":94},"25":{"loc":{"start":{"line":95,"column":8},"end":{"line":95,"column":null}},"type":"if","locations":[{"start":{"line":95,"column":8},"end":{"line":95,"column":null}},{"start":{},"end":{}}],"line":95},"26":{"loc":{"start":{"line":95,"column":12},"end":{"line":95,"column":39}},"type":"binary-expr","locations":[{"start":{"line":95,"column":12},"end":{"line":95,"column":28}},{"start":{"line":95,"column":28},"end":{"line":95,"column":39}}],"line":95},"27":{"loc":{"start":{"line":101,"column":8},"end":{"line":103,"column":null}},"type":"if","locations":[{"start":{"line":101,"column":8},"end":{"line":103,"column":null}},{"start":{},"end":{}}],"line":101},"28":{"loc":{"start":{"line":101,"column":12},"end":{"line":101,"column":92}},"type":"binary-expr","locations":[{"start":{"line":101,"column":12},"end":{"line":101,"column":37}},{"start":{"line":101,"column":37},"end":{"line":101,"column":69}},{"start":{"line":101,"column":69},"end":{"line":101,"column":92}}],"line":101},"29":{"loc":{"start":{"line":106,"column":8},"end":{"line":106,"column":null}},"type":"if","locations":[{"start":{"line":106,"column":8},"end":{"line":106,"column":null}},{"start":{},"end":{}}],"line":106},"30":{"loc":{"start":{"line":109,"column":8},"end":{"line":109,"column":null}},"type":"if","locations":[{"start":{"line":109,"column":8},"end":{"line":109,"column":null}},{"start":{},"end":{}}],"line":109},"31":{"loc":{"start":{"line":109,"column":12},"end":{"line":109,"column":53}},"type":"binary-expr","locations":[{"start":{"line":109,"column":12},"end":{"line":109,"column":28}},{"start":{"line":109,"column":28},"end":{"line":109,"column":53}}],"line":109},"32":{"loc":{"start":{"line":116,"column":14},"end":{"line":116,"column":null}},"type":"binary-expr","locations":[{"start":{"line":116,"column":14},"end":{"line":116,"column":42}},{"start":{"line":116,"column":42},"end":{"line":116,"column":null}}],"line":116},"33":{"loc":{"start":{"line":118,"column":4},"end":{"line":121,"column":null}},"type":"if","locations":[{"start":{"line":118,"column":4},"end":{"line":121,"column":null}},{"start":{},"end":{}}],"line":118},"34":{"loc":{"start":{"line":118,"column":8},"end":{"line":118,"column":38}},"type":"binary-expr","locations":[{"start":{"line":118,"column":8},"end":{"line":118,"column":19}},{"start":{"line":118,"column":19},"end":{"line":118,"column":38}}],"line":118},"35":{"loc":{"start":{"line":119,"column":23},"end":{"line":119,"column":48}},"type":"binary-expr","locations":[{"start":{"line":119,"column":23},"end":{"line":119,"column":46}},{"start":{"line":119,"column":46},"end":{"line":119,"column":48}}],"line":119},"36":{"loc":{"start":{"line":120,"column":6},"end":{"line":120,"column":null}},"type":"if","locations":[{"start":{"line":120,"column":6},"end":{"line":120,"column":null}},{"start":{},"end":{}}],"line":120},"37":{"loc":{"start":{"line":126,"column":6},"end":{"line":128,"column":null}},"type":"if","locations":[{"start":{"line":126,"column":6},"end":{"line":128,"column":null}},{"start":{},"end":{}}],"line":126},"38":{"loc":{"start":{"line":126,"column":10},"end":{"line":126,"column":117}},"type":"binary-expr","locations":[{"start":{"line":126,"column":10},"end":{"line":126,"column":33}},{"start":{"line":126,"column":33},"end":{"line":126,"column":62}},{"start":{"line":126,"column":62},"end":{"line":126,"column":87}},{"start":{"line":126,"column":87},"end":{"line":126,"column":117}}],"line":126},"39":{"loc":{"start":{"line":131,"column":6},"end":{"line":131,"column":null}},"type":"if","locations":[{"start":{"line":131,"column":6},"end":{"line":131,"column":null}},{"start":{},"end":{}}],"line":131},"40":{"loc":{"start":{"line":134,"column":6},"end":{"line":134,"column":null}},"type":"if","locations":[{"start":{"line":134,"column":6},"end":{"line":134,"column":null}},{"start":{},"end":{}}],"line":134},"41":{"loc":{"start":{"line":134,"column":10},"end":{"line":134,"column":51}},"type":"binary-expr","locations":[{"start":{"line":134,"column":10},"end":{"line":134,"column":26}},{"start":{"line":134,"column":26},"end":{"line":134,"column":51}}],"line":134},"42":{"loc":{"start":{"line":150,"column":20},"end":{"line":150,"column":null}},"type":"cond-expr","locations":[{"start":{"line":150,"column":77},"end":{"line":150,"column":94}},{"start":{"line":150,"column":94},"end":{"line":150,"column":null}}],"line":150},"43":{"loc":{"start":{"line":150,"column":20},"end":{"line":150,"column":77}},"type":"binary-expr","locations":[{"start":{"line":150,"column":20},"end":{"line":150,"column":52}},{"start":{"line":150,"column":52},"end":{"line":150,"column":77}}],"line":150},"44":{"loc":{"start":{"line":151,"column":22},"end":{"line":151,"column":null}},"type":"cond-expr","locations":[{"start":{"line":151,"column":65},"end":{"line":151,"column":84}},{"start":{"line":151,"column":84},"end":{"line":151,"column":null}}],"line":151}},"s":{"0":11,"1":11,"2":2,"3":9,"4":9,"5":0,"6":9,"7":9,"8":10313,"9":10313,"10":10313,"11":9,"12":0,"13":9,"14":10313,"15":10313,"16":0,"17":10313,"18":10313,"19":10313,"20":0,"21":10313,"22":10313,"23":10313,"24":0,"25":10313,"26":10313,"27":10313,"28":10313,"29":10313,"30":10313,"31":10313,"32":10313,"33":10310,"34":10310,"35":10310,"36":10310,"37":0,"38":10313,"39":10313,"40":10313,"41":10313,"42":10313,"43":10310,"44":10310,"45":10310,"46":10310,"47":20620,"48":10310,"49":10310,"50":10310,"51":0,"52":10310,"53":10310,"54":10310,"55":10310,"56":10310,"57":0,"58":10310,"59":20620,"60":20620,"61":20620,"62":0,"63":20620,"64":0,"65":0,"66":0,"67":0,"68":0,"69":10310,"70":10310,"71":10310,"72":0,"73":0,"74":0,"75":10310,"76":10310,"77":10310,"78":10310,"79":0,"80":10310,"81":0,"82":0,"83":0,"84":0,"85":0,"86":10313},"f":{"0":11,"1":10313,"2":10310,"3":20620,"4":10310,"5":10310},"b":{"0":[2,9],"1":[0,9],"2":[10313,0],"3":[0,9],"4":[0,10313],"5":[0,10313],"6":[10313,10313],"7":[0,10313],"8":[10313,10313],"9":[10311,2],"10":[10313,0],"11":[10312,1],"12":[10310,3],"13":[10310,0],"14":[0,10310],"15":[0,10313],"16":[10310,3],"17":[10310,0],"18":[10310,0],"19":[20620,10310],"20":[10310,0],"21":[10310,0],"22":[0,10310],"23":[10310,0],"24":[10310,0],"25":[0,10310],"26":[10310,10310],"27":[20620,0],"28":[20620,10310,10310],"29":[0,20620],"30":[0,0],"31":[0,0],"32":[10310,10310],"33":[0,10310],"34":[10310,0],"35":[0,0],"36":[0,0],"37":[10310,0],"38":[10310,0,0,0],"39":[0,10310],"40":[0,0],"41":[0,0],"42":[10312,1],"43":[10313,10312],"44":[0,10313]},"meta":{"lastBranch":45,"lastFunction":6,"lastStatement":87,"seen":{"f:3:16:3:33":0,"s:4:21:4:Infinity":0,"b:5:2:7:Infinity:undefined:undefined:undefined:undefined":0,"s:5:2:7:Infinity":1,"s:6:4:6:Infinity":2,"s:9:22:9:Infinity":3,"b:10:2:12:Infinity:undefined:undefined:undefined:undefined":1,"s:10:2:12:Infinity":4,"s:11:4:11:Infinity":5,"s:14:29:14:Infinity":6,"s:15:2:20:Infinity":7,"s:16:18:16:Infinity":8,"b:17:4:19:Infinity:undefined:undefined:undefined:undefined":2,"s:17:4:19:Infinity":9,"s:18:6:18:Infinity":10,"b:22:2:24:Infinity:undefined:undefined:undefined:undefined":3,"s:22:2:24:Infinity":11,"s:23:4:23:Infinity":12,"s:26:2:26:Infinity":13,"f:29:9:29:23":1,"s:30:19:30:Infinity":14,"b:31:2:33:Infinity:undefined:undefined:undefined:undefined":4,"s:31:2:33:Infinity":15,"s:32:4:32:Infinity":16,"s:35:18:35:Infinity":17,"s:36:18:36:Infinity":18,"b:38:2:40:Infinity:undefined:undefined:undefined:undefined":5,"s:38:2:40:Infinity":19,"b:38:6:38:18:38:18:38:28":6,"s:39:4:39:Infinity":20,"s:42:14:42:Infinity":21,"s:43:14:43:Infinity":22,"b:45:2:47:Infinity:undefined:undefined:undefined:undefined":7,"s:45:2:47:Infinity":23,"b:45:6:45:20:45:20:45:32":8,"s:46:4:46:Infinity":24,"s:49:18:49:Infinity":25,"s:50:14:50:Infinity":26,"b:50:24:50:46:50:46:50:Infinity":9,"s:52:19:52:Infinity":27,"s:53:15:53:Infinity":28,"b:53:26:53:47:53:47:53:Infinity":10,"s:55:23:55:Infinity":29,"s:56:25:56:Infinity":30,"b:56:40:56:67:56:67:56:Infinity":11,"s:58:16:58:Infinity":31,"b:60:2:66:Infinity:undefined:undefined:undefined:undefined":12,"s:60:2:66:Infinity":32,"s:61:20:61:Infinity":33,"b:62:4:65:Infinity:undefined:undefined:undefined:undefined":13,"s:62:4:65:Infinity":34,"s:63:6:63:Infinity":35,"b:64:6:64:Infinity:undefined:undefined:undefined:undefined":14,"s:64:6:64:Infinity":36,"s:64:21:64:Infinity":37,"s:68:18:68:Infinity":38,"s:69:14:69:Infinity":39,"b:69:24:69:46:69:46:69:Infinity":15,"s:74:51:74:Infinity":40,"s:75:21:75:Infinity":41,"b:76:2:138:Infinity:undefined:undefined:undefined:undefined":16,"s:76:2:138:Infinity":42,"s:77:16:79:Infinity":43,"f:78:6:78:7":2,"s:78:14:78:Infinity":44,"b:78:14:78:40:78:40:78:Infinity":17,"b:81:4:113:Infinity:undefined:undefined:undefined:undefined":18,"s:81:4:113:Infinity":45,"s:82:20:84:Infinity":46,"f:83:8:83:9":3,"s:83:16:83:Infinity":47,"b:83:16:83:44:83:44:83:Infinity":19,"b:85:6:88:Infinity:undefined:undefined:undefined:undefined":20,"s:85:6:88:Infinity":48,"s:86:8:86:Infinity":49,"b:86:25:86:46:86:46:86:48":21,"b:87:8:87:Infinity:undefined:undefined:undefined:undefined":22,"s:87:8:87:Infinity":50,"s:87:24:87:Infinity":51,"s:90:22:92:Infinity":52,"f:91:8:91:9":4,"s:91:16:91:Infinity":53,"b:93:6:96:Infinity:undefined:undefined:undefined:undefined":23,"s:93:6:96:Infinity":54,"s:94:8:94:Infinity":55,"b:94:27:94:50:94:50:94:52":24,"b:95:8:95:Infinity:undefined:undefined:undefined:undefined":25,"s:95:8:95:Infinity":56,"b:95:12:95:28:95:28:95:39":26,"s:95:39:95:Infinity":57,"s:99:6:112:Infinity":58,"s:100:26:100:Infinity":59,"b:101:8:103:Infinity:undefined:undefined:undefined:undefined":27,"s:101:8:103:Infinity":60,"b:101:12:101:37:101:37:101:69:101:69:101:92":28,"s:102:10:102:Infinity":61,"s:105:21:105:Infinity":62,"b:106:8:106:Infinity:undefined:undefined:undefined:undefined":29,"s:106:8:106:Infinity":63,"s:106:19:106:Infinity":64,"s:108:22:108:Infinity":65,"b:109:8:109:Infinity:undefined:undefined:undefined:undefined":30,"s:109:8:109:Infinity":66,"b:109:12:109:28:109:28:109:53":31,"s:109:53:109:Infinity":67,"s:111:8:111:Infinity":68,"s:115:20:117:Infinity":69,"f:116:6:116:7":5,"s:116:14:116:Infinity":70,"b:116:14:116:42:116:42:116:Infinity":32,"b:118:4:121:Infinity:undefined:undefined:undefined:undefined":33,"s:118:4:121:Infinity":71,"b:118:8:118:19:118:19:118:38":34,"s:119:6:119:Infinity":72,"b:119:23:119:46:119:46:119:48":35,"b:120:6:120:Infinity:undefined:undefined:undefined:undefined":36,"s:120:6:120:Infinity":73,"s:120:22:120:Infinity":74,"s:124:4:137:Infinity":75,"s:125:24:125:Infinity":76,"b:126:6:128:Infinity:undefined:undefined:undefined:undefined":37,"s:126:6:128:Infinity":77,"b:126:10:126:33:126:33:126:62:126:62:126:87:126:87:126:117":38,"s:127:8:127:Infinity":78,"s:130:19:130:Infinity":79,"b:131:6:131:Infinity:undefined:undefined:undefined:undefined":39,"s:131:6:131:Infinity":80,"s:131:17:131:Infinity":81,"s:133:20:133:Infinity":82,"b:134:6:134:Infinity:undefined:undefined:undefined:undefined":40,"s:134:6:134:Infinity":83,"b:134:10:134:26:134:26:134:51":41,"s:134:51:134:Infinity":84,"s:136:6:136:Infinity":85,"s:140:2:152:Infinity":86,"b:150:77:150:94:150:94:150:Infinity":42,"b:150:20:150:52:150:52:150:77":43,"b:151:65:151:84:151:84:151:Infinity":44}}}
}
